#
# There is insufficient memory for the Java Runtime Environment to continue.
# Native memory allocation (malloc) failed to allocate 2341168 bytes. Error detail: Chunk::new
# Possible reasons:
#   The system is out of physical RAM or swap space
#   This process is running with CompressedOops enabled, and the Java Heap may be blocking the growth of the native heap
# Possible solutions:
#   Reduce memory load on the system
#   Increase physical memory or swap space
#   Check if swap backing store is full
#   Decrease Java heap size (-Xmx/-Xms)
#   Decrease number of Java threads
#   Decrease Java thread stack sizes (-Xss)
#   Set larger code cache with -XX:ReservedCodeCacheSize=
#   JVM is running with Unscaled Compressed Oops mode in which the Java heap is
#     placed in the first 4GB address space. The Java Heap base address is the
#     maximum limit for the native heap growth. Please use -XX:HeapBaseMinAddress
#     to set the Java Heap base and to place the Java Heap above 4GB virtual address.
# This output file may be truncated or incomplete.
#
#  Out of Memory Error (arena.cpp:191), pid=21364, tid=10864
#
# JRE version: OpenJDK Runtime Environment Microsoft-13106358 (17.0.18+8) (build 17.0.18+8-LTS)
# Java VM: OpenJDK 64-Bit Server VM Microsoft-13106358 (17.0.18+8-LTS, mixed mode, sharing, tiered, compressed oops, compressed class ptrs, g1 gc, windows-amd64)
# No core dump will be written. Minidumps are not enabled by default on client versions of Windows
#

---------------  S U M M A R Y ------------

Command Line: org.jetbrains.kotlin.cli.jvm.K2JVMCompiler @D:\sybrid\TaskManagementApp\node_modules\react-native-screens\android\build\20260507_1198216204011293730.compiler.options

Host: 12th Gen Intel(R) Core(TM) i5-1235U, 12 cores, 7G,  Windows 11 , 64 bit Build 26100 (10.0.26100.8246)
Time: Thu May  7 18:10:40 2026 Pakistan Standard Time elapsed time: 19.694986 seconds (0d 0h 0m 19s)

---------------  T H R E A D  ---------------

Current thread (0x0000029e5c5e92a0):  JavaThread "C2 CompilerThread0" daemon [_thread_in_native, id=10864, stack(0x000000ed9b800000,0x000000ed9b900000)]


Current CompileTask:
C2:19695 9284       4       org.jetbrains.org.objectweb.asm.ClassReader::accept (1401 bytes)

Stack: [0x000000ed9b800000,0x000000ed9b900000]
Native frames: (J=compiled Java code, j=interpreted, Vv=VM code, C=native code)
V  [jvm.dll+0x68c879]  (no source info available)
V  [jvm.dll+0x845979]  (no source info available)
V  [jvm.dll+0x8476e8]  (no source info available)
V  [jvm.dll+0x847d73]  (no source info available)
V  [jvm.dll+0x24cf6f]  (no source info available)
V  [jvm.dll+0xaecb6]  (no source info available)
V  [jvm.dll+0xaf35c]  (no source info available)
V  [jvm.dll+0x37174e]  (no source info available)
V  [jvm.dll+0x33b985]  (no source info available)
V  [jvm.dll+0x33adea]  (no source info available)
V  [jvm.dll+0x21df29]  (no source info available)
V  [jvm.dll+0x21d36d]  (no source info available)
V  [jvm.dll+0x1a8ce6]  (no source info available)
V  [jvm.dll+0x22db1b]  (no source info available)
V  [jvm.dll+0x22bca6]  (no source info available)
V  [jvm.dll+0x7fbabb]  (no source info available)
V  [jvm.dll+0x7f5ebc]  (no source info available)
V  [jvm.dll+0x68de17]  (no source info available)
C  [ucrtbase.dll+0x37b0]  (no source info available)
C  [KERNEL32.DLL+0x2e8d7]  (no source info available)
C  [ntdll.dll+0x8c3fc]  (no source info available)


---------------  P R O C E S S  ---------------

Threads class SMR info:
_java_thread_list=0x0000029ea34e84b0, length=14, elements={
0x0000029e3bb0e5a0, 0x0000029e5c5ca120, 0x0000029e5c5cb650, 0x0000029e5c5e47b0,
0x0000029e5c5e7180, 0x0000029e5c5e7b40, 0x0000029e5c5e8500, 0x0000029e5c5e92a0,
0x0000029e5c5ecb10, 0x0000029e5c660020, 0x0000029e5c725a80, 0x0000029e5c73e660,
0x0000029e5c9699e0, 0x0000029ea5fde590
}

Java Threads: ( => current thread )
  0x0000029e3bb0e5a0 JavaThread "main" [_thread_in_Java, id=16756, stack(0x000000ed9ab00000,0x000000ed9ac00000)]
  0x0000029e5c5ca120 JavaThread "Reference Handler" daemon [_thread_blocked, id=3008, stack(0x000000ed9b200000,0x000000ed9b300000)]
  0x0000029e5c5cb650 JavaThread "Finalizer" daemon [_thread_blocked, id=15440, stack(0x000000ed9b300000,0x000000ed9b400000)]
  0x0000029e5c5e47b0 JavaThread "Signal Dispatcher" daemon [_thread_blocked, id=24424, stack(0x000000ed9b400000,0x000000ed9b500000)]
  0x0000029e5c5e7180 JavaThread "Attach Listener" daemon [_thread_blocked, id=16820, stack(0x000000ed9b500000,0x000000ed9b600000)]
  0x0000029e5c5e7b40 JavaThread "Service Thread" daemon [_thread_blocked, id=20264, stack(0x000000ed9b600000,0x000000ed9b700000)]
  0x0000029e5c5e8500 JavaThread "Monitor Deflation Thread" daemon [_thread_blocked, id=1296, stack(0x000000ed9b700000,0x000000ed9b800000)]
=>0x0000029e5c5e92a0 JavaThread "C2 CompilerThread0" daemon [_thread_in_native, id=10864, stack(0x000000ed9b800000,0x000000ed9b900000)]
  0x0000029e5c5ecb10 JavaThread "C1 CompilerThread0" daemon [_thread_blocked, id=9528, stack(0x000000ed9b900000,0x000000ed9ba00000)]
  0x0000029e5c660020 JavaThread "Sweeper thread" daemon [_thread_blocked, id=16320, stack(0x000000ed9ba00000,0x000000ed9bb00000)]
  0x0000029e5c725a80 JavaThread "Notification Thread" daemon [_thread_blocked, id=2304, stack(0x000000ed9bb00000,0x000000ed9bc00000)]
  0x0000029e5c73e660 JavaThread "Common-Cleaner" daemon [_thread_blocked, id=19472, stack(0x000000ed9bd00000,0x000000ed9be00000)]
  0x0000029e5c9699e0 JavaThread "C2 CompilerThread1" daemon [_thread_blocked, id=21524, stack(0x000000ed9c900000,0x000000ed9ca00000)]
  0x0000029ea5fde590 JavaThread "C2 CompilerThread2" daemon [_thread_in_native, id=9348, stack(0x000000ed9ca00000,0x000000ed9cb00000)]

Other Threads:
  0x0000029e5c5c39c0 VMThread "VM Thread" [stack: 0x000000ed9b100000,0x000000ed9b200000] [id=23132]
  0x0000029e5c727f70 WatcherThread [stack: 0x000000ed9bc00000,0x000000ed9bd00000] [id=13744]
  0x0000029e3dfa4b60 GCTaskThread "GC Thread#0" [stack: 0x000000ed9ac00000,0x000000ed9ad00000] [id=4308]
  0x0000029ea2252150 GCTaskThread "GC Thread#1" [stack: 0x000000ed9be00000,0x000000ed9bf00000] [id=12468]
  0x0000029ea21fe280 GCTaskThread "GC Thread#2" [stack: 0x000000ed9bf00000,0x000000ed9c000000] [id=20344]
  0x0000029ea2281040 GCTaskThread "GC Thread#3" [stack: 0x000000ed9c000000,0x000000ed9c100000] [id=8436]
  0x0000029ea2280500 GCTaskThread "GC Thread#4" [stack: 0x000000ed9c100000,0x000000ed9c200000] [id=23304]
  0x0000029ea22807d0 GCTaskThread "GC Thread#5" [stack: 0x000000ed9c200000,0x000000ed9c300000] [id=23376]
  0x0000029ea22815e0 GCTaskThread "GC Thread#6" [stack: 0x000000ed9c400000,0x000000ed9c500000] [id=22828]
  0x0000029ea2280aa0 GCTaskThread "GC Thread#7" [stack: 0x000000ed9c500000,0x000000ed9c600000] [id=2108]
  0x0000029ea2281310 GCTaskThread "GC Thread#8" [stack: 0x000000ed9c600000,0x000000ed9c700000] [id=9488]
  0x0000029ea31b5090 GCTaskThread "GC Thread#9" [stack: 0x000000ed9c300000,0x000000ed9c400000] [id=14984]
  0x0000029e3dfb5240 ConcurrentGCThread "G1 Main Marker" [stack: 0x000000ed9ad00000,0x000000ed9ae00000] [id=21720]
  0x0000029e3dfb7b70 ConcurrentGCThread "G1 Conc#0" [stack: 0x000000ed9ae00000,0x000000ed9af00000] [id=16508]
  0x0000029ea31b5630 ConcurrentGCThread "G1 Conc#1" [stack: 0x000000ed9c700000,0x000000ed9c800000] [id=7324]
  0x0000029ea31b6440 ConcurrentGCThread "G1 Conc#2" [stack: 0x000000ed9c800000,0x000000ed9c900000] [id=7280]
  0x0000029e3dffe8d0 ConcurrentGCThread "G1 Refine#0" [stack: 0x000000ed9af00000,0x000000ed9b000000] [id=6368]
  0x0000029e5c46cb00 ConcurrentGCThread "G1 Service" [stack: 0x000000ed9b000000,0x000000ed9b100000] [id=13244]

Threads with active compile tasks:
C2 CompilerThread0  19741 9284       4       org.jetbrains.org.objectweb.asm.ClassReader::accept (1401 bytes)
C2 CompilerThread2  19741 9362       4       org.jetbrains.kotlin.fir.resolve.calls.tower.FirBaseTowerResolveTask::access$processLevel (12 bytes)

VM state: not at safepoint (normal execution)

VM Mutex/Monitor currently owned by a thread: None

Heap address: 0x0000000084400000, size: 1980 MB, Compressed Oops mode: 32-bit

CDS archive(s) mapped at: [0x0000029e5d000000-0x0000029e5dbb0000-0x0000029e5dbb0000), size 12255232, SharedBaseAddress: 0x0000029e5d000000, ArchiveRelocationMode: 1.
Compressed class space mapped at: 0x0000029e5e000000-0x0000029e9e000000, reserved size: 1073741824
Narrow klass base: 0x0000029e5d000000, Narrow klass shift: 0, Narrow klass range: 0x100000000

GC Precious Log:
 CPUs: 12 total, 12 available
 Memory: 7916M
 Large Page Support: Disabled
 NUMA Support: Disabled
 Compressed Oops: Enabled (32-bit)
 Heap Region Size: 1M
 Heap Min Capacity: 8M
 Heap Initial Capacity: 124M
 Heap Max Capacity: 1980M
 Pre-touch: Disabled
 Parallel Workers: 10
 Concurrent Workers: 3
 Concurrent Refinement Workers: 10
 Periodic GC: Disabled

Heap:
 garbage-first heap   total 156672K, used 95885K [0x0000000084400000, 0x0000000100000000)
  region size 1024K, 24 young (24576K), 3 survivors (3072K)
 Metaspace       used 54597K, committed 54912K, reserved 1114112K
  class space    used 6173K, committed 6336K, reserved 1048576K

Heap Regions: E=young(eden), S=young(survivor), O=old, HS=humongous(starts), HC=humongous(continues), CS=collection set, F=free, OA=open archive, CA=closed archive, TAMS=top-at-mark-start (previous, next)
|   0|0x0000000084400000, 0x0000000084500000, 0x0000000084500000|100%|HS|  |TAMS 0x0000000084500000, 0x0000000084400000| Complete 
|   1|0x0000000084500000, 0x0000000084600000, 0x0000000084600000|100%|HC|  |TAMS 0x0000000084600000, 0x0000000084500000| Complete 
|   2|0x0000000084600000, 0x0000000084700000, 0x0000000084700000|100%|HC|  |TAMS 0x0000000084700000, 0x0000000084600000| Complete 
|   3|0x0000000084700000, 0x0000000084800000, 0x0000000084800000|100%| O|  |TAMS 0x0000000084800000, 0x0000000084700000| Untracked 
|   4|0x0000000084800000, 0x0000000084900000, 0x0000000084900000|100%| O|  |TAMS 0x0000000084900000, 0x0000000084800000| Untracked 
|   5|0x0000000084900000, 0x0000000084a00000, 0x0000000084a00000|100%| O|  |TAMS 0x0000000084a00000, 0x0000000084900000| Untracked 
|   6|0x0000000084a00000, 0x0000000084b00000, 0x0000000084b00000|100%| O|  |TAMS 0x0000000084b00000, 0x0000000084a00000| Untracked 
|   7|0x0000000084b00000, 0x0000000084c00000, 0x0000000084c00000|100%| O|  |TAMS 0x0000000084c00000, 0x0000000084b00000| Untracked 
|   8|0x0000000084c00000, 0x0000000084d00000, 0x0000000084d00000|100%| O|  |TAMS 0x0000000084d00000, 0x0000000084c00000| Untracked 
|   9|0x0000000084d00000, 0x0000000084e00000, 0x0000000084e00000|100%| O|  |TAMS 0x0000000084e00000, 0x0000000084d00000| Untracked 
|  10|0x0000000084e00000, 0x0000000084f00000, 0x0000000084f00000|100%| O|  |TAMS 0x0000000084f00000, 0x0000000084e00000| Untracked 
|  11|0x0000000084f00000, 0x0000000085000000, 0x0000000085000000|100%| O|  |TAMS 0x0000000085000000, 0x0000000084f00000| Untracked 
|  12|0x0000000085000000, 0x0000000085100000, 0x0000000085100000|100%| O|  |TAMS 0x0000000085100000, 0x0000000085000000| Untracked 
|  13|0x0000000085100000, 0x0000000085200000, 0x0000000085200000|100%| O|  |TAMS 0x0000000085200000, 0x0000000085100000| Untracked 
|  14|0x0000000085200000, 0x0000000085300000, 0x0000000085300000|100%| O|  |TAMS 0x0000000085300000, 0x0000000085200000| Untracked 
|  15|0x0000000085300000, 0x0000000085400000, 0x0000000085400000|100%| O|  |TAMS 0x0000000085400000, 0x0000000085300000| Untracked 
|  16|0x0000000085400000, 0x0000000085500000, 0x0000000085500000|100%| O|  |TAMS 0x0000000085500000, 0x0000000085400000| Untracked 
|  17|0x0000000085500000, 0x0000000085600000, 0x0000000085600000|100%| O|  |TAMS 0x0000000085600000, 0x0000000085500000| Untracked 
|  18|0x0000000085600000, 0x0000000085700000, 0x0000000085700000|100%| O|  |TAMS 0x0000000085700000, 0x0000000085600000| Untracked 
|  19|0x0000000085700000, 0x0000000085800000, 0x0000000085800000|100%| O|  |TAMS 0x0000000085800000, 0x0000000085700000| Untracked 
|  20|0x0000000085800000, 0x0000000085900000, 0x0000000085900000|100%| O|  |TAMS 0x0000000085900000, 0x0000000085800000| Untracked 
|  21|0x0000000085900000, 0x0000000085a00000, 0x0000000085a00000|100%| O|  |TAMS 0x0000000085a00000, 0x0000000085900000| Untracked 
|  22|0x0000000085a00000, 0x0000000085b00000, 0x0000000085b00000|100%| O|  |TAMS 0x0000000085b00000, 0x0000000085a00000| Untracked 
|  23|0x0000000085b00000, 0x0000000085c00000, 0x0000000085c00000|100%| O|  |TAMS 0x0000000085c00000, 0x0000000085b00000| Untracked 
|  24|0x0000000085c00000, 0x0000000085d00000, 0x0000000085d00000|100%| O|  |TAMS 0x0000000085d00000, 0x0000000085c00000| Untracked 
|  25|0x0000000085d00000, 0x0000000085e00000, 0x0000000085e00000|100%| O|  |TAMS 0x0000000085e00000, 0x0000000085d00000| Untracked 
|  26|0x0000000085e00000, 0x0000000085f00000, 0x0000000085f00000|100%| O|  |TAMS 0x0000000085f00000, 0x0000000085e00000| Untracked 
|  27|0x0000000085f00000, 0x0000000086000000, 0x0000000086000000|100%| O|  |TAMS 0x0000000086000000, 0x0000000085f00000| Untracked 
|  28|0x0000000086000000, 0x0000000086100000, 0x0000000086100000|100%| O|  |TAMS 0x0000000086100000, 0x0000000086000000| Untracked 
|  29|0x0000000086100000, 0x0000000086200000, 0x0000000086200000|100%| O|  |TAMS 0x0000000086200000, 0x0000000086100000| Untracked 
|  30|0x0000000086200000, 0x0000000086300000, 0x0000000086300000|100%| O|  |TAMS 0x0000000086300000, 0x0000000086200000| Untracked 
|  31|0x0000000086300000, 0x0000000086400000, 0x0000000086400000|100%| O|  |TAMS 0x0000000086400000, 0x0000000086300000| Untracked 
|  32|0x0000000086400000, 0x0000000086500000, 0x0000000086500000|100%| O|  |TAMS 0x0000000086500000, 0x0000000086400000| Untracked 
|  33|0x0000000086500000, 0x0000000086600000, 0x0000000086600000|100%| O|  |TAMS 0x0000000086600000, 0x0000000086500000| Untracked 
|  34|0x0000000086600000, 0x0000000086700000, 0x0000000086700000|100%| O|  |TAMS 0x0000000086700000, 0x0000000086600000| Untracked 
|  35|0x0000000086700000, 0x0000000086800000, 0x0000000086800000|100%| O|  |TAMS 0x0000000086800000, 0x0000000086700000| Untracked 
|  36|0x0000000086800000, 0x0000000086900000, 0x0000000086900000|100%| O|  |TAMS 0x0000000086900000, 0x0000000086800000| Untracked 
|  37|0x0000000086900000, 0x0000000086a00000, 0x0000000086a00000|100%| O|  |TAMS 0x0000000086a00000, 0x0000000086900000| Untracked 
|  38|0x0000000086a00000, 0x0000000086b00000, 0x0000000086b00000|100%| O|  |TAMS 0x0000000086b00000, 0x0000000086a00000| Untracked 
|  39|0x0000000086b00000, 0x0000000086c00000, 0x0000000086c00000|100%| O|  |TAMS 0x0000000086c00000, 0x0000000086b00000| Untracked 
|  40|0x0000000086c00000, 0x0000000086d00000, 0x0000000086d00000|100%| O|  |TAMS 0x0000000086d00000, 0x0000000086c00000| Untracked 
|  41|0x0000000086d00000, 0x0000000086e00000, 0x0000000086e00000|100%| O|  |TAMS 0x0000000086e00000, 0x0000000086d00000| Complete 
|  42|0x0000000086e00000, 0x0000000086e00000, 0x0000000086f00000|  0%| F|  |TAMS 0x0000000086e00000, 0x0000000086e00000| Untracked 
|  43|0x0000000086f00000, 0x0000000087000000, 0x0000000087000000|100%| O|  |TAMS 0x0000000087000000, 0x0000000086f00000| Untracked 
|  44|0x0000000087000000, 0x0000000087100000, 0x0000000087100000|100%| O|  |TAMS 0x0000000087100000, 0x0000000087000000| Untracked 
|  45|0x0000000087100000, 0x0000000087200000, 0x0000000087200000|100%| O|  |TAMS 0x0000000087200000, 0x0000000087100000| Untracked 
|  46|0x0000000087200000, 0x0000000087300000, 0x0000000087300000|100%| O|  |TAMS 0x0000000087300000, 0x0000000087200000| Untracked 
|  47|0x0000000087300000, 0x0000000087400000, 0x0000000087400000|100%| O|  |TAMS 0x0000000087400000, 0x0000000087300000| Untracked 
|  48|0x0000000087400000, 0x0000000087500000, 0x0000000087500000|100%| O|  |TAMS 0x0000000087500000, 0x0000000087400000| Untracked 
|  49|0x0000000087500000, 0x0000000087600000, 0x0000000087600000|100%| O|  |TAMS 0x0000000087600000, 0x0000000087500000| Untracked 
|  50|0x0000000087600000, 0x0000000087700000, 0x0000000087700000|100%| O|  |TAMS 0x0000000087700000, 0x0000000087600000| Untracked 
|  51|0x0000000087700000, 0x0000000087800000, 0x0000000087800000|100%| O|  |TAMS 0x0000000087800000, 0x0000000087700000| Untracked 
|  52|0x0000000087800000, 0x0000000087900000, 0x0000000087900000|100%| O|  |TAMS 0x0000000087900000, 0x0000000087800000| Untracked 
|  53|0x0000000087900000, 0x0000000087a00000, 0x0000000087a00000|100%| O|  |TAMS 0x0000000087a00000, 0x0000000087900000| Untracked 
|  54|0x0000000087a00000, 0x0000000087b00000, 0x0000000087b00000|100%| O|  |TAMS 0x0000000087b00000, 0x0000000087a00000| Untracked 
|  55|0x0000000087b00000, 0x0000000087c00000, 0x0000000087c00000|100%| O|  |TAMS 0x0000000087c00000, 0x0000000087b00000| Untracked 
|  56|0x0000000087c00000, 0x0000000087d00000, 0x0000000087d00000|100%| O|  |TAMS 0x0000000087d00000, 0x0000000087c00000| Untracked 
|  57|0x0000000087d00000, 0x0000000087e00000, 0x0000000087e00000|100%| O|  |TAMS 0x0000000087e00000, 0x0000000087d00000| Untracked 
|  58|0x0000000087e00000, 0x0000000087f00000, 0x0000000087f00000|100%| O|  |TAMS 0x0000000087f00000, 0x0000000087e00000| Untracked 
|  59|0x0000000087f00000, 0x0000000088000000, 0x0000000088000000|100%| O|  |TAMS 0x0000000088000000, 0x0000000087f00000| Untracked 
|  60|0x0000000088000000, 0x0000000088100000, 0x0000000088100000|100%| O|  |TAMS 0x0000000088100000, 0x0000000088000000| Untracked 
|  61|0x0000000088100000, 0x0000000088200000, 0x0000000088200000|100%| O|  |TAMS 0x0000000088200000, 0x0000000088100000| Untracked 
|  62|0x0000000088200000, 0x0000000088300000, 0x0000000088300000|100%| O|  |TAMS 0x0000000088300000, 0x0000000088200000| Untracked 
|  63|0x0000000088300000, 0x0000000088400000, 0x0000000088400000|100%| O|  |TAMS 0x0000000088400000, 0x0000000088300000| Untracked 
|  64|0x0000000088400000, 0x0000000088500000, 0x0000000088500000|100%| O|  |TAMS 0x0000000088500000, 0x0000000088400000| Untracked 
|  65|0x0000000088500000, 0x0000000088600000, 0x0000000088600000|100%| O|  |TAMS 0x0000000088600000, 0x0000000088500000| Untracked 
|  66|0x0000000088600000, 0x0000000088700000, 0x0000000088700000|100%| O|  |TAMS 0x0000000088700000, 0x0000000088600000| Untracked 
|  67|0x0000000088700000, 0x0000000088800000, 0x0000000088800000|100%| O|  |TAMS 0x0000000088763a00, 0x0000000088700000| Untracked 
|  68|0x0000000088800000, 0x0000000088900000, 0x0000000088900000|100%| O|  |TAMS 0x0000000088800000, 0x0000000088800000| Untracked 
|  69|0x0000000088900000, 0x0000000088a00000, 0x0000000088a00000|100%| O|  |TAMS 0x0000000088900000, 0x0000000088900000| Untracked 
|  70|0x0000000088a00000, 0x0000000088b00000, 0x0000000088b00000|100%| O|  |TAMS 0x0000000088a00000, 0x0000000088a00000| Untracked 
|  71|0x0000000088b00000, 0x0000000088ba3400, 0x0000000088c00000| 63%| O|  |TAMS 0x0000000088b00000, 0x0000000088b00000| Untracked 
|  72|0x0000000088c00000, 0x0000000088c00000, 0x0000000088d00000|  0%| F|  |TAMS 0x0000000088c00000, 0x0000000088c00000| Untracked 
|  73|0x0000000088d00000, 0x0000000088d00000, 0x0000000088e00000|  0%| F|  |TAMS 0x0000000088d00000, 0x0000000088d00000| Untracked 
|  74|0x0000000088e00000, 0x0000000088e00000, 0x0000000088f00000|  0%| F|  |TAMS 0x0000000088e00000, 0x0000000088e00000| Untracked 
|  75|0x0000000088f00000, 0x0000000088f00000, 0x0000000089000000|  0%| F|  |TAMS 0x0000000088f00000, 0x0000000088f00000| Untracked 
|  76|0x0000000089000000, 0x0000000089000000, 0x0000000089100000|  0%| F|  |TAMS 0x0000000089000000, 0x0000000089000000| Untracked 
|  77|0x0000000089100000, 0x0000000089100000, 0x0000000089200000|  0%| F|  |TAMS 0x0000000089100000, 0x0000000089100000| Untracked 
|  78|0x0000000089200000, 0x0000000089200000, 0x0000000089300000|  0%| F|  |TAMS 0x0000000089200000, 0x0000000089200000| Untracked 
|  79|0x0000000089300000, 0x0000000089300000, 0x0000000089400000|  0%| F|  |TAMS 0x0000000089300000, 0x0000000089300000| Untracked 
|  80|0x0000000089400000, 0x0000000089400000, 0x0000000089500000|  0%| F|  |TAMS 0x0000000089400000, 0x0000000089400000| Untracked 
|  81|0x0000000089500000, 0x0000000089500000, 0x0000000089600000|  0%| F|  |TAMS 0x0000000089500000, 0x0000000089500000| Untracked 
|  82|0x0000000089600000, 0x0000000089600000, 0x0000000089700000|  0%| F|  |TAMS 0x0000000089600000, 0x0000000089600000| Untracked 
|  83|0x0000000089700000, 0x0000000089700000, 0x0000000089800000|  0%| F|  |TAMS 0x0000000089700000, 0x0000000089700000| Untracked 
|  84|0x0000000089800000, 0x0000000089800000, 0x0000000089900000|  0%| F|  |TAMS 0x0000000089800000, 0x0000000089800000| Untracked 
|  85|0x0000000089900000, 0x0000000089900000, 0x0000000089a00000|  0%| F|  |TAMS 0x0000000089900000, 0x0000000089900000| Untracked 
|  86|0x0000000089a00000, 0x0000000089a00000, 0x0000000089b00000|  0%| F|  |TAMS 0x0000000089a00000, 0x0000000089a00000| Untracked 
|  87|0x0000000089b00000, 0x0000000089b00000, 0x0000000089c00000|  0%| F|  |TAMS 0x0000000089b00000, 0x0000000089b00000| Untracked 
|  88|0x0000000089c00000, 0x0000000089d00000, 0x0000000089d00000|100%| S|CS|TAMS 0x0000000089c00000, 0x0000000089c00000| Complete 
|  89|0x0000000089d00000, 0x0000000089e00000, 0x0000000089e00000|100%| S|CS|TAMS 0x0000000089d00000, 0x0000000089d00000| Complete 
|  90|0x0000000089e00000, 0x0000000089f00000, 0x0000000089f00000|100%| S|CS|TAMS 0x0000000089e00000, 0x0000000089e00000| Complete 
|  91|0x0000000089f00000, 0x0000000089f00000, 0x000000008a000000|  0%| F|  |TAMS 0x0000000089f00000, 0x0000000089f00000| Untracked 
|  92|0x000000008a000000, 0x000000008a000000, 0x000000008a100000|  0%| F|  |TAMS 0x000000008a000000, 0x000000008a000000| Untracked 
|  93|0x000000008a100000, 0x000000008a100000, 0x000000008a200000|  0%| F|  |TAMS 0x000000008a100000, 0x000000008a100000| Untracked 
|  94|0x000000008a200000, 0x000000008a200000, 0x000000008a300000|  0%| F|  |TAMS 0x000000008a200000, 0x000000008a200000| Untracked 
|  95|0x000000008a300000, 0x000000008a300000, 0x000000008a400000|  0%| F|  |TAMS 0x000000008a300000, 0x000000008a300000| Untracked 
|  96|0x000000008a400000, 0x000000008a400000, 0x000000008a500000|  0%| F|  |TAMS 0x000000008a400000, 0x000000008a400000| Untracked 
|  97|0x000000008a500000, 0x000000008a500000, 0x000000008a600000|  0%| F|  |TAMS 0x000000008a500000, 0x000000008a500000| Untracked 
|  98|0x000000008a600000, 0x000000008a600000, 0x000000008a700000|  0%| F|  |TAMS 0x000000008a600000, 0x000000008a600000| Untracked 
|  99|0x000000008a700000, 0x000000008a700000, 0x000000008a800000|  0%| F|  |TAMS 0x000000008a700000, 0x000000008a700000| Untracked 
| 100|0x000000008a800000, 0x000000008a800000, 0x000000008a900000|  0%| F|  |TAMS 0x000000008a800000, 0x000000008a800000| Untracked 
| 101|0x000000008a900000, 0x000000008a900000, 0x000000008aa00000|  0%| F|  |TAMS 0x000000008a900000, 0x000000008a900000| Untracked 
| 102|0x000000008aa00000, 0x000000008aa00000, 0x000000008ab00000|  0%| F|  |TAMS 0x000000008aa00000, 0x000000008aa00000| Untracked 
| 103|0x000000008ab00000, 0x000000008ab00000, 0x000000008ac00000|  0%| F|  |TAMS 0x000000008ab00000, 0x000000008ab00000| Untracked 
| 104|0x000000008ac00000, 0x000000008ac00000, 0x000000008ad00000|  0%| F|  |TAMS 0x000000008ac00000, 0x000000008ac00000| Untracked 
| 105|0x000000008ad00000, 0x000000008ad00000, 0x000000008ae00000|  0%| F|  |TAMS 0x000000008ad00000, 0x000000008ad00000| Untracked 
| 106|0x000000008ae00000, 0x000000008ae00000, 0x000000008af00000|  0%| F|  |TAMS 0x000000008ae00000, 0x000000008ae00000| Untracked 
| 107|0x000000008af00000, 0x000000008af00000, 0x000000008b000000|  0%| F|  |TAMS 0x000000008af00000, 0x000000008af00000| Untracked 
| 108|0x000000008b000000, 0x000000008b000000, 0x000000008b100000|  0%| F|  |TAMS 0x000000008b000000, 0x000000008b000000| Untracked 
| 109|0x000000008b100000, 0x000000008b100000, 0x000000008b200000|  0%| F|  |TAMS 0x000000008b100000, 0x000000008b100000| Untracked 
| 110|0x000000008b200000, 0x000000008b200000, 0x000000008b300000|  0%| F|  |TAMS 0x000000008b200000, 0x000000008b200000| Untracked 
| 111|0x000000008b300000, 0x000000008b300000, 0x000000008b400000|  0%| F|  |TAMS 0x000000008b300000, 0x000000008b300000| Untracked 
| 112|0x000000008b400000, 0x000000008b400000, 0x000000008b500000|  0%| F|  |TAMS 0x000000008b400000, 0x000000008b400000| Untracked 
| 113|0x000000008b500000, 0x000000008b500000, 0x000000008b600000|  0%| F|  |TAMS 0x000000008b500000, 0x000000008b500000| Untracked 
| 114|0x000000008b600000, 0x000000008b600000, 0x000000008b700000|  0%| F|  |TAMS 0x000000008b600000, 0x000000008b600000| Untracked 
| 115|0x000000008b700000, 0x000000008b700000, 0x000000008b800000|  0%| F|  |TAMS 0x000000008b700000, 0x000000008b700000| Untracked 
| 116|0x000000008b800000, 0x000000008b800000, 0x000000008b900000|  0%| F|  |TAMS 0x000000008b800000, 0x000000008b800000| Untracked 
| 117|0x000000008b900000, 0x000000008b900000, 0x000000008ba00000|  0%| F|  |TAMS 0x000000008b900000, 0x000000008b900000| Untracked 
| 118|0x000000008ba00000, 0x000000008ba00000, 0x000000008bb00000|  0%| F|  |TAMS 0x000000008ba00000, 0x000000008ba00000| Untracked 
| 119|0x000000008bb00000, 0x000000008bb00000, 0x000000008bc00000|  0%| F|  |TAMS 0x000000008bb00000, 0x000000008bb00000| Untracked 
| 120|0x000000008bc00000, 0x000000008bc00000, 0x000000008bd00000|  0%| F|  |TAMS 0x000000008bc00000, 0x000000008bc00000| Untracked 
| 121|0x000000008bd00000, 0x000000008bd00000, 0x000000008be00000|  0%| F|  |TAMS 0x000000008bd00000, 0x000000008bd00000| Untracked 
| 122|0x000000008be00000, 0x000000008be00000, 0x000000008bf00000|  0%| F|  |TAMS 0x000000008be00000, 0x000000008be00000| Untracked 
| 123|0x000000008bf00000, 0x000000008bf00000, 0x000000008c000000|  0%| F|  |TAMS 0x000000008bf00000, 0x000000008bf00000| Untracked 
| 124|0x000000008c000000, 0x000000008c000000, 0x000000008c100000|  0%| F|  |TAMS 0x000000008c000000, 0x000000008c000000| Untracked 
| 125|0x000000008c100000, 0x000000008c100000, 0x000000008c200000|  0%| F|  |TAMS 0x000000008c100000, 0x000000008c100000| Untracked 
| 126|0x000000008c200000, 0x000000008c200000, 0x000000008c300000|  0%| F|  |TAMS 0x000000008c200000, 0x000000008c200000| Untracked 
| 127|0x000000008c300000, 0x000000008c300000, 0x000000008c400000|  0%| F|  |TAMS 0x000000008c300000, 0x000000008c300000| Untracked 
| 128|0x000000008c400000, 0x000000008c400000, 0x000000008c500000|  0%| F|  |TAMS 0x000000008c400000, 0x000000008c400000| Untracked 
| 129|0x000000008c500000, 0x000000008c500000, 0x000000008c600000|  0%| F|  |TAMS 0x000000008c500000, 0x000000008c500000| Untracked 
| 130|0x000000008c600000, 0x000000008c600000, 0x000000008c700000|  0%| F|  |TAMS 0x000000008c600000, 0x000000008c600000| Untracked 
| 131|0x000000008c700000, 0x000000008c700000, 0x000000008c800000|  0%| F|  |TAMS 0x000000008c700000, 0x000000008c700000| Untracked 
| 132|0x000000008c800000, 0x000000008c880000, 0x000000008c900000| 50%| E|  |TAMS 0x000000008c800000, 0x000000008c800000| Complete 
| 133|0x000000008c900000, 0x000000008ca00000, 0x000000008ca00000|100%| E|CS|TAMS 0x000000008c900000, 0x000000008c900000| Complete 
| 134|0x000000008ca00000, 0x000000008cb00000, 0x000000008cb00000|100%| E|CS|TAMS 0x000000008ca00000, 0x000000008ca00000| Complete 
| 135|0x000000008cb00000, 0x000000008cc00000, 0x000000008cc00000|100%| E|CS|TAMS 0x000000008cb00000, 0x000000008cb00000| Complete 
| 136|0x000000008cc00000, 0x000000008cd00000, 0x000000008cd00000|100%| E|CS|TAMS 0x000000008cc00000, 0x000000008cc00000| Complete 
| 137|0x000000008cd00000, 0x000000008ce00000, 0x000000008ce00000|100%| E|CS|TAMS 0x000000008cd00000, 0x000000008cd00000| Complete 
| 138|0x000000008ce00000, 0x000000008cf00000, 0x000000008cf00000|100%| E|CS|TAMS 0x000000008ce00000, 0x000000008ce00000| Complete 
| 139|0x000000008cf00000, 0x000000008d000000, 0x000000008d000000|100%| E|CS|TAMS 0x000000008cf00000, 0x000000008cf00000| Complete 
| 140|0x000000008d000000, 0x000000008d100000, 0x000000008d100000|100%| E|CS|TAMS 0x000000008d000000, 0x000000008d000000| Complete 
| 141|0x000000008d100000, 0x000000008d200000, 0x000000008d200000|100%| E|CS|TAMS 0x000000008d100000, 0x000000008d100000| Complete 
| 142|0x000000008d200000, 0x000000008d300000, 0x000000008d300000|100%| E|CS|TAMS 0x000000008d200000, 0x000000008d200000| Complete 
| 143|0x000000008d300000, 0x000000008d400000, 0x000000008d400000|100%| E|CS|TAMS 0x000000008d300000, 0x000000008d300000| Complete 
| 144|0x000000008d400000, 0x000000008d500000, 0x000000008d500000|100%| E|CS|TAMS 0x000000008d400000, 0x000000008d400000| Complete 
| 145|0x000000008d500000, 0x000000008d600000, 0x000000008d600000|100%| E|CS|TAMS 0x000000008d500000, 0x000000008d500000| Complete 
| 146|0x000000008d600000, 0x000000008d700000, 0x000000008d700000|100%| E|CS|TAMS 0x000000008d600000, 0x000000008d600000| Complete 
| 147|0x000000008d700000, 0x000000008d800000, 0x000000008d800000|100%| E|CS|TAMS 0x000000008d700000, 0x000000008d700000| Complete 
| 148|0x000000008d800000, 0x000000008d900000, 0x000000008d900000|100%| E|CS|TAMS 0x000000008d800000, 0x000000008d800000| Complete 
| 149|0x000000008d900000, 0x000000008da00000, 0x000000008da00000|100%| E|CS|TAMS 0x000000008d900000, 0x000000008d900000| Complete 
| 150|0x000000008da00000, 0x000000008db00000, 0x000000008db00000|100%| E|CS|TAMS 0x000000008da00000, 0x000000008da00000| Complete 
| 151|0x000000008db00000, 0x000000008dc00000, 0x000000008dc00000|100%| E|CS|TAMS 0x000000008db00000, 0x000000008db00000| Complete 
| 152|0x000000008dc00000, 0x000000008dd00000, 0x000000008dd00000|100%| E|CS|TAMS 0x000000008dc00000, 0x000000008dc00000| Complete 

Card table byte_map: [0x0000029e553f0000,0x0000029e557d0000] _byte_map_base: 0x0000029e54fce000

Marking Bits (Prev, Next): (CMBitMap*) 0x0000029e3dfa51d0, (CMBitMap*) 0x0000029e3dfa5190
 Prev Bits: [0x0000029e57aa0000, 0x0000029e59990000)
 Next Bits: [0x0000029e55bb0000, 0x0000029e57aa0000)

Polling page: 0x0000029e3bd20000

Metaspace:

Usage:
  Non-class:     47.29 MB used.
      Class:      6.03 MB used.
       Both:     53.32 MB used.

Virtual space:
  Non-class space:       64.00 MB reserved,      47.44 MB ( 74%) committed,  1 nodes.
      Class space:        1.00 GB reserved,       6.19 MB ( <1%) committed,  1 nodes.
             Both:        1.06 GB reserved,      53.62 MB (  5%) committed. 

Chunk freelists:
   Non-Class:  15.52 MB
       Class:  9.86 MB
        Both:  25.38 MB

MaxMetaspaceSize: unlimited
CompressedClassSpaceSize: 1.00 GB
Initial GC threshold: 21.00 MB
Current GC threshold: 87.31 MB
CDS: on
MetaspaceReclaimPolicy: balanced
 - commit_granule_bytes: 65536.
 - commit_granule_words: 8192.
 - virtual_space_node_default_size: 8388608.
 - enlarge_chunks_in_place: 1.
 - new_chunks_are_fully_committed: 0.
 - uncommit_free_chunks: 1.
 - use_allocation_guard: 0.
 - handle_deallocations: 1.


Internal statistics:

num_allocs_failed_limit: 6.
num_arena_births: 288.
num_arena_deaths: 0.
num_vsnodes_births: 2.
num_vsnodes_deaths: 0.
num_space_committed: 856.
num_space_uncommitted: 0.
num_chunks_returned_to_freelist: 6.
num_chunks_taken_from_freelist: 2192.
num_chunk_merges: 6.
num_chunk_splits: 1787.
num_chunks_enlarged: 1594.
num_inconsistent_stats: 0.

CodeHeap 'non-profiled nmethods': size=120000Kb used=4550Kb max_used=4550Kb free=115449Kb
 bounds [0x0000029e4d590000, 0x0000029e4da10000, 0x0000029e54ac0000]
CodeHeap 'profiled nmethods': size=120000Kb used=23415Kb max_used=23415Kb free=96584Kb
 bounds [0x0000029e45ac0000, 0x0000029e471a0000, 0x0000029e4cff0000]
CodeHeap 'non-nmethods': size=5760Kb used=1377Kb max_used=1449Kb free=4383Kb
 bounds [0x0000029e4cff0000, 0x0000029e4d260000, 0x0000029e4d590000]
 total_blobs=8811 nmethods=8136 adapters=584
 compilation: enabled
              stopped_count=0, restarted_count=0
 full_count=0

Compilation events (20 events):
Event: 19.494 Thread 0x0000029e5c5ecb10 nmethod 9393 0x0000029e4714be90 code [0x0000029e4714c680, 0x0000029e47150f28]
Event: 19.494 Thread 0x0000029e5c5ecb10 9394       3       org.jetbrains.kotlin.fir.resolve.dfa.FirDataFlowAnalyzer::enterFunction (118 bytes)
Event: 19.495 Thread 0x0000029e5c9699e0 nmethod 9285 0x0000029e4d9f4f90 code [0x0000029e4d9f53e0, 0x0000029e4d9fa7e0]
Event: 19.495 Thread 0x0000029e5c9699e0 9369       4       org.jetbrains.kotlin.fir.references.FirReference::<init> (5 bytes)
Event: 19.495 Thread 0x0000029e5c9699e0 nmethod 9369 0x0000029e4d9fdd10 code [0x0000029e4d9fde80, 0x0000029e4d9fdef8]
Event: 19.497 Thread 0x0000029e5c5ecb10 nmethod 9394 0x0000029e47152510 code [0x0000029e471528a0, 0x0000029e47154178]
Event: 19.497 Thread 0x0000029e5c5ecb10 9396       3       org.jetbrains.kotlin.fir.resolve.calls.tower.FirBaseTowerResolveTask::onSuccessfulLevel (7 bytes)
Event: 19.497 Thread 0x0000029e5c5ecb10 nmethod 9396 0x0000029e47154910 code [0x0000029e47154b20, 0x0000029e47155098]
Event: 19.497 Thread 0x0000029e5c5ecb10 9395       1       org.jetbrains.kotlin.fir.expressions.impl.FirThisReceiverExpressionImpl::getSource (5 bytes)
Event: 19.498 Thread 0x0000029e5c5ecb10 nmethod 9395 0x0000029e4d9fe010 code [0x0000029e4d9fe1a0, 0x0000029e4d9fe278]
Event: 19.498 Thread 0x0000029e5c5ecb10 9397       1       org.jetbrains.kotlin.fir.expressions.impl.FirThisReceiverExpressionImpl::getNonFatalDiagnostics-5e3fPpI (5 bytes)
Event: 19.498 Thread 0x0000029e5c5ecb10 nmethod 9397 0x0000029e4d9fe310 code [0x0000029e4d9fe4a0, 0x0000029e4d9fe578]
Event: 19.504 Thread 0x0000029e5c5ecb10 9398       3       org.jetbrains.kotlin.fir.resolve.dfa.FirDataFlowAnalyzer::enterClass (86 bytes)
Event: 19.506 Thread 0x0000029e5c5ecb10 nmethod 9398 0x0000029e47155310 code [0x0000029e471555e0, 0x0000029e471563f8]
Event: 19.506 Thread 0x0000029e5c5ecb10 9399       3       org.jetbrains.kotlin.fir.resolve.dfa.cfg.ControlFlowGraphBuilder::enterClass (1082 bytes)
Event: 19.532 Thread 0x0000029e5c9699e0 9409       4       org.jetbrains.kotlin.fir.resolve.dfa.FirDataFlowAnalyzer::getGraphBuilder (8 bytes)
Event: 19.533 Thread 0x0000029e5c9699e0 nmethod 9409 0x0000029e4d9fe610 code [0x0000029e4d9fe7a0, 0x0000029e4d9fe838]
Event: 19.537 Thread 0x0000029e5c9699e0 9410       4       org.jetbrains.kotlin.resolve.calls.tower.CandidateApplicabilityKt::isSuccess (32 bytes)
Event: 19.538 Thread 0x0000029e5c9699e0 nmethod 9410 0x0000029e4d9fe910 code [0x0000029e4d9feaa0, 0x0000029e4d9feb58]
Event: 19.568 Thread 0x0000029e5c9699e0 9412       4       org.jetbrains.kotlin.utils.CollectionsKt::addIfNotNull (19 bytes)

GC Heap History (20 events):
Event: 9.763 GC heap before
{Heap before GC invocations=8 (full 0):
 garbage-first heap   total 83968K, used 54231K [0x0000000084400000, 0x0000000100000000)
  region size 1024K, 29 young (29696K), 6 survivors (6144K)
 Metaspace       used 35675K, committed 35968K, reserved 1114112K
  class space    used 4186K, committed 4352K, reserved 1048576K
}
Event: 9.786 GC heap after
{Heap after GC invocations=9 (full 0):
 garbage-first heap   total 83968K, used 34816K [0x0000000084400000, 0x0000000100000000)
  region size 1024K, 3 young (3072K), 3 survivors (3072K)
 Metaspace       used 35675K, committed 35968K, reserved 1114112K
  class space    used 4186K, committed 4352K, reserved 1048576K
}
Event: 10.904 GC heap before
{Heap before GC invocations=10 (full 0):
 garbage-first heap   total 83968K, used 61440K [0x0000000084400000, 0x0000000100000000)
  region size 1024K, 29 young (29696K), 3 survivors (3072K)
 Metaspace       used 39300K, committed 39552K, reserved 1114112K
  class space    used 4591K, committed 4736K, reserved 1048576K
}
Event: 10.923 GC heap after
{Heap after GC invocations=11 (full 0):
 garbage-first heap   total 83968K, used 38801K [0x0000000084400000, 0x0000000100000000)
  region size 1024K, 4 young (4096K), 4 survivors (4096K)
 Metaspace       used 39300K, committed 39552K, reserved 1114112K
  class space    used 4591K, committed 4736K, reserved 1048576K
}
Event: 12.311 GC heap before
{Heap before GC invocations=11 (full 0):
 garbage-first heap   total 83968K, used 62353K [0x0000000084400000, 0x0000000100000000)
  region size 1024K, 28 young (28672K), 4 survivors (4096K)
 Metaspace       used 44472K, committed 44736K, reserved 1114112K
  class space    used 5211K, committed 5312K, reserved 1048576K
}
Event: 12.332 GC heap after
{Heap after GC invocations=12 (full 0):
 garbage-first heap   total 83968K, used 42913K [0x0000000084400000, 0x0000000100000000)
  region size 1024K, 4 young (4096K), 4 survivors (4096K)
 Metaspace       used 44472K, committed 44736K, reserved 1114112K
  class space    used 5211K, committed 5312K, reserved 1048576K
}
Event: 12.632 GC heap before
{Heap before GC invocations=12 (full 0):
 garbage-first heap   total 83968K, used 49057K [0x0000000084400000, 0x0000000100000000)
  region size 1024K, 11 young (11264K), 4 survivors (4096K)
 Metaspace       used 44777K, committed 45056K, reserved 1114112K
  class space    used 5221K, committed 5376K, reserved 1048576K
}
Event: 12.649 GC heap after
{Heap after GC invocations=13 (full 0):
 garbage-first heap   total 101376K, used 45051K [0x0000000084400000, 0x0000000100000000)
  region size 1024K, 2 young (2048K), 2 survivors (2048K)
 Metaspace       used 44777K, committed 45056K, reserved 1114112K
  class space    used 5221K, committed 5376K, reserved 1048576K
}
Event: 13.219 GC heap before
{Heap before GC invocations=13 (full 0):
 garbage-first heap   total 101376K, used 76795K [0x0000000084400000, 0x0000000100000000)
  region size 1024K, 32 young (32768K), 2 survivors (2048K)
 Metaspace       used 45121K, committed 45376K, reserved 1114112K
  class space    used 5237K, committed 5376K, reserved 1048576K
}
Event: 13.245 GC heap after
{Heap after GC invocations=14 (full 0):
 garbage-first heap   total 101376K, used 56320K [0x0000000084400000, 0x0000000100000000)
  region size 1024K, 4 young (4096K), 4 survivors (4096K)
 Metaspace       used 45121K, committed 45376K, reserved 1114112K
  class space    used 5237K, committed 5376K, reserved 1048576K
}
Event: 13.993 GC heap before
{Heap before GC invocations=14 (full 0):
 garbage-first heap   total 101376K, used 76800K [0x0000000084400000, 0x0000000100000000)
  region size 1024K, 24 young (24576K), 4 survivors (4096K)
 Metaspace       used 45887K, committed 46080K, reserved 1114112K
  class space    used 5275K, committed 5376K, reserved 1048576K
}
Event: 14.014 GC heap after
{Heap after GC invocations=15 (full 0):
 garbage-first heap   total 101376K, used 59998K [0x0000000084400000, 0x0000000100000000)
  region size 1024K, 3 young (3072K), 3 survivors (3072K)
 Metaspace       used 45887K, committed 46080K, reserved 1114112K
  class space    used 5275K, committed 5376K, reserved 1048576K
}
Event: 15.084 GC heap before
{Heap before GC invocations=16 (full 0):
 garbage-first heap   total 104448K, used 78430K [0x0000000084400000, 0x0000000100000000)
  region size 1024K, 21 young (21504K), 3 survivors (3072K)
 Metaspace       used 48075K, committed 48320K, reserved 1114112K
  class space    used 5587K, committed 5696K, reserved 1048576K
}
Event: 15.106 GC heap after
{Heap after GC invocations=17 (full 0):
 garbage-first heap   total 104448K, used 64495K [0x0000000084400000, 0x0000000100000000)
  region size 1024K, 3 young (3072K), 3 survivors (3072K)
 Metaspace       used 48075K, committed 48320K, reserved 1114112K
  class space    used 5587K, committed 5696K, reserved 1048576K
}
Event: 16.560 GC heap before
{Heap before GC invocations=17 (full 0):
 garbage-first heap   total 104448K, used 81903K [0x0000000084400000, 0x0000000100000000)
  region size 1024K, 20 young (20480K), 3 survivors (3072K)
 Metaspace       used 50266K, committed 50496K, reserved 1114112K
  class space    used 5723K, committed 5824K, reserved 1048576K
}
Event: 16.581 GC heap after
{Heap after GC invocations=18 (full 0):
 garbage-first heap   total 104448K, used 68608K [0x0000000084400000, 0x0000000100000000)
  region size 1024K, 3 young (3072K), 3 survivors (3072K)
 Metaspace       used 50266K, committed 50496K, reserved 1114112K
  class space    used 5723K, committed 5824K, reserved 1048576K
}
Event: 17.357 GC heap before
{Heap before GC invocations=19 (full 0):
 garbage-first heap   total 116736K, used 80896K [0x0000000084400000, 0x0000000100000000)
  region size 1024K, 16 young (16384K), 3 survivors (3072K)
 Metaspace       used 52626K, committed 52928K, reserved 1114112K
  class space    used 6012K, committed 6144K, reserved 1048576K
}
Event: 17.376 GC heap after
{Heap after GC invocations=20 (full 0):
 garbage-first heap   total 116736K, used 70953K [0x0000000084400000, 0x0000000100000000)
  region size 1024K, 2 young (2048K), 2 survivors (2048K)
 Metaspace       used 52626K, committed 52928K, reserved 1114112K
  class space    used 6012K, committed 6144K, reserved 1048576K
}
Event: 17.917 GC heap before
{Heap before GC invocations=20 (full 0):
 garbage-first heap   total 116736K, used 92457K [0x0000000084400000, 0x0000000100000000)
  region size 1024K, 23 young (23552K), 2 survivors (2048K)
 Metaspace       used 53280K, committed 53568K, reserved 1114112K
  class space    used 6092K, committed 6208K, reserved 1048576K
}
Event: 17.941 GC heap after
{Heap after GC invocations=21 (full 0):
 garbage-first heap   total 156672K, used 76429K [0x0000000084400000, 0x0000000100000000)
  region size 1024K, 3 young (3072K), 3 survivors (3072K)
 Metaspace       used 53280K, committed 53568K, reserved 1114112K
  class space    used 6092K, committed 6208K, reserved 1048576K
}

Dll operation events (7 events):
Event: 0.033 Loaded shared library C:\Program Files\Microsoft\jdk-17.0.18.8-hotspot\bin\java.dll
Event: 0.083 Loaded shared library C:\Program Files\Microsoft\jdk-17.0.18.8-hotspot\bin\jsvml.dll
Event: 0.374 Loaded shared library C:\Program Files\Microsoft\jdk-17.0.18.8-hotspot\bin\net.dll
Event: 0.378 Loaded shared library C:\Program Files\Microsoft\jdk-17.0.18.8-hotspot\bin\nio.dll
Event: 0.415 Loaded shared library C:\Program Files\Microsoft\jdk-17.0.18.8-hotspot\bin\zip.dll
Event: 0.456 Loaded shared library C:\Program Files\Microsoft\jdk-17.0.18.8-hotspot\bin\jimage.dll
Event: 3.305 Loaded shared library C:\Program Files\Microsoft\jdk-17.0.18.8-hotspot\bin\verify.dll

Deoptimization events (20 events):
Event: 18.177 Thread 0x0000029e3bb0e5a0 Uncommon trap: trap_request=0xffffff45 fr.pc=0x0000029e4d73a778 relative=0x00000000000000d8
Event: 18.177 Thread 0x0000029e3bb0e5a0 Uncommon trap: reason=unstable_if action=reinterpret pc=0x0000029e4d73a778 method=java.util.ArrayList.fastRemove([Ljava/lang/Object;I)V @ 19 c2
Event: 18.177 Thread 0x0000029e3bb0e5a0 DEOPT PACKING pc=0x0000029e4d73a778 sp=0x000000ed9abf7da0
Event: 18.177 Thread 0x0000029e3bb0e5a0 DEOPT UNPACKING pc=0x0000029e4d0469a3 sp=0x000000ed9abf7d48 mode 2
Event: 18.202 Thread 0x0000029e3bb0e5a0 Uncommon trap: trap_request=0xffffffc6 fr.pc=0x0000029e4d8b0a8c relative=0x000000000000104c
Event: 18.202 Thread 0x0000029e3bb0e5a0 Uncommon trap: reason=bimorphic_or_optimized_type_check action=maybe_recompile pc=0x0000029e4d8b0a8c method=kotlin.collections.CollectionsKt___CollectionsKt.toList(Ljava/lang/Iterable;)Ljava/util/List; @ 74 c2
Event: 18.202 Thread 0x0000029e3bb0e5a0 DEOPT PACKING pc=0x0000029e4d8b0a8c sp=0x000000ed9abf8600
Event: 18.202 Thread 0x0000029e3bb0e5a0 DEOPT UNPACKING pc=0x0000029e4d0469a3 sp=0x000000ed9abf85d0 mode 2
Event: 18.205 Thread 0x0000029e3bb0e5a0 Uncommon trap: trap_request=0xffffff45 fr.pc=0x0000029e4d8afd34 relative=0x00000000000002f4
Event: 18.205 Thread 0x0000029e3bb0e5a0 Uncommon trap: reason=unstable_if action=reinterpret pc=0x0000029e4d8afd34 method=kotlin.collections.CollectionsKt___CollectionsKt.toList(Ljava/lang/Iterable;)Ljava/util/List; @ 10 c2
Event: 18.205 Thread 0x0000029e3bb0e5a0 DEOPT PACKING pc=0x0000029e4d8afd34 sp=0x000000ed9abf8430
Event: 18.205 Thread 0x0000029e3bb0e5a0 DEOPT UNPACKING pc=0x0000029e4d0469a3 sp=0x000000ed9abf8400 mode 2
Event: 19.064 Thread 0x0000029e3bb0e5a0 Uncommon trap: trap_request=0xffffff45 fr.pc=0x0000029e4d8cf63c relative=0x000000000000009c
Event: 19.064 Thread 0x0000029e3bb0e5a0 Uncommon trap: reason=unstable_if action=reinterpret pc=0x0000029e4d8cf63c method=java.util.AbstractSet.equals(Ljava/lang/Object;)Z @ 11 c2
Event: 19.064 Thread 0x0000029e3bb0e5a0 DEOPT PACKING pc=0x0000029e4d8cf63c sp=0x000000ed9abf8320
Event: 19.064 Thread 0x0000029e3bb0e5a0 DEOPT UNPACKING pc=0x0000029e4d0469a3 sp=0x000000ed9abf82b0 mode 2
Event: 19.253 Thread 0x0000029e3bb0e5a0 Uncommon trap: trap_request=0xffffff45 fr.pc=0x0000029e4d637a24 relative=0x00000000000076c4
Event: 19.253 Thread 0x0000029e3bb0e5a0 Uncommon trap: reason=unstable_if action=reinterpret pc=0x0000029e4d637a24 method=org.jetbrains.kotlin.load.java.structure.impl.classFiles.BinaryJavaMethodBase$Companion.create(Ljava/lang/String;ILjava/lang/String;Ljava/lang/String;Lorg/jetbrains/kotlin/l
Event: 19.253 Thread 0x0000029e3bb0e5a0 DEOPT PACKING pc=0x0000029e4d637a24 sp=0x000000ed9abf9390
Event: 19.253 Thread 0x0000029e3bb0e5a0 DEOPT UNPACKING pc=0x0000029e4d0469a3 sp=0x000000ed9abf9308 mode 2

Classes loaded (20 events):
Event: 11.607 Loading class java/lang/Character$Subset done
Event: 11.607 Loading class java/lang/Character$UnicodeBlock done
Event: 11.615 Loading class jdk/internal/math/FDBigInteger
Event: 11.616 Loading class jdk/internal/math/FDBigInteger done
Event: 11.725 Loading class java/util/RegularEnumSet$EnumSetIterator
Event: 11.725 Loading class java/util/RegularEnumSet$EnumSetIterator done
Event: 11.829 Loading class java/util/ArrayList$SubList$1
Event: 11.830 Loading class java/util/ArrayList$SubList$1 done
Event: 11.868 Loading class java/util/EnumMap$EntrySet
Event: 11.869 Loading class java/util/EnumMap$EntrySet done
Event: 11.869 Loading class java/util/EnumMap$EntryIterator
Event: 11.869 Loading class java/util/EnumMap$EnumMapIterator
Event: 11.869 Loading class java/util/EnumMap$EnumMapIterator done
Event: 11.869 Loading class java/util/EnumMap$EntryIterator done
Event: 11.870 Loading class java/util/EnumMap$EntryIterator$Entry
Event: 11.870 Loading class java/util/EnumMap$EntryIterator$Entry done
Event: 16.948 Loading class java/util/AbstractList$RandomAccessSubList
Event: 16.948 Loading class java/util/AbstractList$RandomAccessSubList done
Event: 17.408 Loading class java/lang/Byte$ByteCache
Event: 17.409 Loading class java/lang/Byte$ByteCache done

Classes unloaded (0 events):
No events

Classes redefined (0 events):
No events

Internal exceptions (20 events):
Event: 11.227 Thread 0x0000029e3bb0e5a0 Exception <a 'java/lang/NoSuchMethodError'{0x0000000089721190}: 'java.lang.Object java.lang.invoke.Invokers$Holder.invokeExact_MT(java.lang.Object, java.lang.Object, long, java.lang.Object)'> (0x0000000089721190) 
thrown [s\src\hotspot\share\interpreter\linkResolver.cpp, line 759]
Event: 13.183 Thread 0x0000029e3bb0e5a0 Exception <a 'java/lang/NoSuchMethodError'{0x0000000088710ec8}: 'java.lang.Object java.lang.invoke.DirectMethodHandle$Holder.newInvokeSpecial(java.lang.Object, java.lang.Object, int, java.lang.Object)'> (0x0000000088710ec8) 
thrown [s\src\hotspot\share\interpreter\linkResolver.cpp, line 759]
Event: 13.183 Thread 0x0000029e3bb0e5a0 Exception <a 'java/lang/NoSuchMethodError'{0x0000000088714f40}: 'java.lang.Object java.lang.invoke.DirectMethodHandle$Holder.invokeSpecial(java.lang.Object, java.lang.Object, java.lang.Object, int, java.lang.Object)'> (0x0000000088714f40) 
thrown [s\src\hotspot\share\interpreter\linkResolver.cpp, line 759]
Event: 14.272 Thread 0x0000029e3bb0e5a0 Exception <a 'java/lang/NoSuchMethodError'{0x000000008a6eb6c0}: 'java.lang.Object java.lang.invoke.DirectMethodHandle$Holder.invokeStaticInit(java.lang.Object, java.lang.Object, java.lang.Object, java.lang.Object)'> (0x000000008a6eb6c0) 
thrown [s\src\hotspot\share\interpreter\linkResolver.cpp, line 759]
Event: 14.642 Thread 0x0000029e3bb0e5a0 Implicit null exception at 0x0000029e4d799dec to 0x0000029e4d799fc0
Event: 14.642 Thread 0x0000029e3bb0e5a0 Implicit null exception at 0x0000029e4d5c50af to 0x0000029e4d5c5129
Event: 15.602 Thread 0x0000029e3bb0e5a0 Exception <a 'java/lang/IncompatibleClassChangeError'{0x000000008a447258}: Found class java.lang.Object, but interface was expected> (0x000000008a447258) 
thrown [s\src\hotspot\share\interpreter\linkResolver.cpp, line 826]
Event: 17.009 Thread 0x0000029e3bb0e5a0 Exception <a 'java/lang/NoSuchMethodError'{0x000000008aeb9598}: 'java.lang.Object java.lang.invoke.DirectMethodHandle$Holder.newInvokeSpecial(java.lang.Object, java.lang.Object, java.lang.Object, java.lang.Object, int, java.lang.Object, java.lang.Object)'> (0x000000008aeb9598) 
thrown [s\src\hotspot\share\interpreter\linkResolver.cpp, line 759]
Event: 17.012 Thread 0x0000029e3bb0e5a0 Exception <a 'java/lang/NoSuchMethodError'{0x000000008aec3080}: 'java.lang.Object java.lang.invoke.Invokers$Holder.linkToTargetMethod(java.lang.Object, java.lang.Object, java.lang.Object, int, java.lang.Object, java.lang.Object, java.lang.Object)'> (0x000000008aec3080) 
thrown [s\src\hotspot\share\interpreter\linkResolver.cpp, line 759]
Event: 17.092 Thread 0x0000029e3bb0e5a0 Exception <a 'java/lang/NoSuchMethodError'{0x000000008adeb288}: 'java.lang.Object java.lang.invoke.DirectMethodHandle$Holder.newInvokeSpecial(java.lang.Object, int, java.lang.Object)'> (0x000000008adeb288) 
thrown [s\src\hotspot\share\interpreter\linkResolver.cpp, line 759]
Event: 17.102 Thread 0x0000029e3bb0e5a0 Exception <a 'java/lang/NoSuchMethodError'{0x000000008ac0d8f8}: 'java.lang.Object java.lang.invoke.DirectMethodHandle$Holder.newInvokeSpecial(java.lang.Object, int, java.lang.Object, java.lang.Object)'> (0x000000008ac0d8f8) 
thrown [s\src\hotspot\share\interpreter\linkResolver.cpp, line 759]
Event: 17.103 Thread 0x0000029e3bb0e5a0 Exception <a 'java/lang/NoSuchMethodError'{0x000000008ac121f8}: 'java.lang.Object java.lang.invoke.DirectMethodHandle$Holder.invokeSpecial(java.lang.Object, java.lang.Object, int, java.lang.Object, java.lang.Object)'> (0x000000008ac121f8) 
thrown [s\src\hotspot\share\interpreter\linkResolver.cpp, line 759]
Event: 17.516 Thread 0x0000029e3bb0e5a0 Exception <a 'java/lang/NoSuchMethodError'{0x000000008b364e10}: 'java.lang.Object java.lang.invoke.DirectMethodHandle$Holder.newInvokeSpecial(java.lang.Object, java.lang.Object, java.lang.Object, java.lang.Object, java.lang.Object, java.lang.Object, java.lang.Object, java.lang.Object, java.lang.Object)'> (0x000000008b364e10) 
thrown [s\src\hotspot\share\interpreter\linkResolver.cpp, line 759]
Event: 17.517 Thread 0x0000029e3bb0e5a0 Exception <a 'java/lang/NoSuchMethodError'{0x000000008b36ae70}: 'java.lang.Object java.lang.invoke.DirectMethodHandle$Holder.invokeSpecial(java.lang.Object, java.lang.Object, java.lang.Object, java.lang.Object, java.lang.Object, java.lang.Object, java.lang.Object, java.lang.Object, java.lang.Object, java.lang.Object)'> (0x000000008b36ae70) 
thrown [s\src\hotspot\share\interpreter\linkResolver.cpp, line 759]
Event: 17.518 Thread 0x0000029e3bb0e5a0 Exception <a 'java/lang/NoSuchMethodError'{0x000000008b36fc30}: 'java.lang.Object java.lang.invoke.Invokers$Holder.linkToTargetMethod(java.lang.Object, java.lang.Object, java.lang.Object, java.lang.Object, java.lang.Object, java.lang.Object, java.lang.Object, java.lang.Object, java.lang.Object)'> (0x000000008b36fc30) 
thrown [s\src\hotspot\share\interpreter\linkResolver.cpp, line 759]
Event: 17.578 Thread 0x0000029e3bb0e5a0 Exception <a 'java/lang/NoSuchMethodError'{0x000000008b21d798}: 'java.lang.Object java.lang.invoke.DirectMethodHandle$Holder.invokeStatic(java.lang.Object, java.lang.Object, java.lang.Object, int, java.lang.Object, java.lang.Object)'> (0x000000008b21d798) 
thrown [s\src\hotspot\share\interpreter\linkResolver.cpp, line 759]
Event: 18.165 Thread 0x0000029e3bb0e5a0 Exception <a 'java/lang/NoSuchMethodError'{0x000000008dabc440}: 'java.lang.Object java.lang.invoke.DirectMethodHandle$Holder.invokeStatic(java.lang.Object, int, java.lang.Object)'> (0x000000008dabc440) 
thrown [s\src\hotspot\share\interpreter\linkResolver.cpp, line 759]
Event: 18.171 Thread 0x0000029e3bb0e5a0 Exception <a 'java/lang/NoSuchMethodError'{0x000000008dad0a20}: 'java.lang.Object java.lang.invoke.DirectMethodHandle$Holder.newInvokeSpecial(java.lang.Object, java.lang.Object, java.lang.Object, java.lang.Object, java.lang.Object, int)'> (0x000000008dad0a20) 
thrown [s\src\hotspot\share\interpreter\linkResolver.cpp, line 759]
Event: 18.173 Thread 0x0000029e3bb0e5a0 Exception <a 'java/lang/NoSuchMethodError'{0x000000008dad5928}: 'java.lang.Object java.lang.invoke.DirectMethodHandle$Holder.invokeSpecial(java.lang.Object, java.lang.Object, java.lang.Object, java.lang.Object, java.lang.Object, java.lang.Object, int)'> (0x000000008dad5928) 
thrown [s\src\hotspot\share\interpreter\linkResolver.cpp, line 759]
Event: 18.174 Thread 0x0000029e3bb0e5a0 Exception <a 'java/lang/NoSuchMethodError'{0x000000008dada1b8}: 'java.lang.Object java.lang.invoke.Invokers$Holder.linkToTargetMethod(java.lang.Object, java.lang.Object, java.lang.Object, java.lang.Object, int, java.lang.Object)'> (0x000000008dada1b8) 
thrown [s\src\hotspot\share\interpreter\linkResolver.cpp, line 759]

VM Operations (20 events):
Event: 17.473 Executing VM operation: HandshakeAllThreads
Event: 17.473 Executing VM operation: HandshakeAllThreads done
Event: 17.477 Executing VM operation: HandshakeAllThreads
Event: 17.477 Executing VM operation: HandshakeAllThreads done
Event: 17.750 Executing VM operation: HandshakeAllThreads
Event: 17.751 Executing VM operation: HandshakeAllThreads done
Event: 17.780 Executing VM operation: HandshakeAllThreads
Event: 17.780 Executing VM operation: HandshakeAllThreads done
Event: 17.917 Executing VM operation: G1CollectForAllocation
Event: 17.941 Executing VM operation: G1CollectForAllocation done
Event: 18.003 Executing VM operation: G1PauseRemark
Event: 18.018 Executing VM operation: G1PauseRemark done
Event: 18.047 Executing VM operation: G1PauseCleanup
Event: 18.059 Executing VM operation: G1PauseCleanup done
Event: 18.511 Executing VM operation: ICBufferFull
Event: 18.511 Executing VM operation: ICBufferFull done
Event: 18.811 Executing VM operation: ICBufferFull
Event: 18.811 Executing VM operation: ICBufferFull done
Event: 19.322 Executing VM operation: ICBufferFull
Event: 19.323 Executing VM operation: ICBufferFull done

Memory protections (0 events):
No events

Nmethod flushes (20 events):
Event: 16.723 Thread 0x0000029e5c660020 flushing  nmethod 0x0000029e468f5490
Event: 16.723 Thread 0x0000029e5c660020 flushing  nmethod 0x0000029e468f9d90
Event: 16.723 Thread 0x0000029e5c660020 flushing  nmethod 0x0000029e468fac90
Event: 16.723 Thread 0x0000029e5c660020 flushing  nmethod 0x0000029e468fc190
Event: 16.723 Thread 0x0000029e5c660020 flushing  nmethod 0x0000029e46903f90
Event: 16.723 Thread 0x0000029e5c660020 flushing  nmethod 0x0000029e46924f10
Event: 16.723 Thread 0x0000029e5c660020 flushing  nmethod 0x0000029e4693fe10
Event: 16.723 Thread 0x0000029e5c660020 flushing  nmethod 0x0000029e46956990
Event: 16.723 Thread 0x0000029e5c660020 flushing  nmethod 0x0000029e46957d10
Event: 16.723 Thread 0x0000029e5c660020 flushing  nmethod 0x0000029e46960610
Event: 16.723 Thread 0x0000029e5c660020 flushing  nmethod 0x0000029e4698e210
Event: 16.723 Thread 0x0000029e5c660020 flushing  nmethod 0x0000029e4699a890
Event: 16.723 Thread 0x0000029e5c660020 flushing  nmethod 0x0000029e4699be10
Event: 16.724 Thread 0x0000029e5c660020 flushing  nmethod 0x0000029e469ce610
Event: 16.725 Thread 0x0000029e5c660020 flushing  nmethod 0x0000029e46b11b10
Event: 16.725 Thread 0x0000029e5c660020 flushing  nmethod 0x0000029e46ba3710
Event: 16.727 Thread 0x0000029e5c660020 flushing  nmethod 0x0000029e46dbe790
Event: 17.784 Thread 0x0000029e5c660020 flushing  nmethod 0x0000029e45b4d110
Event: 17.795 Thread 0x0000029e5c660020 flushing  nmethod 0x0000029e466ee610
Event: 17.796 Thread 0x0000029e5c660020 flushing  nmethod 0x0000029e46822c90

Events (20 events):
Event: 0.284 Thread 0x0000029e3bb0e5a0 Thread added: 0x0000029e5c5ecb10
Event: 0.296 Thread 0x0000029e3bb0e5a0 Thread added: 0x0000029e5c660020
Event: 0.362 Thread 0x0000029e3bb0e5a0 Thread added: 0x0000029e5c725a80
Event: 0.368 Thread 0x0000029e3bb0e5a0 Thread added: 0x0000029e5c73e660
Event: 0.401 Thread 0x0000029e5c5e92a0 Thread added: 0x0000029e5c7988a0
Event: 1.180 Thread 0x0000029e5c7988a0 Thread exited: 0x0000029e5c7988a0
Event: 2.515 Thread 0x0000029e5c5e92a0 Thread added: 0x0000029ea25203c0
Event: 3.612 Thread 0x0000029ea25203c0 Thread exited: 0x0000029ea25203c0
Event: 5.100 Thread 0x0000029e5c5ecb10 Thread added: 0x0000029ea2b89050
Event: 5.877 Thread 0x0000029ea2b89050 Thread exited: 0x0000029ea2b89050
Event: 6.763 Thread 0x0000029e5c5ecb10 Thread added: 0x0000029ea2cb27b0
Event: 9.278 Thread 0x0000029ea2cb27b0 Thread exited: 0x0000029ea2cb27b0
Event: 9.344 Thread 0x0000029e5c5ecb10 Thread added: 0x0000029ea418c3d0
Event: 9.981 Thread 0x0000029ea418c3d0 Thread exited: 0x0000029ea418c3d0
Event: 10.100 Thread 0x0000029e5c5e92a0 Thread added: 0x0000029ea27a36f0
Event: 10.873 Thread 0x0000029ea27a36f0 Thread exited: 0x0000029ea27a36f0
Event: 11.097 Thread 0x0000029e5c5ecb10 Thread added: 0x0000029e5c9699e0
Event: 12.667 Thread 0x0000029e5c5ecb10 Thread added: 0x0000029ea389be50
Event: 15.703 Thread 0x0000029ea389be50 Thread exited: 0x0000029ea389be50
Event: 17.278 Thread 0x0000029e5c5ecb10 Thread added: 0x0000029ea5fde590


Dynamic libraries:
0x00007ff72dc70000 - 0x00007ff72dc7e000 	C:\Program Files\Microsoft\jdk-17.0.18.8-hotspot\bin\java.exe
0x00007ff994d20000 - 0x00007ff994f87000 	C:\WINDOWS\SYSTEM32\ntdll.dll
0x00007ff993ff0000 - 0x00007ff9940b9000 	C:\WINDOWS\System32\KERNEL32.DLL
0x00007ff9925c0000 - 0x00007ff9929b4000 	C:\WINDOWS\System32\KERNELBASE.dll
0x00007ff992470000 - 0x00007ff9925bb000 	C:\WINDOWS\System32\ucrtbase.dll
0x00007ff9870f0000 - 0x00007ff987108000 	C:\Program Files\Microsoft\jdk-17.0.18.8-hotspot\bin\jli.dll
0x00007ff992f50000 - 0x00007ff993115000 	C:\WINDOWS\System32\USER32.dll
0x00007ff992a80000 - 0x00007ff992aa7000 	C:\WINDOWS\System32\win32u.dll
0x00007ff994a60000 - 0x00007ff994a8b000 	C:\WINDOWS\System32\GDI32.dll
0x00007ff991990000 - 0x00007ff991abb000 	C:\WINDOWS\System32\gdi32full.dll
0x00007ff9918e0000 - 0x00007ff991983000 	C:\WINDOWS\System32\msvcp_win.dll
0x00007ff9870d0000 - 0x00007ff9870ee000 	C:\Program Files\Microsoft\jdk-17.0.18.8-hotspot\bin\VCRUNTIME140.dll
0x00007ff978cc0000 - 0x00007ff978f53000 	C:\WINDOWS\WinSxS\amd64_microsoft.windows.common-controls_6595b64144ccf1df_6.0.26100.8115_none_3e075c82e3354f9c\COMCTL32.dll
0x00007ff9931b0000 - 0x00007ff993259000 	C:\WINDOWS\System32\msvcrt.dll
0x00007ff993260000 - 0x00007ff993292000 	C:\WINDOWS\System32\IMM32.DLL
0x00007ff9870c0000 - 0x00007ff9870cc000 	C:\Program Files\Microsoft\jdk-17.0.18.8-hotspot\bin\vcruntime140_1.dll
0x00007ff95af90000 - 0x00007ff95b019000 	C:\Program Files\Microsoft\jdk-17.0.18.8-hotspot\bin\msvcp140.dll
0x00007ff93b1f0000 - 0x00007ff93be6a000 	C:\Program Files\Microsoft\jdk-17.0.18.8-hotspot\bin\server\jvm.dll
0x00007ff993890000 - 0x00007ff993946000 	C:\WINDOWS\System32\ADVAPI32.dll
0x00007ff993a50000 - 0x00007ff993af7000 	C:\WINDOWS\System32\sechost.dll
0x00007ff9941d0000 - 0x00007ff9942e8000 	C:\WINDOWS\System32\RPCRT4.dll
0x00007ff992eb0000 - 0x00007ff992f30000 	C:\WINDOWS\System32\WS2_32.dll
0x00007ff991470000 - 0x00007ff9914ce000 	C:\WINDOWS\SYSTEM32\POWRPROF.dll
0x00007ff983d70000 - 0x00007ff983da6000 	C:\WINDOWS\SYSTEM32\WINMM.dll
0x00007ff987c50000 - 0x00007ff987c5b000 	C:\WINDOWS\SYSTEM32\VERSION.dll
0x00007ff991450000 - 0x00007ff991464000 	C:\WINDOWS\SYSTEM32\UMPDC.dll
0x00007ff990380000 - 0x00007ff99039b000 	C:\WINDOWS\SYSTEM32\kernel.appcore.dll
0x00007ff986c10000 - 0x00007ff986c1a000 	C:\Program Files\Microsoft\jdk-17.0.18.8-hotspot\bin\jimage.dll
0x00007ff98f570000 - 0x00007ff98f7b2000 	C:\WINDOWS\SYSTEM32\DBGHELP.DLL
0x00007ff993480000 - 0x00007ff993802000 	C:\WINDOWS\System32\combase.dll
0x00007ff9940e0000 - 0x00007ff9941b8000 	C:\WINDOWS\System32\OLEAUT32.dll
0x00007ff97a3e0000 - 0x00007ff97a41b000 	C:\WINDOWS\SYSTEM32\dbgcore.DLL
0x00007ff991b50000 - 0x00007ff991bf5000 	C:\WINDOWS\System32\bcryptPrimitives.dll
0x00007ff953140000 - 0x00007ff953166000 	C:\Program Files\Microsoft\jdk-17.0.18.8-hotspot\bin\java.dll
0x00007ff953000000 - 0x00007ff9530d6000 	C:\Program Files\Microsoft\jdk-17.0.18.8-hotspot\bin\jsvml.dll
0x00007ff9942f0000 - 0x00007ff994a57000 	C:\WINDOWS\System32\SHELL32.dll
0x00007ff991770000 - 0x00007ff9918da000 	C:\WINDOWS\System32\wintypes.dll
0x00007ff991c00000 - 0x00007ff992468000 	C:\WINDOWS\System32\windows.storage.dll
0x00007ff993380000 - 0x00007ff993478000 	C:\WINDOWS\System32\SHCORE.dll
0x00007ff994a90000 - 0x00007ff994af6000 	C:\WINDOWS\System32\shlwapi.dll
0x00007ff991510000 - 0x00007ff991539000 	C:\WINDOWS\SYSTEM32\profapi.dll
0x00007ff95d8f0000 - 0x00007ff95d90b000 	C:\Program Files\Microsoft\jdk-17.0.18.8-hotspot\bin\net.dll
0x00007ff987b20000 - 0x00007ff987c4d000 	C:\WINDOWS\SYSTEM32\WINHTTP.dll
0x00007ff9908f0000 - 0x00007ff99095c000 	C:\WINDOWS\system32\mswsock.dll
0x00007ff952da0000 - 0x00007ff952db6000 	C:\Program Files\Microsoft\jdk-17.0.18.8-hotspot\bin\nio.dll
0x00007ff952d80000 - 0x00007ff952d98000 	C:\Program Files\Microsoft\jdk-17.0.18.8-hotspot\bin\zip.dll
0x00007ff9620c0000 - 0x00007ff9620d0000 	C:\Program Files\Microsoft\jdk-17.0.18.8-hotspot\bin\verify.dll

dbghelp: loaded successfully - version: 4.0.5 - missing functions: none
symbol engine: initialized successfully - sym options: 0x614 - pdb path: .;C:\Program Files\Microsoft\jdk-17.0.18.8-hotspot\bin;C:\WINDOWS\SYSTEM32;C:\WINDOWS\WinSxS\amd64_microsoft.windows.common-controls_6595b64144ccf1df_6.0.26100.8115_none_3e075c82e3354f9c;C:\Program Files\Microsoft\jdk-17.0.18.8-hotspot\bin\server

VM Arguments:
java_command: org.jetbrains.kotlin.cli.jvm.K2JVMCompiler @D:\sybrid\TaskManagementApp\node_modules\react-native-screens\android\build\20260507_1198216204011293730.compiler.options
java_class_path (initial): C:\Users\PMLS\.gradle\caches\modules-2\files-2.1\org.jetbrains.kotlin\kotlin-compiler-embeddable\2.1.20\4ef56b3316798316bfac7a0ae443391c9e900ea1\kotlin-compiler-embeddable-2.1.20.jar;C:\Users\PMLS\.gradle\caches\modules-2\files-2.1\org.jetbrains.kotlin\kotlin-stdlib\2.1.20\aa8ca79cd50578314f6d1180c47cbe14c0fee567\kotlin-stdlib-2.1.20.jar;C:\Users\PMLS\.gradle\caches\modules-2\files-2.1\org.jetbrains.kotlin\kotlin-script-runtime\2.1.20\f7c623d7f7bdb01f5ccd6b437bc0a937fcd7c57e\kotlin-script-runtime-2.1.20.jar;C:\Users\PMLS\.gradle\caches\modules-2\files-2.1\org.jetbrains.kotlin\kotlin-reflect\1.6.10\1cbe9c92c12a94eea200d23c2bbaedaf3daf5132\kotlin-reflect-1.6.10.jar;C:\Users\PMLS\.gradle\caches\modules-2\files-2.1\org.jetbrains.kotlin\kotlin-daemon-embeddable\2.1.20\95670fce77befd02a70a0bc3abe8ee4533521334\kotlin-daemon-embeddable-2.1.20.jar;C:\Users\PMLS\.gradle\caches\modules-2\files-2.1\org.jetbrains.intellij.deps\trove4j\1.0.20200330\3afb14d5f9ceb459d724e907a21145e8ff394f02\trove4j-1.0.20200330.jar;C:\Users\PMLS\.gradle\caches\modules-2\files-2.1\org.jetbrains.kotlinx\kotlinx-coroutines-core-jvm\1.8.0\ac1dc37a30a93150b704022f8d895ee1bd3a36b3\kotlinx-coroutines-core-jvm-1.8.0.jar;C:\Users\PMLS\.gradle\caches\modules-2\files-2.1\org.jetbrains\annotations\13.0\919f0dfe192fb4e063e7dacadee7f8bb9a2672a9\annotations-13.0.jar
Launcher Type: SUN_STANDARD

[Global flags]
     intx CICompilerCount                          = 4                                         {product} {ergonomic}
     uint ConcGCThreads                            = 3                                         {product} {ergonomic}
     uint G1ConcRefinementThreads                  = 10                                        {product} {ergonomic}
   size_t G1HeapRegionSize                         = 1048576                                   {product} {ergonomic}
    uintx GCDrainStackTargetSize                   = 64                                        {product} {ergonomic}
   size_t InitialHeapSize                          = 130023424                                 {product} {ergonomic}
   size_t MarkStackSize                            = 4194304                                   {product} {ergonomic}
   size_t MaxHeapSize                              = 2076180480                                {product} {ergonomic}
   size_t MaxNewSize                               = 1245708288                                {product} {ergonomic}
   size_t MinHeapDeltaBytes                        = 1048576                                   {product} {ergonomic}
   size_t MinHeapSize                              = 8388608                                   {product} {ergonomic}
    uintx NonNMethodCodeHeapSize                   = 5839372                                {pd product} {ergonomic}
    uintx NonProfiledCodeHeapSize                  = 122909434                              {pd product} {ergonomic}
    uintx ProfiledCodeHeapSize                     = 122909434                              {pd product} {ergonomic}
    uintx ReservedCodeCacheSize                    = 251658240                              {pd product} {ergonomic}
     bool SegmentedCodeCache                       = true                                      {product} {ergonomic}
   size_t SoftMaxHeapSize                          = 2076180480                             {manageable} {ergonomic}
     bool UseCompressedClassPointers               = true                           {product lp64_product} {ergonomic}
     bool UseCompressedOops                        = true                           {product lp64_product} {ergonomic}
     bool UseG1GC                                  = true                                      {product} {ergonomic}
     bool UseLargePagesIndividualAllocation        = false                                  {pd product} {ergonomic}

Logging:
Log output configuration:
 #0: stdout all=warning uptime,level,tags
 #1: stderr all=off uptime,level,tags

Environment Variables:
JAVA_HOME=C:\Program Files\Microsoft\jdk-17.0.18.8-hotspot\
PATH=D:\sybrid\TaskManagementApp\node_modules\.bin;D:\sybrid\node_modules\.bin;D:\node_modules\.bin;C:\Program Files\nodejs\node_modules\npm\node_modules\@npmcli\run-script\lib\node-gyp-bin;C:\Program Files\WindowsApps\Microsoft.PowerShell_7.6.1.0_x64__8wekyb3d8bbwe;C:\Users\PMLS\AppData\Local\Programs\Microsoft VS Code;C:\Program Files\Microsoft\jdk-17.0.18.8-hotspot\bin;C:\Program Files\Eclipse Adoptium\jdk-17.0.16.8-hotspot\bin;C:\WINDOWS\system32;C:\WINDOWS;C:\WINDOWS\System32\Wbem;C:\WINDOWS\System32\WindowsPowerShell\v1.0\;C:\WINDOWS\System32\OpenSSH\;C:\Program Files\Git\cmd;C:\ProgramData\chocolatey\bin;C:\Program Files\nodejs\;C:\Program Files\Android\Android Studio;C:\Users\PMLS\AppData\Local\Android\Sdk\platform-tools;C:\Users\PMLS\AppData\Local\Microsoft\WindowsApps;C:\Users\PMLS\AppData\Local\Programs\Microsoft VS Code\bin;D:\New folder\flutter\bin;C:\Users\PMLS\AppData\Roaming\npm
USERNAME=PMYLS
LANG=en_US.UTF-8
OS=Windows_NT
PROCESSOR_IDENTIFIER=Intel64 Family 6 Model 154 Stepping 4, GenuineIntel
TMP=C:\Users\PMLS\AppData\Local\Temp
TEMP=C:\Users\PMLS\AppData\Local\Temp



Periodic native trim disabled


---------------  S Y S T E M  ---------------

OS:
 Windows 11 , 64 bit Build 26100 (10.0.26100.8246)
OS uptime: 7 days 3:10 hours

CPU: total 12 (initial active 12) (12 cores per cpu, 1 threads per core) family 6 model 154 stepping 4 microcode 0x424, cx8, cmov, fxsr, mmx, 3dnowpref, sse, sse2, sse3, ssse3, sse4.1, sse4.2, popcnt, lzcnt, tsc, tscinvbit, avx, avx2, aes, erms, clmul, bmi1, bmi2, adx, sha, fma, vzeroupper, clflush, clflushopt, clwb
Processor Information for processor 0
  Max Mhz: 1300, Current Mhz: 1300, Mhz Limit: 1300
Processor Information for processor 1
  Max Mhz: 1300, Current Mhz: 1300, Mhz Limit: 1300
Processor Information for processor 2
  Max Mhz: 1300, Current Mhz: 1300, Mhz Limit: 1300
Processor Information for processor 3
  Max Mhz: 1300, Current Mhz: 1300, Mhz Limit: 1300
Processor Information for processor 4
  Max Mhz: 900, Current Mhz: 900, Mhz Limit: 900
Processor Information for processor 5
  Max Mhz: 900, Current Mhz: 900, Mhz Limit: 900
Processor Information for processor 6
  Max Mhz: 900, Current Mhz: 900, Mhz Limit: 900
Processor Information for processor 7
  Max Mhz: 900, Current Mhz: 900, Mhz Limit: 900
Processor Information for processor 8
  Max Mhz: 900, Current Mhz: 900, Mhz Limit: 900
Processor Information for processor 9
  Max Mhz: 900, Current Mhz: 900, Mhz Limit: 900
Processor Information for processor 10
  Max Mhz: 900, Current Mhz: 900, Mhz Limit: 900
Processor Information for processor 11
  Max Mhz: 900, Current Mhz: 900, Mhz Limit: 900

Memory: 4k page, system-wide physical 7916M (469M free)
TotalPageFile size 20416M (AvailPageFile size 0M)
current process WorkingSet (physical memory assigned to process): 314M, peak: 314M
current process commit charge ("private bytes"): 404M, peak: 405M

vm_info: OpenJDK 64-Bit Server VM (17.0.18+8-LTS) for windows-amd64 JRE (17.0.18+8-LTS), built on Jan 15 2026 18:50:45 by "MicrosoftCorporation" with MS VC++ 17.14 (VS2022)

END.
