#
# There is insufficient memory for the Java Runtime Environment to continue.
# Native memory allocation (malloc) failed to allocate 32784 bytes. Error detail: Chunk::new
# Possible reasons:
#   The system is out of physical RAM or swap space
#   This process is running with CompressedOops enabled, and the Java Heap may be blocking the growth of the native heap
# Possible solutions:
#   Reduce memory load on the system
#   Increase physical memory or swap space
#   Check if swap backing store is full
#   Decrease Java heap size (-Xmx/-Xms)
#   Decrease number of Java threads
#   Decrease Java thread stack sizes (-Xss)
#   Set larger code cache with -XX:ReservedCodeCacheSize=
#   JVM is running with Unscaled Compressed Oops mode in which the Java heap is
#     placed in the first 4GB address space. The Java Heap base address is the
#     maximum limit for the native heap growth. Please use -XX:HeapBaseMinAddress
#     to set the Java Heap base and to place the Java Heap above 4GB virtual address.
# This output file may be truncated or incomplete.
#
#  Out of Memory Error (arena.cpp:191), pid=20276, tid=3484
#
# JRE version: OpenJDK Runtime Environment Microsoft-13106358 (17.0.18+8) (build 17.0.18+8-LTS)
# Java VM: OpenJDK 64-Bit Server VM Microsoft-13106358 (17.0.18+8-LTS, mixed mode, sharing, tiered, compressed oops, compressed class ptrs, g1 gc, windows-amd64)
# No core dump will be written. Minidumps are not enabled by default on client versions of Windows
#

---------------  S U M M A R Y ------------

Command Line: -Xmx64m -Xms64m -Dorg.gradle.appname=gradlew D:\sybrid\TaskManagementApp\android\\gradle\wrapper\gradle-wrapper.jar app:installDebug -PreactNativeDevServerPort=8081

Host: 12th Gen Intel(R) Core(TM) i5-1235U, 12 cores, 7G,  Windows 11 , 64 bit Build 26100 (10.0.26100.8246)
Time: Thu May  7 18:14:52 2026 Pakistan Standard Time elapsed time: 43.749428 seconds (0d 0h 0m 43s)

---------------  T H R E A D  ---------------

Current thread (0x00000289333cc780):  JavaThread "C2 CompilerThread0" daemon [_thread_in_native, id=3484, stack(0x000000fc19e00000,0x000000fc19f00000)]


Current CompileTask:
C2:43749 2000 %     4       org.gradle.internal.logging.text.AbstractLineChoppingStyledTextOutput::doAppend @ 10 (43 bytes)

Stack: [0x000000fc19e00000,0x000000fc19f00000]
Native frames: (J=compiled Java code, j=interpreted, Vv=VM code, C=native code)
V  [jvm.dll+0x68c879]  (no source info available)
V  [jvm.dll+0x845979]  (no source info available)
V  [jvm.dll+0x8476e8]  (no source info available)
V  [jvm.dll+0x847d73]  (no source info available)
V  [jvm.dll+0x24cf6f]  (no source info available)
V  [jvm.dll+0xaecb6]  (no source info available)
V  [jvm.dll+0xaf35c]  (no source info available)
V  [jvm.dll+0xaedc4]  (no source info available)
V  [jvm.dll+0x66c0cc]  (no source info available)
V  [jvm.dll+0x2255f9]  (no source info available)
V  [jvm.dll+0x6b25f1]  (no source info available)
V  [jvm.dll+0x21d0a8]  (no source info available)
V  [jvm.dll+0x1a8ce6]  (no source info available)
V  [jvm.dll+0x22db1b]  (no source info available)
V  [jvm.dll+0x22bca6]  (no source info available)
V  [jvm.dll+0x7fbabb]  (no source info available)
V  [jvm.dll+0x7f5ebc]  (no source info available)
V  [jvm.dll+0x68de17]  (no source info available)
C  [ucrtbase.dll+0x37b0]  (no source info available)
C  [KERNEL32.DLL+0x2e8d7]  (no source info available)
C  [ntdll.dll+0x8c3fc]  (no source info available)


---------------  P R O C E S S  ---------------

Threads class SMR info:
_java_thread_list=0x000002897a51fd00, length=13, elements={
0x000002891711d800, 0x00000289333aa710, 0x00000289333ad2e0, 0x00000289333c7d80,
0x00000289333c8650, 0x00000289333c9010, 0x00000289333c99d0, 0x00000289333cc780,
0x00000289333d6160, 0x000002893340e760, 0x000002893353afe0, 0x0000028933548810,
0x0000028979d92b40
}

Java Threads: ( => current thread )
  0x000002891711d800 JavaThread "main" [_thread_in_native, id=8880, stack(0x000000fc19100000,0x000000fc19200000)]
  0x00000289333aa710 JavaThread "Reference Handler" daemon [_thread_blocked, id=2392, stack(0x000000fc19800000,0x000000fc19900000)]
  0x00000289333ad2e0 JavaThread "Finalizer" daemon [_thread_blocked, id=4552, stack(0x000000fc19900000,0x000000fc19a00000)]
  0x00000289333c7d80 JavaThread "Signal Dispatcher" daemon [_thread_blocked, id=11800, stack(0x000000fc19a00000,0x000000fc19b00000)]
  0x00000289333c8650 JavaThread "Attach Listener" daemon [_thread_blocked, id=20904, stack(0x000000fc19b00000,0x000000fc19c00000)]
  0x00000289333c9010 JavaThread "Service Thread" daemon [_thread_blocked, id=15856, stack(0x000000fc19c00000,0x000000fc19d00000)]
  0x00000289333c99d0 JavaThread "Monitor Deflation Thread" daemon [_thread_blocked, id=12032, stack(0x000000fc19d00000,0x000000fc19e00000)]
=>0x00000289333cc780 JavaThread "C2 CompilerThread0" daemon [_thread_in_native, id=3484, stack(0x000000fc19e00000,0x000000fc19f00000)]
  0x00000289333d6160 JavaThread "C1 CompilerThread0" daemon [_thread_blocked, id=22200, stack(0x000000fc19f00000,0x000000fc1a000000)]
  0x000002893340e760 JavaThread "Sweeper thread" daemon [_thread_blocked, id=15888, stack(0x000000fc1a000000,0x000000fc1a100000)]
  0x000002893353afe0 JavaThread "Notification Thread" daemon [_thread_blocked, id=10740, stack(0x000000fc1a100000,0x000000fc1a200000)]
  0x0000028933548810 JavaThread "Common-Cleaner" daemon [_thread_blocked, id=9036, stack(0x000000fc1a300000,0x000000fc1a400000)]
  0x0000028979d92b40 JavaThread "pool-1-thread-1" [_thread_blocked, id=684, stack(0x000000fc1aa00000,0x000000fc1ab00000)]

Other Threads:
  0x00000289333a51b0 VMThread "VM Thread" [stack: 0x000000fc19700000,0x000000fc19800000] [id=10800]
  0x0000028933543f40 WatcherThread [stack: 0x000000fc1a200000,0x000000fc1a300000] [id=10684]
  0x000002891950bfb0 GCTaskThread "GC Thread#0" [stack: 0x000000fc19200000,0x000000fc19300000] [id=11108]
  0x000002893385ad50 GCTaskThread "GC Thread#1" [stack: 0x000000fc1a600000,0x000000fc1a700000] [id=11364]
  0x0000028979068ae0 GCTaskThread "GC Thread#2" [stack: 0x000000fc1a700000,0x000000fc1a800000] [id=19152]
  0x0000028933672780 GCTaskThread "GC Thread#3" [stack: 0x000000fc1a800000,0x000000fc1a900000] [id=2668]
  0x000002897904f450 GCTaskThread "GC Thread#4" [stack: 0x000000fc1a500000,0x000000fc1a600000] [id=13628]
  0x000002897904ebe0 GCTaskThread "GC Thread#5" [stack: 0x000000fc1a900000,0x000000fc1aa00000] [id=21476]
  0x000002897904e640 GCTaskThread "GC Thread#6" [stack: 0x000000fc1ab00000,0x000000fc1ac00000] [id=10852]
  0x000002897904e910 GCTaskThread "GC Thread#7" [stack: 0x000000fc1ac00000,0x000000fc1ad00000] [id=20400]
  0x000002891950d710 ConcurrentGCThread "G1 Main Marker" [stack: 0x000000fc19300000,0x000000fc19400000] [id=16048]
  0x000002891950ee00 ConcurrentGCThread "G1 Conc#0" [stack: 0x000000fc19400000,0x000000fc19500000] [id=7188]
  0x0000028919596e00 ConcurrentGCThread "G1 Refine#0" [stack: 0x000000fc19500000,0x000000fc19600000] [id=6160]
  0x0000028979025910 ConcurrentGCThread "G1 Refine#1" [stack: 0x000000fc1ad00000,0x000000fc1ae00000] [id=19488]
  0x00000289195976e0 ConcurrentGCThread "G1 Service" [stack: 0x000000fc19600000,0x000000fc19700000] [id=17728]

Threads with active compile tasks:
C2 CompilerThread0  45764 2000 %     4       org.gradle.internal.logging.text.AbstractLineChoppingStyledTextOutput::doAppend @ 10 (43 bytes)

VM state: not at safepoint (normal execution)

VM Mutex/Monitor currently owned by a thread: None

Heap address: 0x00000000fc000000, size: 64 MB, Compressed Oops mode: 32-bit

CDS archive(s) mapped at: [0x0000028934000000-0x0000028934bb0000-0x0000028934bb0000), size 12255232, SharedBaseAddress: 0x0000028934000000, ArchiveRelocationMode: 1.
Compressed class space mapped at: 0x0000028935000000-0x0000028975000000, reserved size: 1073741824
Narrow klass base: 0x0000028934000000, Narrow klass shift: 0, Narrow klass range: 0x100000000

GC Precious Log:
 CPUs: 12 total, 12 available
 Memory: 7916M
 Large Page Support: Disabled
 NUMA Support: Disabled
 Compressed Oops: Enabled (32-bit)
 Heap Region Size: 1M
 Heap Min Capacity: 64M
 Heap Initial Capacity: 64M
 Heap Max Capacity: 64M
 Pre-touch: Disabled
 Parallel Workers: 10
 Concurrent Workers: 3
 Concurrent Refinement Workers: 10
 Periodic GC: Disabled

Heap:
 garbage-first heap   total 65536K, used 23418K [0x00000000fc000000, 0x0000000100000000)
  region size 1024K, 16 young (16384K), 4 survivors (4096K)
 Metaspace       used 10259K, committed 10432K, reserved 1114112K
  class space    used 1322K, committed 1408K, reserved 1048576K

Heap Regions: E=young(eden), S=young(survivor), O=old, HS=humongous(starts), HC=humongous(continues), CS=collection set, F=free, OA=open archive, CA=closed archive, TAMS=top-at-mark-start (previous, next)
|   0|0x00000000fc000000, 0x00000000fc100000, 0x00000000fc100000|100%|HS|  |TAMS 0x00000000fc000000, 0x00000000fc000000| Complete 
|   1|0x00000000fc100000, 0x00000000fc200000, 0x00000000fc200000|100%|HC|  |TAMS 0x00000000fc100000, 0x00000000fc100000| Complete 
|   2|0x00000000fc200000, 0x00000000fc300000, 0x00000000fc300000|100%|HC|  |TAMS 0x00000000fc200000, 0x00000000fc200000| Complete 
|   3|0x00000000fc300000, 0x00000000fc400000, 0x00000000fc400000|100%|HC|  |TAMS 0x00000000fc300000, 0x00000000fc300000| Complete 
|   4|0x00000000fc400000, 0x00000000fc500000, 0x00000000fc500000|100%| O|  |TAMS 0x00000000fc400000, 0x00000000fc400000| Untracked 
|   5|0x00000000fc500000, 0x00000000fc600000, 0x00000000fc600000|100%| O|  |TAMS 0x00000000fc500000, 0x00000000fc500000| Untracked 
|   6|0x00000000fc600000, 0x00000000fc700000, 0x00000000fc700000|100%| O|  |TAMS 0x00000000fc600000, 0x00000000fc600000| Untracked 
|   7|0x00000000fc700000, 0x00000000fc7de800, 0x00000000fc800000| 86%| O|  |TAMS 0x00000000fc700000, 0x00000000fc700000| Untracked 
|   8|0x00000000fc800000, 0x00000000fc800000, 0x00000000fc900000|  0%| F|  |TAMS 0x00000000fc800000, 0x00000000fc800000| Untracked 
|   9|0x00000000fc900000, 0x00000000fc900000, 0x00000000fca00000|  0%| F|  |TAMS 0x00000000fc900000, 0x00000000fc900000| Untracked 
|  10|0x00000000fca00000, 0x00000000fca00000, 0x00000000fcb00000|  0%| F|  |TAMS 0x00000000fca00000, 0x00000000fca00000| Untracked 
|  11|0x00000000fcb00000, 0x00000000fcb00000, 0x00000000fcc00000|  0%| F|  |TAMS 0x00000000fcb00000, 0x00000000fcb00000| Untracked 
|  12|0x00000000fcc00000, 0x00000000fcc00000, 0x00000000fcd00000|  0%| F|  |TAMS 0x00000000fcc00000, 0x00000000fcc00000| Untracked 
|  13|0x00000000fcd00000, 0x00000000fcd00000, 0x00000000fce00000|  0%| F|  |TAMS 0x00000000fcd00000, 0x00000000fcd00000| Untracked 
|  14|0x00000000fce00000, 0x00000000fce00000, 0x00000000fcf00000|  0%| F|  |TAMS 0x00000000fce00000, 0x00000000fce00000| Untracked 
|  15|0x00000000fcf00000, 0x00000000fcf00000, 0x00000000fd000000|  0%| F|  |TAMS 0x00000000fcf00000, 0x00000000fcf00000| Untracked 
|  16|0x00000000fd000000, 0x00000000fd000000, 0x00000000fd100000|  0%| F|  |TAMS 0x00000000fd000000, 0x00000000fd000000| Untracked 
|  17|0x00000000fd100000, 0x00000000fd100000, 0x00000000fd200000|  0%| F|  |TAMS 0x00000000fd100000, 0x00000000fd100000| Untracked 
|  18|0x00000000fd200000, 0x00000000fd200000, 0x00000000fd300000|  0%| F|  |TAMS 0x00000000fd200000, 0x00000000fd200000| Untracked 
|  19|0x00000000fd300000, 0x00000000fd300000, 0x00000000fd400000|  0%| F|  |TAMS 0x00000000fd300000, 0x00000000fd300000| Untracked 
|  20|0x00000000fd400000, 0x00000000fd400000, 0x00000000fd500000|  0%| F|  |TAMS 0x00000000fd400000, 0x00000000fd400000| Untracked 
|  21|0x00000000fd500000, 0x00000000fd500000, 0x00000000fd600000|  0%| F|  |TAMS 0x00000000fd500000, 0x00000000fd500000| Untracked 
|  22|0x00000000fd600000, 0x00000000fd600000, 0x00000000fd700000|  0%| F|  |TAMS 0x00000000fd600000, 0x00000000fd600000| Untracked 
|  23|0x00000000fd700000, 0x00000000fd700000, 0x00000000fd800000|  0%| F|  |TAMS 0x00000000fd700000, 0x00000000fd700000| Untracked 
|  24|0x00000000fd800000, 0x00000000fd800000, 0x00000000fd900000|  0%| F|  |TAMS 0x00000000fd800000, 0x00000000fd800000| Untracked 
|  25|0x00000000fd900000, 0x00000000fd900000, 0x00000000fda00000|  0%| F|  |TAMS 0x00000000fd900000, 0x00000000fd900000| Untracked 
|  26|0x00000000fda00000, 0x00000000fda00000, 0x00000000fdb00000|  0%| F|  |TAMS 0x00000000fda00000, 0x00000000fda00000| Untracked 
|  27|0x00000000fdb00000, 0x00000000fdb00000, 0x00000000fdc00000|  0%| F|  |TAMS 0x00000000fdb00000, 0x00000000fdb00000| Untracked 
|  28|0x00000000fdc00000, 0x00000000fdd00000, 0x00000000fdd00000|100%| S|CS|TAMS 0x00000000fdc00000, 0x00000000fdc00000| Complete 
|  29|0x00000000fdd00000, 0x00000000fde00000, 0x00000000fde00000|100%| S|CS|TAMS 0x00000000fdd00000, 0x00000000fdd00000| Complete 
|  30|0x00000000fde00000, 0x00000000fdf00000, 0x00000000fdf00000|100%| S|CS|TAMS 0x00000000fde00000, 0x00000000fde00000| Complete 
|  31|0x00000000fdf00000, 0x00000000fe000000, 0x00000000fe000000|100%| S|CS|TAMS 0x00000000fdf00000, 0x00000000fdf00000| Complete 
|  32|0x00000000fe000000, 0x00000000fe000000, 0x00000000fe100000|  0%| F|  |TAMS 0x00000000fe000000, 0x00000000fe000000| Untracked 
|  33|0x00000000fe100000, 0x00000000fe100000, 0x00000000fe200000|  0%| F|  |TAMS 0x00000000fe100000, 0x00000000fe100000| Untracked 
|  34|0x00000000fe200000, 0x00000000fe200000, 0x00000000fe300000|  0%| F|  |TAMS 0x00000000fe200000, 0x00000000fe200000| Untracked 
|  35|0x00000000fe300000, 0x00000000fe300000, 0x00000000fe400000|  0%| F|  |TAMS 0x00000000fe300000, 0x00000000fe300000| Untracked 
|  36|0x00000000fe400000, 0x00000000fe400000, 0x00000000fe500000|  0%| F|  |TAMS 0x00000000fe400000, 0x00000000fe400000| Untracked 
|  37|0x00000000fe500000, 0x00000000fe500000, 0x00000000fe600000|  0%| F|  |TAMS 0x00000000fe500000, 0x00000000fe500000| Untracked 
|  38|0x00000000fe600000, 0x00000000fe600000, 0x00000000fe700000|  0%| F|  |TAMS 0x00000000fe600000, 0x00000000fe600000| Untracked 
|  39|0x00000000fe700000, 0x00000000fe700000, 0x00000000fe800000|  0%| F|  |TAMS 0x00000000fe700000, 0x00000000fe700000| Untracked 
|  40|0x00000000fe800000, 0x00000000fe800000, 0x00000000fe900000|  0%| F|  |TAMS 0x00000000fe800000, 0x00000000fe800000| Untracked 
|  41|0x00000000fe900000, 0x00000000fe900000, 0x00000000fea00000|  0%| F|  |TAMS 0x00000000fe900000, 0x00000000fe900000| Untracked 
|  42|0x00000000fea00000, 0x00000000fea00000, 0x00000000feb00000|  0%| F|  |TAMS 0x00000000fea00000, 0x00000000fea00000| Untracked 
|  43|0x00000000feb00000, 0x00000000feb00000, 0x00000000fec00000|  0%| F|  |TAMS 0x00000000feb00000, 0x00000000feb00000| Untracked 
|  44|0x00000000fec00000, 0x00000000fec00000, 0x00000000fed00000|  0%| F|  |TAMS 0x00000000fec00000, 0x00000000fec00000| Untracked 
|  45|0x00000000fed00000, 0x00000000fed00000, 0x00000000fee00000|  0%| F|  |TAMS 0x00000000fed00000, 0x00000000fed00000| Untracked 
|  46|0x00000000fee00000, 0x00000000fee00000, 0x00000000fef00000|  0%| F|  |TAMS 0x00000000fee00000, 0x00000000fee00000| Untracked 
|  47|0x00000000fef00000, 0x00000000fef00000, 0x00000000ff000000|  0%| F|  |TAMS 0x00000000fef00000, 0x00000000fef00000| Untracked 
|  48|0x00000000ff000000, 0x00000000ff000000, 0x00000000ff100000|  0%| F|  |TAMS 0x00000000ff000000, 0x00000000ff000000| Untracked 
|  49|0x00000000ff100000, 0x00000000ff100000, 0x00000000ff200000|  0%| F|  |TAMS 0x00000000ff100000, 0x00000000ff100000| Untracked 
|  50|0x00000000ff200000, 0x00000000ff200000, 0x00000000ff300000|  0%| F|  |TAMS 0x00000000ff200000, 0x00000000ff200000| Untracked 
|  51|0x00000000ff300000, 0x00000000ff300000, 0x00000000ff400000|  0%| F|  |TAMS 0x00000000ff300000, 0x00000000ff300000| Untracked 
|  52|0x00000000ff400000, 0x00000000ff4f26c0, 0x00000000ff500000| 94%| E|  |TAMS 0x00000000ff400000, 0x00000000ff400000| Complete 
|  53|0x00000000ff500000, 0x00000000ff600000, 0x00000000ff600000|100%| E|CS|TAMS 0x00000000ff500000, 0x00000000ff500000| Complete 
|  54|0x00000000ff600000, 0x00000000ff700000, 0x00000000ff700000|100%| E|CS|TAMS 0x00000000ff600000, 0x00000000ff600000| Complete 
|  55|0x00000000ff700000, 0x00000000ff800000, 0x00000000ff800000|100%| E|CS|TAMS 0x00000000ff700000, 0x00000000ff700000| Complete 
|  56|0x00000000ff800000, 0x00000000ff900000, 0x00000000ff900000|100%| E|CS|TAMS 0x00000000ff800000, 0x00000000ff800000| Complete 
|  57|0x00000000ff900000, 0x00000000ffa00000, 0x00000000ffa00000|100%| E|CS|TAMS 0x00000000ff900000, 0x00000000ff900000| Complete 
|  58|0x00000000ffa00000, 0x00000000ffb00000, 0x00000000ffb00000|100%| E|CS|TAMS 0x00000000ffa00000, 0x00000000ffa00000| Complete 
|  59|0x00000000ffb00000, 0x00000000ffc00000, 0x00000000ffc00000|100%| E|CS|TAMS 0x00000000ffb00000, 0x00000000ffb00000| Complete 
|  60|0x00000000ffc00000, 0x00000000ffd00000, 0x00000000ffd00000|100%| E|CS|TAMS 0x00000000ffc00000, 0x00000000ffc00000| Complete 
|  61|0x00000000ffd00000, 0x00000000ffe00000, 0x00000000ffe00000|100%| E|CS|TAMS 0x00000000ffd00000, 0x00000000ffd00000| Complete 
|  62|0x00000000ffe00000, 0x00000000fff00000, 0x00000000fff00000|100%| E|CS|TAMS 0x00000000ffe00000, 0x00000000ffe00000| Complete 
|  63|0x00000000fff00000, 0x0000000100000000, 0x0000000100000000|100%| E|CS|TAMS 0x00000000fff00000, 0x00000000fff00000| Complete 

Card table byte_map: [0x00000289193f0000,0x0000028919410000] _byte_map_base: 0x0000028918c10000

Marking Bits (Prev, Next): (CMBitMap*) 0x000002891950c5e0, (CMBitMap*) 0x000002891950c620
 Prev Bits: [0x00000289305b0000, 0x00000289306b0000)
 Next Bits: [0x00000289306b0000, 0x00000289307b0000)

Polling page: 0x00000289175a0000

Metaspace:

Usage:
  Non-class:      8.73 MB used.
      Class:      1.29 MB used.
       Both:     10.02 MB used.

Virtual space:
  Non-class space:       64.00 MB reserved,       8.81 MB ( 14%) committed,  1 nodes.
      Class space:        1.00 GB reserved,       1.38 MB ( <1%) committed,  1 nodes.
             Both:        1.06 GB reserved,      10.19 MB ( <1%) committed. 

Chunk freelists:
   Non-Class:  6.31 MB
       Class:  14.46 MB
        Both:  20.78 MB

MaxMetaspaceSize: unlimited
CompressedClassSpaceSize: 1.00 GB
Initial GC threshold: 21.00 MB
Current GC threshold: 21.00 MB
CDS: on
MetaspaceReclaimPolicy: balanced
 - commit_granule_bytes: 65536.
 - commit_granule_words: 8192.
 - virtual_space_node_default_size: 8388608.
 - enlarge_chunks_in_place: 1.
 - new_chunks_are_fully_committed: 0.
 - uncommit_free_chunks: 1.
 - use_allocation_guard: 0.
 - handle_deallocations: 1.


Internal statistics:

num_allocs_failed_limit: 0.
num_arena_births: 130.
num_arena_deaths: 0.
num_vsnodes_births: 2.
num_vsnodes_deaths: 0.
num_space_committed: 163.
num_space_uncommitted: 0.
num_chunks_returned_to_freelist: 0.
num_chunks_taken_from_freelist: 425.
num_chunk_merges: 0.
num_chunk_splits: 273.
num_chunks_enlarged: 204.
num_inconsistent_stats: 0.

CodeHeap 'non-profiled nmethods': size=120000Kb used=869Kb max_used=869Kb free=119131Kb
 bounds [0x0000028928b30000, 0x0000028928da0000, 0x0000028930060000]
CodeHeap 'profiled nmethods': size=120000Kb used=3756Kb max_used=3756Kb free=116243Kb
 bounds [0x0000028921060000, 0x0000028921410000, 0x0000028928590000]
CodeHeap 'non-nmethods': size=5760Kb used=1173Kb max_used=1199Kb free=4586Kb
 bounds [0x0000028928590000, 0x0000028928800000, 0x0000028928b30000]
 total_blobs=2478 nmethods=2009 adapters=382
 compilation: enabled
              stopped_count=0, restarted_count=0
 full_count=0

Compilation events (20 events):
Event: 37.692 Thread 0x00000289333d6160 nmethod 1995 0x0000028921402190 code [0x00000289214023a0, 0x0000028921402a78]
Event: 37.692 Thread 0x00000289333d6160 1996       3       java.io.FileOutputStream::write (20 bytes)
Event: 37.692 Thread 0x00000289333d6160 nmethod 1996 0x0000028921402d90 code [0x0000028921402f40, 0x0000028921403108]
Event: 37.692 Thread 0x00000289333d6160 1999       3       sun.nio.cs.StreamEncoder::writeBytes (139 bytes)
Event: 37.693 Thread 0x00000289333d6160 nmethod 1999 0x0000028921403210 code [0x0000028921403480, 0x0000028921403e58]
Event: 37.698 Thread 0x00000289333d6160 2002       3       org.gradle.internal.logging.console.DefaultTextArea$2$1::execute (145 bytes)
Event: 41.710 Thread 0x00000289333d6160 nmethod 2002 0x0000028921404190 code [0x0000028921404440, 0x0000028921405068]
Event: 41.710 Thread 0x00000289333d6160 2005       3       com.google.common.collect.Iterators::addAll (41 bytes)
Event: 41.710 Thread 0x00000289333d6160 nmethod 2005 0x0000028921405690 code [0x00000289214058a0, 0x0000028921405f68]
Event: 41.710 Thread 0x00000289333d6160 2006       3       java.lang.AbstractStringBuilder::append (60 bytes)
Event: 41.711 Thread 0x00000289333d6160 nmethod 2006 0x0000028921406190 code [0x0000028921406380, 0x00000289214066b8]
Event: 41.711 Thread 0x00000289333d6160 2007       3       java.util.concurrent.ScheduledThreadPoolExecutor$DelayedWorkQueue::finishPoll (43 bytes)
Event: 41.711 Thread 0x00000289333d6160 nmethod 2007 0x0000028921406810 code [0x00000289214069e0, 0x0000028921406fc8]
Event: 41.711 Thread 0x00000289333d6160 2003       3       org.gradle.internal.logging.console.AnsiConsole$Listener::beforeNewLineWritten (49 bytes)
Event: 41.711 Thread 0x00000289333d6160 nmethod 2003 0x0000028921407190 code [0x00000289214073a0, 0x00000289214078a8]
Event: 41.711 Thread 0x00000289333d6160 2004       3       org.fusesource.jansi.Ansi::newline (19 bytes)
Event: 41.711 Thread 0x00000289333d6160 nmethod 2004 0x0000028921407c10 code [0x0000028921407e20, 0x0000028921408388]
Event: 41.976 Thread 0x00000289333d6160 2008       3       org.fusesource.jansi.Ansi::appendEscapeSequence (44 bytes)
Event: 41.976 Thread 0x00000289333d6160 nmethod 2008 0x0000028921408590 code [0x00000289214087a0, 0x0000028921408ba8]
Event: 41.977 Thread 0x00000289333d6160 2009       3       java.util.concurrent.locks.AbstractQueuedSynchronizer$ConditionObject::awaitNanos (200 bytes)

GC Heap History (4 events):
Event: 0.584 GC heap before
{Heap before GC invocations=0 (full 0):
 garbage-first heap   total 65536K, used 23552K [0x00000000fc000000, 0x0000000100000000)
  region size 1024K, 23 young (23552K), 0 survivors (0K)
 Metaspace       used 1670K, committed 1792K, reserved 1114112K
  class space    used 156K, committed 192K, reserved 1048576K
}
Event: 0.588 GC heap after
{Heap after GC invocations=1 (full 0):
 garbage-first heap   total 65536K, used 1984K [0x00000000fc000000, 0x0000000100000000)
  region size 1024K, 2 young (2048K), 2 survivors (2048K)
 Metaspace       used 1670K, committed 1792K, reserved 1114112K
  class space    used 156K, committed 192K, reserved 1048576K
}
Event: 1.713 GC heap before
{Heap before GC invocations=1 (full 0):
 garbage-first heap   total 65536K, used 36800K [0x00000000fc000000, 0x0000000100000000)
  region size 1024K, 32 young (32768K), 2 survivors (2048K)
 Metaspace       used 7202K, committed 7424K, reserved 1114112K
  class space    used 954K, committed 1024K, reserved 1048576K
}
Event: 1.721 GC heap after
{Heap after GC invocations=2 (full 0):
 garbage-first heap   total 65536K, used 12154K [0x00000000fc000000, 0x0000000100000000)
  region size 1024K, 4 young (4096K), 4 survivors (4096K)
 Metaspace       used 7202K, committed 7424K, reserved 1114112K
  class space    used 954K, committed 1024K, reserved 1048576K
}

Dll operation events (13 events):
Event: 0.009 Loaded shared library C:\Program Files\Microsoft\jdk-17.0.18.8-hotspot\bin\java.dll
Event: 0.026 Loaded shared library C:\Program Files\Microsoft\jdk-17.0.18.8-hotspot\bin\jsvml.dll
Event: 0.052 Loaded shared library C:\Program Files\Microsoft\jdk-17.0.18.8-hotspot\bin\net.dll
Event: 0.054 Loaded shared library C:\Program Files\Microsoft\jdk-17.0.18.8-hotspot\bin\nio.dll
Event: 0.056 Loaded shared library C:\Program Files\Microsoft\jdk-17.0.18.8-hotspot\bin\zip.dll
Event: 0.594 Loaded shared library C:\Program Files\Microsoft\jdk-17.0.18.8-hotspot\bin\jimage.dll
Event: 1.291 Loaded shared library C:\Program Files\Microsoft\jdk-17.0.18.8-hotspot\bin\management.dll
Event: 1.296 Loaded shared library C:\Program Files\Microsoft\jdk-17.0.18.8-hotspot\bin\management_ext.dll
Event: 1.373 Loaded shared library C:\Users\PMLS\.gradle\native\660c5614fbf4a5f2a75b1949f50a0caf5cd603558e7d8a26e50b933a0cfb79d1\windows-amd64\native-platform.dll
Event: 1.426 Loaded shared library C:\Users\PMLS\.gradle\native\jansi\2.4.2\Windows\x86_64\jansi.dll
Event: 1.686 Loaded shared library C:\Program Files\Microsoft\jdk-17.0.18.8-hotspot\bin\extnet.dll
Event: 1.880 Loaded shared library C:\Program Files\Microsoft\jdk-17.0.18.8-hotspot\bin\sunmscapi.dll
Event: 1.898 Loaded shared library C:\Program Files\Microsoft\jdk-17.0.18.8-hotspot\bin\verify.dll

Deoptimization events (20 events):
Event: 1.889 Thread 0x000002891711d800 Uncommon trap: trap_request=0xffffff45 fr.pc=0x0000028928b9d614 relative=0x0000000000000574
Event: 1.889 Thread 0x000002891711d800 Uncommon trap: reason=unstable_if action=reinterpret pc=0x0000028928b9d614 method=java.lang.Integer.getChars(II[B)I @ 25 c2
Event: 1.889 Thread 0x000002891711d800 DEOPT PACKING pc=0x0000028928b9d614 sp=0x000000fc191fd010
Event: 1.889 Thread 0x000002891711d800 DEOPT UNPACKING pc=0x00000289285e69a3 sp=0x000000fc191fcf58 mode 2
Event: 1.904 Thread 0x000002891711d800 Uncommon trap: trap_request=0xffffffde fr.pc=0x0000028928b6ba94 relative=0x0000000000000074
Event: 1.904 Thread 0x000002891711d800 Uncommon trap: reason=class_check action=maybe_recompile pc=0x0000028928b6ba94 method=java.util.AbstractList$Itr.hasNext()Z @ 8 c2
Event: 1.904 Thread 0x000002891711d800 DEOPT PACKING pc=0x0000028928b6ba94 sp=0x000000fc191fd5f0
Event: 1.904 Thread 0x000002891711d800 DEOPT UNPACKING pc=0x00000289285e69a3 sp=0x000000fc191fd588 mode 2
Event: 1.973 Thread 0x0000028979d92b40 Uncommon trap: trap_request=0xffffffde fr.pc=0x0000028928b6bdd4 relative=0x00000000000000b4
Event: 1.973 Thread 0x0000028979d92b40 Uncommon trap: reason=class_check action=maybe_recompile pc=0x0000028928b6bdd4 method=java.util.AbstractList$Itr.next()Ljava/lang/Object; @ 14 c2
Event: 1.973 Thread 0x0000028979d92b40 DEOPT PACKING pc=0x0000028928b6bdd4 sp=0x000000fc1aafe810
Event: 1.973 Thread 0x0000028979d92b40 DEOPT UNPACKING pc=0x00000289285e69a3 sp=0x000000fc1aafe7a8 mode 2
Event: 34.665 Thread 0x0000028979d92b40 Uncommon trap: trap_request=0xffffff45 fr.pc=0x0000028928c033e8 relative=0x0000000000000568
Event: 34.665 Thread 0x0000028979d92b40 Uncommon trap: reason=unstable_if action=reinterpret pc=0x0000028928c033e8 method=org.gradle.internal.logging.text.AbstractLineChoppingStyledTextOutput$2.execute(Lorg/gradle/internal/logging/text/AbstractLineChoppingStyledTextOutput$StateContext;)V @ 34 c
Event: 34.666 Thread 0x0000028979d92b40 DEOPT PACKING pc=0x0000028928c033e8 sp=0x000000fc1aafe6b0
Event: 34.666 Thread 0x0000028979d92b40 DEOPT UNPACKING pc=0x00000289285e69a3 sp=0x000000fc1aafe538 mode 2
Event: 34.668 Thread 0x0000028979d92b40 Uncommon trap: trap_request=0xffffff45 fr.pc=0x0000028928c041b0 relative=0x00000000000003d0
Event: 34.668 Thread 0x0000028979d92b40 Uncommon trap: reason=unstable_if action=reinterpret pc=0x0000028928c041b0 method=org.gradle.internal.logging.text.AbstractLineChoppingStyledTextOutput$2.execute(Lorg/gradle/internal/logging/text/AbstractLineChoppingStyledTextOutput$StateContext;)V @ 34 c
Event: 34.668 Thread 0x0000028979d92b40 DEOPT PACKING pc=0x0000028928c041b0 sp=0x000000fc1aafe5f0
Event: 34.668 Thread 0x0000028979d92b40 DEOPT UNPACKING pc=0x00000289285e69a3 sp=0x000000fc1aafe5b0 mode 2

Classes loaded (20 events):
Event: 34.305 Loading class java/io/ObjectInputStream$FieldValues
Event: 34.305 Loading class java/io/ObjectInputStream$GetField
Event: 34.306 Loading class java/io/ObjectInputStream$GetField done
Event: 34.306 Loading class java/io/ObjectInputStream$FieldValues done
Event: 34.307 Loading class java/util/function/UnaryOperator
Event: 34.308 Loading class java/util/function/UnaryOperator done
Event: 34.311 Loading class java/io/ObjectStreamClass$ExceptionInfo
Event: 34.312 Loading class java/io/ObjectStreamClass$ExceptionInfo done
Event: 34.314 Loading class java/io/SerialCallbackContext
Event: 34.314 Loading class java/io/SerialCallbackContext done
Event: 34.329 Loading class java/io/PrintWriter
Event: 34.330 Loading class java/io/PrintWriter done
Event: 34.330 Loading class java/lang/Throwable$PrintStreamOrWriter
Event: 34.330 Loading class java/lang/Throwable$PrintStreamOrWriter done
Event: 34.342 Loading class java/rmi/ConnectException
Event: 34.343 Loading class java/rmi/RemoteException
Event: 34.343 Loading class java/rmi/RemoteException done
Event: 34.343 Loading class java/rmi/ConnectException done
Event: 34.379 Loading class java/lang/Throwable$WrappedPrintWriter
Event: 34.379 Loading class java/lang/Throwable$WrappedPrintWriter done

Classes unloaded (0 events):
No events

Classes redefined (0 events):
No events

Internal exceptions (20 events):
Event: 1.399 Thread 0x000002891711d800 Exception <a 'java/lang/NoSuchMethodError'{0x00000000feb1c610}: 'java.lang.Object java.lang.invoke.DirectMethodHandle$Holder.invokeVirtual(java.lang.Object, java.lang.Object, java.lang.Object)'> (0x00000000feb1c610) 
thrown [s\src\hotspot\share\interpreter\linkResolver.cpp, line 759]
Event: 1.419 Thread 0x000002891711d800 Exception <a 'java/lang/NullPointerException'{0x00000000febd2958}> (0x00000000febd2958) 
thrown [s\src\hotspot\share\interpreter\linkResolver.cpp, line 1350]
Event: 1.430 Thread 0x000002891711d800 Exception <a 'java/lang/NoSuchMethodError'{0x00000000febf8180}: 'void java.lang.invoke.DirectMethodHandle$Holder.invokeStatic(java.lang.Object, long, java.lang.Object)'> (0x00000000febf8180) 
thrown [s\src\hotspot\share\interpreter\linkResolver.cpp, line 759]
Event: 1.431 Thread 0x000002891711d800 Exception <a 'java/lang/NoSuchMethodError'{0x00000000febfe490}: 'java.lang.Object java.lang.invoke.DirectMethodHandle$Holder.newInvokeSpecial(java.lang.Object, long, java.lang.Object)'> (0x00000000febfe490) 
thrown [s\src\hotspot\share\interpreter\linkResolver.cpp, line 759]
Event: 1.433 Thread 0x000002891711d800 Exception <a 'java/lang/NullPointerException'{0x00000000fea57aa0}> (0x00000000fea57aa0) 
thrown [s\src\hotspot\share\interpreter\linkResolver.cpp, line 1350]
Event: 1.433 Thread 0x000002891711d800 Exception <a 'java/lang/NullPointerException'{0x00000000fea58020}> (0x00000000fea58020) 
thrown [s\src\hotspot\share\interpreter\linkResolver.cpp, line 1350]
Event: 1.433 Thread 0x000002891711d800 Exception <a 'java/lang/NullPointerException'{0x00000000fea585a0}> (0x00000000fea585a0) 
thrown [s\src\hotspot\share\interpreter\linkResolver.cpp, line 1350]
Event: 1.435 Thread 0x000002891711d800 Exception <a 'java/lang/NullPointerException'{0x00000000fea5fc28}> (0x00000000fea5fc28) 
thrown [s\src\hotspot\share\interpreter\linkResolver.cpp, line 1350]
Event: 1.439 Thread 0x000002891711d800 Exception <a 'java/lang/NullPointerException'{0x00000000fea79df0}> (0x00000000fea79df0) 
thrown [s\src\hotspot\share\interpreter\linkResolver.cpp, line 1350]
Event: 1.439 Thread 0x000002891711d800 Exception <a 'java/lang/NullPointerException'{0x00000000fea7a370}> (0x00000000fea7a370) 
thrown [s\src\hotspot\share\interpreter\linkResolver.cpp, line 1350]
Event: 1.439 Thread 0x000002891711d800 Exception <a 'java/lang/NullPointerException'{0x00000000fea7a8f0}> (0x00000000fea7a8f0) 
thrown [s\src\hotspot\share\interpreter\linkResolver.cpp, line 1350]
Event: 1.439 Thread 0x000002891711d800 Exception <a 'java/lang/NullPointerException'{0x00000000fea7ae70}> (0x00000000fea7ae70) 
thrown [s\src\hotspot\share\interpreter\linkResolver.cpp, line 1350]
Event: 1.504 Thread 0x000002891711d800 Exception <a 'java/lang/NoSuchMethodError'{0x00000000fe5a4e38}: 'java.lang.Object java.lang.invoke.DirectMethodHandle$Holder.newInvokeSpecial(java.lang.Object, java.lang.Object, java.lang.Object, java.lang.Object, java.lang.Object)'> (0x00000000fe5a4e38) 
thrown [s\src\hotspot\share\interpreter\linkResolver.cpp, line 759]
Event: 1.525 Thread 0x000002891711d800 Exception <a 'java/lang/NoSuchMethodError'{0x00000000fe49ba18}: 'void java.lang.invoke.DirectMethodHandle$Holder.invokeSpecial(java.lang.Object, java.lang.Object, java.lang.Object)'> (0x00000000fe49ba18) 
thrown [s\src\hotspot\share\interpreter\linkResolver.cpp, line 759]
Event: 1.528 Thread 0x000002891711d800 Implicit null exception at 0x0000028928b7940b to 0x0000028928b7994c
Event: 1.537 Thread 0x000002891711d800 Implicit null exception at 0x0000028928b65a2f to 0x0000028928b65aa9
Event: 1.688 Thread 0x000002891711d800 Exception <a 'java/lang/NoSuchMethodError'{0x00000000fe2bd978}: 'void java.lang.invoke.DirectMethodHandle$Holder.invokeStatic(java.lang.Object, java.lang.Object, java.lang.Object)'> (0x00000000fe2bd978) 
thrown [s\src\hotspot\share\interpreter\linkResolver.cpp, line 759]
Event: 1.780 Thread 0x000002891711d800 Exception <a 'java/lang/NoSuchMethodError'{0x00000000ffb50ee0}: 'java.lang.Object java.lang.invoke.DirectMethodHandle$Holder.invokeStaticInit(java.lang.Object, int, int, int, int)'> (0x00000000ffb50ee0) 
thrown [s\src\hotspot\share\interpreter\linkResolver.cpp, line 759]
Event: 1.818 Thread 0x000002891711d800 Exception <a 'java/lang/NoSuchMethodError'{0x00000000ffbc47f8}: 'java.lang.Object java.lang.invoke.DirectMethodHandle$Holder.invokeStaticInit(java.lang.Object, java.lang.Object, int, int, int, int)'> (0x00000000ffbc47f8) 
thrown [s\src\hotspot\share\interpreter\linkResolver.cpp, line 759]
Event: 1.839 Thread 0x000002891711d800 Implicit null exception at 0x0000028928b79ed5 to 0x0000028928b7a48c

VM Operations (20 events):
Event: 10.016 Executing VM operation: Cleanup
Event: 10.016 Executing VM operation: Cleanup done
Event: 22.149 Executing VM operation: Cleanup
Event: 22.149 Executing VM operation: Cleanup done
Event: 25.162 Executing VM operation: Cleanup
Event: 25.163 Executing VM operation: Cleanup done
Event: 26.164 Executing VM operation: Cleanup
Event: 26.164 Executing VM operation: Cleanup done
Event: 27.176 Executing VM operation: Cleanup
Event: 27.176 Executing VM operation: Cleanup done
Event: 28.177 Executing VM operation: Cleanup
Event: 28.177 Executing VM operation: Cleanup done
Event: 31.199 Executing VM operation: Cleanup
Event: 31.200 Executing VM operation: Cleanup done
Event: 33.222 Executing VM operation: Cleanup
Event: 33.222 Executing VM operation: Cleanup done
Event: 35.239 Executing VM operation: Cleanup
Event: 35.239 Executing VM operation: Cleanup done
Event: 38.272 Executing VM operation: Cleanup
Event: 39.699 Executing VM operation: Cleanup done

Memory protections (0 events):
No events

Nmethod flushes (0 events):
No events

Events (19 events):
Event: 0.026 Thread 0x000002891711d800 Thread added: 0x000002891711d800
Event: 0.029 Thread 0x000002891711d800 Thread added: 0x00000289333aa710
Event: 0.029 Thread 0x000002891711d800 Thread added: 0x00000289333ad2e0
Event: 0.038 Thread 0x000002891711d800 Thread added: 0x00000289333c7d80
Event: 0.038 Thread 0x000002891711d800 Thread added: 0x00000289333c8650
Event: 0.038 Thread 0x000002891711d800 Thread added: 0x00000289333c9010
Event: 0.038 Thread 0x000002891711d800 Thread added: 0x00000289333c99d0
Event: 0.038 Thread 0x000002891711d800 Thread added: 0x00000289333cc780
Event: 0.038 Thread 0x000002891711d800 Thread added: 0x00000289333d6160
Event: 0.038 Thread 0x000002891711d800 Thread added: 0x000002893340e760
Event: 0.048 Thread 0x000002891711d800 Thread added: 0x000002893353afe0
Event: 0.049 Thread 0x000002891711d800 Thread added: 0x0000028933548810
Event: 0.582 Thread 0x00000289333d6160 Thread added: 0x0000028979069470
Event: 0.582 Thread 0x00000289333d6160 Thread added: 0x0000028979069990
Event: 1.422 Thread 0x000002891711d800 Thread added: 0x0000028979d94eb0
Event: 1.467 Thread 0x000002891711d800 Thread added: 0x0000028979d92b40
Event: 1.481 Thread 0x0000028979d94eb0 Thread exited: 0x0000028979d94eb0
Event: 1.688 Thread 0x0000028979069990 Thread exited: 0x0000028979069990
Event: 2.044 Thread 0x0000028979069470 Thread exited: 0x0000028979069470


Dynamic libraries:
0x00007ff72dc70000 - 0x00007ff72dc7e000 	C:\Program Files\Microsoft\jdk-17.0.18.8-hotspot\bin\java.exe
0x00007ff994d20000 - 0x00007ff994f87000 	C:\WINDOWS\SYSTEM32\ntdll.dll
0x00007ff993ff0000 - 0x00007ff9940b9000 	C:\WINDOWS\System32\KERNEL32.DLL
0x00007ff9925c0000 - 0x00007ff9929b4000 	C:\WINDOWS\System32\KERNELBASE.dll
0x00007ff992470000 - 0x00007ff9925bb000 	C:\WINDOWS\System32\ucrtbase.dll
0x00007ff9870d0000 - 0x00007ff9870ee000 	C:\Program Files\Microsoft\jdk-17.0.18.8-hotspot\bin\VCRUNTIME140.dll
0x00007ff9870f0000 - 0x00007ff987108000 	C:\Program Files\Microsoft\jdk-17.0.18.8-hotspot\bin\jli.dll
0x00007ff992f50000 - 0x00007ff993115000 	C:\WINDOWS\System32\USER32.dll
0x00007ff992a80000 - 0x00007ff992aa7000 	C:\WINDOWS\System32\win32u.dll
0x00007ff978cc0000 - 0x00007ff978f53000 	C:\WINDOWS\WinSxS\amd64_microsoft.windows.common-controls_6595b64144ccf1df_6.0.26100.8115_none_3e075c82e3354f9c\COMCTL32.dll
0x00007ff994a60000 - 0x00007ff994a8b000 	C:\WINDOWS\System32\GDI32.dll
0x00007ff9931b0000 - 0x00007ff993259000 	C:\WINDOWS\System32\msvcrt.dll
0x00007ff991990000 - 0x00007ff991abb000 	C:\WINDOWS\System32\gdi32full.dll
0x00007ff9918e0000 - 0x00007ff991983000 	C:\WINDOWS\System32\msvcp_win.dll
0x00007ff993260000 - 0x00007ff993292000 	C:\WINDOWS\System32\IMM32.DLL
0x00007ff9870c0000 - 0x00007ff9870cc000 	C:\Program Files\Microsoft\jdk-17.0.18.8-hotspot\bin\vcruntime140_1.dll
0x00007ff95af90000 - 0x00007ff95b019000 	C:\Program Files\Microsoft\jdk-17.0.18.8-hotspot\bin\msvcp140.dll
0x00007ff93b1f0000 - 0x00007ff93be6a000 	C:\Program Files\Microsoft\jdk-17.0.18.8-hotspot\bin\server\jvm.dll
0x00007ff993890000 - 0x00007ff993946000 	C:\WINDOWS\System32\ADVAPI32.dll
0x00007ff993a50000 - 0x00007ff993af7000 	C:\WINDOWS\System32\sechost.dll
0x00007ff9941d0000 - 0x00007ff9942e8000 	C:\WINDOWS\System32\RPCRT4.dll
0x00007ff992eb0000 - 0x00007ff992f30000 	C:\WINDOWS\System32\WS2_32.dll
0x00007ff983d70000 - 0x00007ff983da6000 	C:\WINDOWS\SYSTEM32\WINMM.dll
0x00007ff991470000 - 0x00007ff9914ce000 	C:\WINDOWS\SYSTEM32\POWRPROF.dll
0x00007ff987c50000 - 0x00007ff987c5b000 	C:\WINDOWS\SYSTEM32\VERSION.dll
0x00007ff991450000 - 0x00007ff991464000 	C:\WINDOWS\SYSTEM32\UMPDC.dll
0x00007ff990380000 - 0x00007ff99039b000 	C:\WINDOWS\SYSTEM32\kernel.appcore.dll
0x00007ff986c10000 - 0x00007ff986c1a000 	C:\Program Files\Microsoft\jdk-17.0.18.8-hotspot\bin\jimage.dll
0x00007ff98f570000 - 0x00007ff98f7b2000 	C:\WINDOWS\SYSTEM32\DBGHELP.DLL
0x00007ff993480000 - 0x00007ff993802000 	C:\WINDOWS\System32\combase.dll
0x00007ff9940e0000 - 0x00007ff9941b8000 	C:\WINDOWS\System32\OLEAUT32.dll
0x00007ff97a3e0000 - 0x00007ff97a41b000 	C:\WINDOWS\SYSTEM32\dbgcore.DLL
0x00007ff991b50000 - 0x00007ff991bf5000 	C:\WINDOWS\System32\bcryptPrimitives.dll
0x00007ff953140000 - 0x00007ff953166000 	C:\Program Files\Microsoft\jdk-17.0.18.8-hotspot\bin\java.dll
0x00007ff953000000 - 0x00007ff9530d6000 	C:\Program Files\Microsoft\jdk-17.0.18.8-hotspot\bin\jsvml.dll
0x00007ff9942f0000 - 0x00007ff994a57000 	C:\WINDOWS\System32\SHELL32.dll
0x00007ff991770000 - 0x00007ff9918da000 	C:\WINDOWS\System32\wintypes.dll
0x00007ff991c00000 - 0x00007ff992468000 	C:\WINDOWS\System32\windows.storage.dll
0x00007ff993380000 - 0x00007ff993478000 	C:\WINDOWS\System32\SHCORE.dll
0x00007ff994a90000 - 0x00007ff994af6000 	C:\WINDOWS\System32\shlwapi.dll
0x00007ff991510000 - 0x00007ff991539000 	C:\WINDOWS\SYSTEM32\profapi.dll
0x00007ff95d8f0000 - 0x00007ff95d90b000 	C:\Program Files\Microsoft\jdk-17.0.18.8-hotspot\bin\net.dll
0x00007ff987b20000 - 0x00007ff987c4d000 	C:\WINDOWS\SYSTEM32\WINHTTP.dll
0x00007ff9908f0000 - 0x00007ff99095c000 	C:\WINDOWS\system32\mswsock.dll
0x00007ff952da0000 - 0x00007ff952db6000 	C:\Program Files\Microsoft\jdk-17.0.18.8-hotspot\bin\nio.dll
0x00007ff952d80000 - 0x00007ff952d98000 	C:\Program Files\Microsoft\jdk-17.0.18.8-hotspot\bin\zip.dll
0x00007ff968cd0000 - 0x00007ff968cda000 	C:\Program Files\Microsoft\jdk-17.0.18.8-hotspot\bin\management.dll
0x00007ff963cb0000 - 0x00007ff963cbc000 	C:\Program Files\Microsoft\jdk-17.0.18.8-hotspot\bin\management_ext.dll
0x00007ff992f40000 - 0x00007ff992f48000 	C:\WINDOWS\System32\PSAPI.DLL
0x00007ff959260000 - 0x00007ff959287000 	C:\Users\PMLS\.gradle\native\660c5614fbf4a5f2a75b1949f50a0caf5cd603558e7d8a26e50b933a0cfb79d1\windows-amd64\native-platform.dll
0x00007ff959160000 - 0x00007ff959184000 	C:\Users\PMLS\.gradle\native\jansi\2.4.2\Windows\x86_64\jansi.dll
0x00007ff98fd80000 - 0x00007ff98fdb2000 	C:\WINDOWS\SYSTEM32\IPHLPAPI.DLL
0x00007ff992cd0000 - 0x00007ff992cda000 	C:\WINDOWS\System32\NSI.dll
0x00007ff9882a0000 - 0x00007ff9882bd000 	C:\WINDOWS\SYSTEM32\dhcpcsvc6.DLL
0x00007ff988250000 - 0x00007ff988275000 	C:\WINDOWS\SYSTEM32\dhcpcsvc.DLL
0x00007ff98fdc0000 - 0x00007ff98fef2000 	C:\WINDOWS\SYSTEM32\DNSAPI.dll
0x00007ff985c40000 - 0x00007ff985c49000 	C:\Program Files\Microsoft\jdk-17.0.18.8-hotspot\bin\extnet.dll
0x00007ff990bd0000 - 0x00007ff990beb000 	C:\WINDOWS\SYSTEM32\CRYPTSP.dll
0x00007ff9902e0000 - 0x00007ff990319000 	C:\WINDOWS\system32\rsaenh.dll
0x00007ff9909a0000 - 0x00007ff9909d3000 	C:\WINDOWS\SYSTEM32\USERENV.dll
0x00007ff9914e0000 - 0x00007ff99150a000 	C:\WINDOWS\SYSTEM32\bcrypt.dll
0x00007ff990bf0000 - 0x00007ff990bfc000 	C:\WINDOWS\SYSTEM32\CRYPTBASE.dll
0x00007ff985c50000 - 0x00007ff985c5e000 	C:\Program Files\Microsoft\jdk-17.0.18.8-hotspot\bin\sunmscapi.dll
0x00007ff9915f0000 - 0x00007ff991767000 	C:\WINDOWS\System32\CRYPT32.dll
0x00007ff990df0000 - 0x00007ff990e20000 	C:\WINDOWS\SYSTEM32\ncrypt.dll
0x00007ff990da0000 - 0x00007ff990ddf000 	C:\WINDOWS\SYSTEM32\NTASN1.dll
0x00007ff94ee00000 - 0x00007ff94ee08000 	C:\WINDOWS\system32\wshunix.dll
0x00007ff9620c0000 - 0x00007ff9620d0000 	C:\Program Files\Microsoft\jdk-17.0.18.8-hotspot\bin\verify.dll

dbghelp: loaded successfully - version: 4.0.5 - missing functions: none
symbol engine: initialized successfully - sym options: 0x614 - pdb path: .;C:\Program Files\Microsoft\jdk-17.0.18.8-hotspot\bin;C:\WINDOWS\SYSTEM32;C:\WINDOWS\WinSxS\amd64_microsoft.windows.common-controls_6595b64144ccf1df_6.0.26100.8115_none_3e075c82e3354f9c;C:\Program Files\Microsoft\jdk-17.0.18.8-hotspot\bin\server;C:\Users\PMLS\.gradle\native\660c5614fbf4a5f2a75b1949f50a0caf5cd603558e7d8a26e50b933a0cfb79d1\windows-amd64;C:\Users\PMLS\.gradle\native\jansi\2.4.2\Windows\x86_64

VM Arguments:
jvm_args: -Xmx64m -Xms64m -Dorg.gradle.appname=gradlew 
java_command: D:\sybrid\TaskManagementApp\android\\gradle\wrapper\gradle-wrapper.jar app:installDebug -PreactNativeDevServerPort=8081
java_class_path (initial): D:\sybrid\TaskManagementApp\android\\gradle\wrapper\gradle-wrapper.jar
Launcher Type: SUN_STANDARD

[Global flags]
     intx CICompilerCount                          = 4                                         {product} {ergonomic}
     uint ConcGCThreads                            = 3                                         {product} {ergonomic}
     uint G1ConcRefinementThreads                  = 10                                        {product} {ergonomic}
   size_t G1HeapRegionSize                         = 1048576                                   {product} {ergonomic}
    uintx GCDrainStackTargetSize                   = 64                                        {product} {ergonomic}
   size_t InitialHeapSize                          = 67108864                                  {product} {command line}
   size_t MarkStackSize                            = 4194304                                   {product} {ergonomic}
   size_t MaxHeapSize                              = 67108864                                  {product} {command line}
   size_t MaxNewSize                               = 39845888                                  {product} {ergonomic}
   size_t MinHeapDeltaBytes                        = 1048576                                   {product} {ergonomic}
   size_t MinHeapSize                              = 67108864                                  {product} {command line}
    uintx NonNMethodCodeHeapSize                   = 5839372                                {pd product} {ergonomic}
    uintx NonProfiledCodeHeapSize                  = 122909434                              {pd product} {ergonomic}
    uintx ProfiledCodeHeapSize                     = 122909434                              {pd product} {ergonomic}
    uintx ReservedCodeCacheSize                    = 251658240                              {pd product} {ergonomic}
     bool SegmentedCodeCache                       = true                                      {product} {ergonomic}
   size_t SoftMaxHeapSize                          = 67108864                               {manageable} {ergonomic}
     bool UseCompressedClassPointers               = true                           {product lp64_product} {ergonomic}
     bool UseCompressedOops                        = true                           {product lp64_product} {ergonomic}
     bool UseG1GC                                  = true                                      {product} {ergonomic}
     bool UseLargePagesIndividualAllocation        = false                                  {pd product} {ergonomic}

Logging:
Log output configuration:
 #0: stdout all=warning uptime,level,tags
 #1: stderr all=off uptime,level,tags

Environment Variables:
JAVA_HOME=C:\Program Files\Microsoft\jdk-17.0.18.8-hotspot\
PATH=D:\sybrid\TaskManagementApp\node_modules\.bin;D:\sybrid\node_modules\.bin;D:\node_modules\.bin;C:\Program Files\nodejs\node_modules\npm\node_modules\@npmcli\run-script\lib\node-gyp-bin;C:\Program Files\WindowsApps\Microsoft.PowerShell_7.6.1.0_x64__8wekyb3d8bbwe;C:\Users\PMLS\AppData\Local\Programs\Microsoft VS Code;C:\Program Files\Microsoft\jdk-17.0.18.8-hotspot\bin;C:\Program Files\Eclipse Adoptium\jdk-17.0.16.8-hotspot\bin;C:\WINDOWS\system32;C:\WINDOWS;C:\WINDOWS\System32\Wbem;C:\WINDOWS\System32\WindowsPowerShell\v1.0\;C:\WINDOWS\System32\OpenSSH\;C:\Program Files\Git\cmd;C:\ProgramData\chocolatey\bin;C:\Program Files\nodejs\;C:\Program Files\Android\Android Studio;C:\Users\PMLS\AppData\Local\Android\Sdk\platform-tools;C:\Users\PMLS\AppData\Local\Microsoft\WindowsApps;C:\Users\PMLS\AppData\Local\Programs\Microsoft VS Code\bin;D:\New folder\flutter\bin;C:\Users\PMLS\AppData\Roaming\npm
USERNAME=PMYLS
LANG=en_US.UTF-8
OS=Windows_NT
PROCESSOR_IDENTIFIER=Intel64 Family 6 Model 154 Stepping 4, GenuineIntel
TMP=C:\Users\PMLS\AppData\Local\Temp
TEMP=C:\Users\PMLS\AppData\Local\Temp



Periodic native trim disabled


---------------  S Y S T E M  ---------------

OS:
 Windows 11 , 64 bit Build 26100 (10.0.26100.8246)
OS uptime: 7 days 3:14 hours

CPU: total 12 (initial active 12) (12 cores per cpu, 1 threads per core) family 6 model 154 stepping 4 microcode 0x424, cx8, cmov, fxsr, mmx, 3dnowpref, sse, sse2, sse3, ssse3, sse4.1, sse4.2, popcnt, lzcnt, tsc, tscinvbit, avx, avx2, aes, erms, clmul, bmi1, bmi2, adx, sha, fma, vzeroupper, clflush, clflushopt, clwb
Processor Information for processor 0
  Max Mhz: 1300, Current Mhz: 1300, Mhz Limit: 1300
Processor Information for processor 1
  Max Mhz: 1300, Current Mhz: 1300, Mhz Limit: 1300
Processor Information for processor 2
  Max Mhz: 1300, Current Mhz: 1300, Mhz Limit: 1300
Processor Information for processor 3
  Max Mhz: 1300, Current Mhz: 1300, Mhz Limit: 1300
Processor Information for processor 4
  Max Mhz: 900, Current Mhz: 900, Mhz Limit: 900
Processor Information for processor 5
  Max Mhz: 900, Current Mhz: 900, Mhz Limit: 900
Processor Information for processor 6
  Max Mhz: 900, Current Mhz: 900, Mhz Limit: 900
Processor Information for processor 7
  Max Mhz: 900, Current Mhz: 900, Mhz Limit: 900
Processor Information for processor 8
  Max Mhz: 900, Current Mhz: 900, Mhz Limit: 900
Processor Information for processor 9
  Max Mhz: 900, Current Mhz: 900, Mhz Limit: 900
Processor Information for processor 10
  Max Mhz: 900, Current Mhz: 900, Mhz Limit: 900
Processor Information for processor 11
  Max Mhz: 900, Current Mhz: 900, Mhz Limit: 900

Memory: 4k page, system-wide physical 7916M (794M free)
TotalPageFile size 20416M (AvailPageFile size 130M)
current process WorkingSet (physical memory assigned to process): 37M, peak: 128M
current process commit charge ("private bytes"): 172M, peak: 194M

vm_info: OpenJDK 64-Bit Server VM (17.0.18+8-LTS) for windows-amd64 JRE (17.0.18+8-LTS), built on Jan 15 2026 18:50:45 by "MicrosoftCorporation" with MS VC++ 17.14 (VS2022)

END.
