#
# There is insufficient memory for the Java Runtime Environment to continue.
# Native memory allocation (malloc) failed to allocate 101216 bytes. Error detail: Chunk::new
# Possible reasons:
#   The system is out of physical RAM or swap space
#   This process is running with CompressedOops enabled, and the Java Heap may be blocking the growth of the native heap
# Possible solutions:
#   Reduce memory load on the system
#   Increase physical memory or swap space
#   Check if swap backing store is full
#   Decrease Java heap size (-Xmx/-Xms)
#   Decrease number of Java threads
#   Decrease Java thread stack sizes (-Xss)
#   Set larger code cache with -XX:ReservedCodeCacheSize=
#   JVM is running with Unscaled Compressed Oops mode in which the Java heap is
#     placed in the first 4GB address space. The Java Heap base address is the
#     maximum limit for the native heap growth. Please use -XX:HeapBaseMinAddress
#     to set the Java Heap base and to place the Java Heap above 4GB virtual address.
# This output file may be truncated or incomplete.
#
#  Out of Memory Error (arena.cpp:191), pid=17748, tid=15688
#
# JRE version: OpenJDK Runtime Environment Microsoft-13106358 (17.0.18+8) (build 17.0.18+8-LTS)
# Java VM: OpenJDK 64-Bit Server VM Microsoft-13106358 (17.0.18+8-LTS, mixed mode, sharing, tiered, compressed oops, compressed class ptrs, g1 gc, windows-amd64)
# No core dump will be written. Minidumps are not enabled by default on client versions of Windows
#

---------------  S U M M A R Y ------------

Command Line: org.jetbrains.kotlin.cli.jvm.K2JVMCompiler @D:\sybrid\TaskManagementApp\node_modules\react-native-safe-area-context\android\build\20260507_11936783317803202283.compiler.options

Host: 12th Gen Intel(R) Core(TM) i5-1235U, 12 cores, 7G,  Windows 11 , 64 bit Build 26100 (10.0.26100.8246)
Time: Thu May  7 18:14:48 2026 Pakistan Standard Time elapsed time: 4.602382 seconds (0d 0h 0m 4s)

---------------  T H R E A D  ---------------

Current thread (0x000001d0c66aaa30):  JavaThread "C2 CompilerThread2" daemon [_thread_in_native, id=15688, stack(0x0000007edcb00000,0x0000007edcc00000)]


Current CompileTask:
C2:4602 1134       4       org.jetbrains.kotlin.cli.jvm.compiler.jarfs.FastJarVirtualFile::<init> (93 bytes)

Stack: [0x0000007edcb00000,0x0000007edcc00000]
Native frames: (J=compiled Java code, j=interpreted, Vv=VM code, C=native code)
V  [jvm.dll+0x68c879]  (no source info available)
V  [jvm.dll+0x845979]  (no source info available)
V  [jvm.dll+0x8476e8]  (no source info available)
V  [jvm.dll+0x847d73]  (no source info available)
V  [jvm.dll+0x24cf6f]  (no source info available)
V  [jvm.dll+0xaecb6]  (no source info available)
V  [jvm.dll+0xaf35c]  (no source info available)
V  [jvm.dll+0x37174e]  (no source info available)
V  [jvm.dll+0x1c08f9]  (no source info available)
V  [jvm.dll+0x21e080]  (no source info available)
V  [jvm.dll+0x21d36d]  (no source info available)
V  [jvm.dll+0x1a8ce6]  (no source info available)
V  [jvm.dll+0x22db1b]  (no source info available)
V  [jvm.dll+0x22bca6]  (no source info available)
V  [jvm.dll+0x7fbabb]  (no source info available)
V  [jvm.dll+0x7f5ebc]  (no source info available)
V  [jvm.dll+0x68de17]  (no source info available)
C  [ucrtbase.dll+0x37b0]  (no source info available)
C  [KERNEL32.DLL+0x2e8d7]  (no source info available)
C  [ntdll.dll+0x8c3fc]  (no source info available)


---------------  P R O C E S S  ---------------

Threads class SMR info:
_java_thread_list=0x000001d0c668e010, length=14, elements={
0x000001d0e2347ef0, 0x000001d080a3a1a0, 0x000001d080a3b6d0, 0x000001d080a569b0,
0x000001d080a57370, 0x000001d080a57d30, 0x000001d080a586f0, 0x000001d080a59490,
0x000001d080a5d870, 0x000001d080a624b0, 0x000001d080bb4850, 0x000001d080bc7420,
0x000001d0c654f440, 0x000001d0c66aaa30
}

Java Threads: ( => current thread )
  0x000001d0e2347ef0 JavaThread "main" [_thread_in_native, id=24564, stack(0x0000007edb200000,0x0000007edb300000)]
  0x000001d080a3a1a0 JavaThread "Reference Handler" daemon [_thread_blocked, id=9440, stack(0x0000007edb900000,0x0000007edba00000)]
  0x000001d080a3b6d0 JavaThread "Finalizer" daemon [_thread_blocked, id=21808, stack(0x0000007edba00000,0x0000007edbb00000)]
  0x000001d080a569b0 JavaThread "Signal Dispatcher" daemon [_thread_blocked, id=23188, stack(0x0000007edbb00000,0x0000007edbc00000)]
  0x000001d080a57370 JavaThread "Attach Listener" daemon [_thread_blocked, id=2560, stack(0x0000007edbc00000,0x0000007edbd00000)]
  0x000001d080a57d30 JavaThread "Service Thread" daemon [_thread_blocked, id=18112, stack(0x0000007edbd00000,0x0000007edbe00000)]
  0x000001d080a586f0 JavaThread "Monitor Deflation Thread" daemon [_thread_blocked, id=5132, stack(0x0000007edbe00000,0x0000007edbf00000)]
  0x000001d080a59490 JavaThread "C2 CompilerThread0" daemon [_thread_in_native, id=21912, stack(0x0000007edbf00000,0x0000007edc000000)]
  0x000001d080a5d870 JavaThread "C1 CompilerThread0" daemon [_thread_blocked, id=4980, stack(0x0000007edc000000,0x0000007edc100000)]
  0x000001d080a624b0 JavaThread "Sweeper thread" daemon [_thread_blocked, id=22116, stack(0x0000007edc100000,0x0000007edc200000)]
  0x000001d080bb4850 JavaThread "Notification Thread" daemon [_thread_blocked, id=14808, stack(0x0000007edc200000,0x0000007edc300000)]
  0x000001d080bc7420 JavaThread "Common-Cleaner" daemon [_thread_blocked, id=17260, stack(0x0000007edc400000,0x0000007edc500000)]
  0x000001d0c654f440 JavaThread "C2 CompilerThread1" daemon [_thread_in_native, id=6512, stack(0x0000007edc500000,0x0000007edc600000)]
=>0x000001d0c66aaa30 JavaThread "C2 CompilerThread2" daemon [_thread_in_native, id=15688, stack(0x0000007edcb00000,0x0000007edcc00000)]

Other Threads:
  0x000001d080a33a40 VMThread "VM Thread" [stack: 0x0000007edb800000,0x0000007edb900000] [id=17916]
  0x000001d080bb6d40 WatcherThread [stack: 0x0000007edc300000,0x0000007edc400000] [id=8756]
  0x000001d0e23a4eb0 GCTaskThread "GC Thread#0" [stack: 0x0000007edb300000,0x0000007edb400000] [id=10924]
  0x000001d080eaebb0 GCTaskThread "GC Thread#1" [stack: 0x0000007edc600000,0x0000007edc700000] [id=9912]
  0x000001d080ead530 GCTaskThread "GC Thread#2" [stack: 0x0000007edc700000,0x0000007edc800000] [id=9900]
  0x000001d080eae8e0 GCTaskThread "GC Thread#3" [stack: 0x0000007edc800000,0x0000007edc900000] [id=23548]
  0x000001d080ead260 GCTaskThread "GC Thread#4" [stack: 0x0000007edc900000,0x0000007edca00000] [id=21580]
  0x000001d080eadad0 GCTaskThread "GC Thread#5" [stack: 0x0000007edca00000,0x0000007edcb00000] [id=21980]
  0x000001d0e23b5590 ConcurrentGCThread "G1 Main Marker" [stack: 0x0000007edb400000,0x0000007edb500000] [id=12364]
  0x000001d0e23b7ec0 ConcurrentGCThread "G1 Conc#0" [stack: 0x0000007edb500000,0x0000007edb600000] [id=12460]
  0x000001d0e23feaf0 ConcurrentGCThread "G1 Refine#0" [stack: 0x0000007edb600000,0x0000007edb700000] [id=13968]
  0x000001d0808da650 ConcurrentGCThread "G1 Service" [stack: 0x0000007edb700000,0x0000007edb800000] [id=4336]

Threads with active compile tasks:
C2 CompilerThread0  11044 1137       4       org.jetbrains.kotlin.cli.jvm.compiler.jarfs.FastJarHandler::getOrCreateDirectory (106 bytes)
C2 CompilerThread1  11044 1138       4       org.jetbrains.kotlin.cli.jvm.compiler.jarfs.FastJarHandler::createFile (81 bytes)
C2 CompilerThread2  11044 1134       4       org.jetbrains.kotlin.cli.jvm.compiler.jarfs.FastJarVirtualFile::<init> (93 bytes)

VM state: not at safepoint (normal execution)

VM Mutex/Monitor currently owned by a thread: None

Heap address: 0x0000000084400000, size: 1980 MB, Compressed Oops mode: 32-bit

CDS archive(s) mapped at: [0x000001d081000000-0x000001d081bb0000-0x000001d081bb0000), size 12255232, SharedBaseAddress: 0x000001d081000000, ArchiveRelocationMode: 1.
Compressed class space mapped at: 0x000001d082000000-0x000001d0c2000000, reserved size: 1073741824
Narrow klass base: 0x000001d081000000, Narrow klass shift: 0, Narrow klass range: 0x100000000

GC Precious Log:
 CPUs: 12 total, 12 available
 Memory: 7916M
 Large Page Support: Disabled
 NUMA Support: Disabled
 Compressed Oops: Enabled (32-bit)
 Heap Region Size: 1M
 Heap Min Capacity: 8M
 Heap Initial Capacity: 124M
 Heap Max Capacity: 1980M
 Pre-touch: Disabled
 Parallel Workers: 10
 Concurrent Workers: 3
 Concurrent Refinement Workers: 10
 Periodic GC: Disabled

Heap:
 garbage-first heap   total 126976K, used 35616K [0x0000000084400000, 0x0000000100000000)
  region size 1024K, 33 young (33792K), 3 survivors (3072K)
 Metaspace       used 13731K, committed 13952K, reserved 1114112K
  class space    used 1478K, committed 1600K, reserved 1048576K

Heap Regions: E=young(eden), S=young(survivor), O=old, HS=humongous(starts), HC=humongous(continues), CS=collection set, F=free, OA=open archive, CA=closed archive, TAMS=top-at-mark-start (previous, next)
|   0|0x0000000084400000, 0x0000000084500000, 0x0000000084500000|100%|HS|  |TAMS 0x0000000084400000, 0x0000000084400000| Complete 
|   1|0x0000000084500000, 0x0000000084600000, 0x0000000084600000|100%|HC|  |TAMS 0x0000000084500000, 0x0000000084500000| Complete 
|   2|0x0000000084600000, 0x0000000084700000, 0x0000000084700000|100%|HC|  |TAMS 0x0000000084600000, 0x0000000084600000| Complete 
|   3|0x0000000084700000, 0x0000000084700000, 0x0000000084800000|  0%| F|  |TAMS 0x0000000084700000, 0x0000000084700000| Untracked 
|   4|0x0000000084800000, 0x0000000084800000, 0x0000000084900000|  0%| F|  |TAMS 0x0000000084800000, 0x0000000084800000| Untracked 
|   5|0x0000000084900000, 0x0000000084900000, 0x0000000084a00000|  0%| F|  |TAMS 0x0000000084900000, 0x0000000084900000| Untracked 
|   6|0x0000000084a00000, 0x0000000084a00000, 0x0000000084b00000|  0%| F|  |TAMS 0x0000000084a00000, 0x0000000084a00000| Untracked 
|   7|0x0000000084b00000, 0x0000000084b00000, 0x0000000084c00000|  0%| F|  |TAMS 0x0000000084b00000, 0x0000000084b00000| Untracked 
|   8|0x0000000084c00000, 0x0000000084c00000, 0x0000000084d00000|  0%| F|  |TAMS 0x0000000084c00000, 0x0000000084c00000| Untracked 
|   9|0x0000000084d00000, 0x0000000084d00000, 0x0000000084e00000|  0%| F|  |TAMS 0x0000000084d00000, 0x0000000084d00000| Untracked 
|  10|0x0000000084e00000, 0x0000000084e00000, 0x0000000084f00000|  0%| F|  |TAMS 0x0000000084e00000, 0x0000000084e00000| Untracked 
|  11|0x0000000084f00000, 0x0000000084f00000, 0x0000000085000000|  0%| F|  |TAMS 0x0000000084f00000, 0x0000000084f00000| Untracked 
|  12|0x0000000085000000, 0x0000000085000000, 0x0000000085100000|  0%| F|  |TAMS 0x0000000085000000, 0x0000000085000000| Untracked 
|  13|0x0000000085100000, 0x0000000085100000, 0x0000000085200000|  0%| F|  |TAMS 0x0000000085100000, 0x0000000085100000| Untracked 
|  14|0x0000000085200000, 0x0000000085200000, 0x0000000085300000|  0%| F|  |TAMS 0x0000000085200000, 0x0000000085200000| Untracked 
|  15|0x0000000085300000, 0x0000000085300000, 0x0000000085400000|  0%| F|  |TAMS 0x0000000085300000, 0x0000000085300000| Untracked 
|  16|0x0000000085400000, 0x0000000085400000, 0x0000000085500000|  0%| F|  |TAMS 0x0000000085400000, 0x0000000085400000| Untracked 
|  17|0x0000000085500000, 0x0000000085500000, 0x0000000085600000|  0%| F|  |TAMS 0x0000000085500000, 0x0000000085500000| Untracked 
|  18|0x0000000085600000, 0x0000000085600000, 0x0000000085700000|  0%| F|  |TAMS 0x0000000085600000, 0x0000000085600000| Untracked 
|  19|0x0000000085700000, 0x0000000085700000, 0x0000000085800000|  0%| F|  |TAMS 0x0000000085700000, 0x0000000085700000| Untracked 
|  20|0x0000000085800000, 0x0000000085800000, 0x0000000085900000|  0%| F|  |TAMS 0x0000000085800000, 0x0000000085800000| Untracked 
|  21|0x0000000085900000, 0x0000000085900000, 0x0000000085a00000|  0%| F|  |TAMS 0x0000000085900000, 0x0000000085900000| Untracked 
|  22|0x0000000085a00000, 0x0000000085a00000, 0x0000000085b00000|  0%| F|  |TAMS 0x0000000085a00000, 0x0000000085a00000| Untracked 
|  23|0x0000000085b00000, 0x0000000085b00000, 0x0000000085c00000|  0%| F|  |TAMS 0x0000000085b00000, 0x0000000085b00000| Untracked 
|  24|0x0000000085c00000, 0x0000000085c00000, 0x0000000085d00000|  0%| F|  |TAMS 0x0000000085c00000, 0x0000000085c00000| Untracked 
|  25|0x0000000085d00000, 0x0000000085d00000, 0x0000000085e00000|  0%| F|  |TAMS 0x0000000085d00000, 0x0000000085d00000| Untracked 
|  26|0x0000000085e00000, 0x0000000085e00000, 0x0000000085f00000|  0%| F|  |TAMS 0x0000000085e00000, 0x0000000085e00000| Untracked 
|  27|0x0000000085f00000, 0x0000000085f00000, 0x0000000086000000|  0%| F|  |TAMS 0x0000000085f00000, 0x0000000085f00000| Untracked 
|  28|0x0000000086000000, 0x0000000086000000, 0x0000000086100000|  0%| F|  |TAMS 0x0000000086000000, 0x0000000086000000| Untracked 
|  29|0x0000000086100000, 0x0000000086100000, 0x0000000086200000|  0%| F|  |TAMS 0x0000000086100000, 0x0000000086100000| Untracked 
|  30|0x0000000086200000, 0x0000000086200000, 0x0000000086300000|  0%| F|  |TAMS 0x0000000086200000, 0x0000000086200000| Untracked 
|  31|0x0000000086300000, 0x0000000086300000, 0x0000000086400000|  0%| F|  |TAMS 0x0000000086300000, 0x0000000086300000| Untracked 
|  32|0x0000000086400000, 0x0000000086400000, 0x0000000086500000|  0%| F|  |TAMS 0x0000000086400000, 0x0000000086400000| Untracked 
|  33|0x0000000086500000, 0x0000000086500000, 0x0000000086600000|  0%| F|  |TAMS 0x0000000086500000, 0x0000000086500000| Untracked 
|  34|0x0000000086600000, 0x0000000086600000, 0x0000000086700000|  0%| F|  |TAMS 0x0000000086600000, 0x0000000086600000| Untracked 
|  35|0x0000000086700000, 0x0000000086700000, 0x0000000086800000|  0%| F|  |TAMS 0x0000000086700000, 0x0000000086700000| Untracked 
|  36|0x0000000086800000, 0x0000000086800000, 0x0000000086900000|  0%| F|  |TAMS 0x0000000086800000, 0x0000000086800000| Untracked 
|  37|0x0000000086900000, 0x0000000086900000, 0x0000000086a00000|  0%| F|  |TAMS 0x0000000086900000, 0x0000000086900000| Untracked 
|  38|0x0000000086a00000, 0x0000000086a00000, 0x0000000086b00000|  0%| F|  |TAMS 0x0000000086a00000, 0x0000000086a00000| Untracked 
|  39|0x0000000086b00000, 0x0000000086b00000, 0x0000000086c00000|  0%| F|  |TAMS 0x0000000086b00000, 0x0000000086b00000| Untracked 
|  40|0x0000000086c00000, 0x0000000086c00000, 0x0000000086d00000|  0%| F|  |TAMS 0x0000000086c00000, 0x0000000086c00000| Untracked 
|  41|0x0000000086d00000, 0x0000000086d00000, 0x0000000086e00000|  0%| F|  |TAMS 0x0000000086d00000, 0x0000000086d00000| Untracked 
|  42|0x0000000086e00000, 0x0000000086e00000, 0x0000000086f00000|  0%| F|  |TAMS 0x0000000086e00000, 0x0000000086e00000| Untracked 
|  43|0x0000000086f00000, 0x0000000086f00000, 0x0000000087000000|  0%| F|  |TAMS 0x0000000086f00000, 0x0000000086f00000| Untracked 
|  44|0x0000000087000000, 0x0000000087000000, 0x0000000087100000|  0%| F|  |TAMS 0x0000000087000000, 0x0000000087000000| Untracked 
|  45|0x0000000087100000, 0x0000000087100000, 0x0000000087200000|  0%| F|  |TAMS 0x0000000087100000, 0x0000000087100000| Untracked 
|  46|0x0000000087200000, 0x0000000087200000, 0x0000000087300000|  0%| F|  |TAMS 0x0000000087200000, 0x0000000087200000| Untracked 
|  47|0x0000000087300000, 0x0000000087300000, 0x0000000087400000|  0%| F|  |TAMS 0x0000000087300000, 0x0000000087300000| Untracked 
|  48|0x0000000087400000, 0x0000000087400000, 0x0000000087500000|  0%| F|  |TAMS 0x0000000087400000, 0x0000000087400000| Untracked 
|  49|0x0000000087500000, 0x0000000087500000, 0x0000000087600000|  0%| F|  |TAMS 0x0000000087500000, 0x0000000087500000| Untracked 
|  50|0x0000000087600000, 0x0000000087600000, 0x0000000087700000|  0%| F|  |TAMS 0x0000000087600000, 0x0000000087600000| Untracked 
|  51|0x0000000087700000, 0x0000000087700000, 0x0000000087800000|  0%| F|  |TAMS 0x0000000087700000, 0x0000000087700000| Untracked 
|  52|0x0000000087800000, 0x0000000087800000, 0x0000000087900000|  0%| F|  |TAMS 0x0000000087800000, 0x0000000087800000| Untracked 
|  53|0x0000000087900000, 0x0000000087900000, 0x0000000087a00000|  0%| F|  |TAMS 0x0000000087900000, 0x0000000087900000| Untracked 
|  54|0x0000000087a00000, 0x0000000087a00000, 0x0000000087b00000|  0%| F|  |TAMS 0x0000000087a00000, 0x0000000087a00000| Untracked 
|  55|0x0000000087b00000, 0x0000000087b00000, 0x0000000087c00000|  0%| F|  |TAMS 0x0000000087b00000, 0x0000000087b00000| Untracked 
|  56|0x0000000087c00000, 0x0000000087c00000, 0x0000000087d00000|  0%| F|  |TAMS 0x0000000087c00000, 0x0000000087c00000| Untracked 
|  57|0x0000000087d00000, 0x0000000087d00000, 0x0000000087e00000|  0%| F|  |TAMS 0x0000000087d00000, 0x0000000087d00000| Untracked 
|  58|0x0000000087e00000, 0x0000000087e00000, 0x0000000087f00000|  0%| F|  |TAMS 0x0000000087e00000, 0x0000000087e00000| Untracked 
|  59|0x0000000087f00000, 0x0000000087f00000, 0x0000000088000000|  0%| F|  |TAMS 0x0000000087f00000, 0x0000000087f00000| Untracked 
|  60|0x0000000088000000, 0x0000000088000000, 0x0000000088100000|  0%| F|  |TAMS 0x0000000088000000, 0x0000000088000000| Untracked 
|  61|0x0000000088100000, 0x0000000088100000, 0x0000000088200000|  0%| F|  |TAMS 0x0000000088100000, 0x0000000088100000| Untracked 
|  62|0x0000000088200000, 0x0000000088200000, 0x0000000088300000|  0%| F|  |TAMS 0x0000000088200000, 0x0000000088200000| Untracked 
|  63|0x0000000088300000, 0x0000000088300000, 0x0000000088400000|  0%| F|  |TAMS 0x0000000088300000, 0x0000000088300000| Untracked 
|  64|0x0000000088400000, 0x0000000088400000, 0x0000000088500000|  0%| F|  |TAMS 0x0000000088400000, 0x0000000088400000| Untracked 
|  65|0x0000000088500000, 0x0000000088500000, 0x0000000088600000|  0%| F|  |TAMS 0x0000000088500000, 0x0000000088500000| Untracked 
|  66|0x0000000088600000, 0x0000000088600000, 0x0000000088700000|  0%| F|  |TAMS 0x0000000088600000, 0x0000000088600000| Untracked 
|  67|0x0000000088700000, 0x0000000088700000, 0x0000000088800000|  0%| F|  |TAMS 0x0000000088700000, 0x0000000088700000| Untracked 
|  68|0x0000000088800000, 0x0000000088800000, 0x0000000088900000|  0%| F|  |TAMS 0x0000000088800000, 0x0000000088800000| Untracked 
|  69|0x0000000088900000, 0x0000000088900000, 0x0000000088a00000|  0%| F|  |TAMS 0x0000000088900000, 0x0000000088900000| Untracked 
|  70|0x0000000088a00000, 0x0000000088a00000, 0x0000000088b00000|  0%| F|  |TAMS 0x0000000088a00000, 0x0000000088a00000| Untracked 
|  71|0x0000000088b00000, 0x0000000088b00000, 0x0000000088c00000|  0%| F|  |TAMS 0x0000000088b00000, 0x0000000088b00000| Untracked 
|  72|0x0000000088c00000, 0x0000000088c00000, 0x0000000088d00000|  0%| F|  |TAMS 0x0000000088c00000, 0x0000000088c00000| Untracked 
|  73|0x0000000088d00000, 0x0000000088d00000, 0x0000000088e00000|  0%| F|  |TAMS 0x0000000088d00000, 0x0000000088d00000| Untracked 
|  74|0x0000000088e00000, 0x0000000088e00000, 0x0000000088f00000|  0%| F|  |TAMS 0x0000000088e00000, 0x0000000088e00000| Untracked 
|  75|0x0000000088f00000, 0x0000000088f00000, 0x0000000089000000|  0%| F|  |TAMS 0x0000000088f00000, 0x0000000088f00000| Untracked 
|  76|0x0000000089000000, 0x0000000089000000, 0x0000000089100000|  0%| F|  |TAMS 0x0000000089000000, 0x0000000089000000| Untracked 
|  77|0x0000000089100000, 0x0000000089100000, 0x0000000089200000|  0%| F|  |TAMS 0x0000000089100000, 0x0000000089100000| Untracked 
|  78|0x0000000089200000, 0x0000000089200000, 0x0000000089300000|  0%| F|  |TAMS 0x0000000089200000, 0x0000000089200000| Untracked 
|  79|0x0000000089300000, 0x0000000089300000, 0x0000000089400000|  0%| F|  |TAMS 0x0000000089300000, 0x0000000089300000| Untracked 
|  80|0x0000000089400000, 0x0000000089400000, 0x0000000089500000|  0%| F|  |TAMS 0x0000000089400000, 0x0000000089400000| Untracked 
|  81|0x0000000089500000, 0x0000000089500000, 0x0000000089600000|  0%| F|  |TAMS 0x0000000089500000, 0x0000000089500000| Untracked 
|  82|0x0000000089600000, 0x0000000089600000, 0x0000000089700000|  0%| F|  |TAMS 0x0000000089600000, 0x0000000089600000| Untracked 
|  83|0x0000000089700000, 0x0000000089700000, 0x0000000089800000|  0%| F|  |TAMS 0x0000000089700000, 0x0000000089700000| Untracked 
|  84|0x0000000089800000, 0x0000000089800000, 0x0000000089900000|  0%| F|  |TAMS 0x0000000089800000, 0x0000000089800000| Untracked 
|  85|0x0000000089900000, 0x0000000089900000, 0x0000000089a00000|  0%| F|  |TAMS 0x0000000089900000, 0x0000000089900000| Untracked 
|  86|0x0000000089a00000, 0x0000000089a00000, 0x0000000089b00000|  0%| F|  |TAMS 0x0000000089a00000, 0x0000000089a00000| Untracked 
|  87|0x0000000089b00000, 0x0000000089b00000, 0x0000000089c00000|  0%| F|  |TAMS 0x0000000089b00000, 0x0000000089b00000| Untracked 
|  88|0x0000000089c00000, 0x0000000089c00000, 0x0000000089d00000|  0%| F|  |TAMS 0x0000000089c00000, 0x0000000089c00000| Untracked 
|  89|0x0000000089d00000, 0x0000000089d00000, 0x0000000089e00000|  0%| F|  |TAMS 0x0000000089d00000, 0x0000000089d00000| Untracked 
|  90|0x0000000089e00000, 0x0000000089e00000, 0x0000000089f00000|  0%| F|  |TAMS 0x0000000089e00000, 0x0000000089e00000| Untracked 
|  91|0x0000000089f00000, 0x000000008a000000, 0x000000008a000000|100%| E|  |TAMS 0x0000000089f00000, 0x0000000089f00000| Complete 
|  92|0x000000008a000000, 0x000000008a100000, 0x000000008a100000|100%| E|CS|TAMS 0x000000008a000000, 0x000000008a000000| Complete 
|  93|0x000000008a100000, 0x000000008a200000, 0x000000008a200000|100%| E|CS|TAMS 0x000000008a100000, 0x000000008a100000| Complete 
|  94|0x000000008a200000, 0x000000008a300000, 0x000000008a300000|100%| E|CS|TAMS 0x000000008a200000, 0x000000008a200000| Complete 
|  95|0x000000008a300000, 0x000000008a400000, 0x000000008a400000|100%| E|CS|TAMS 0x000000008a300000, 0x000000008a300000| Complete 
|  96|0x000000008a400000, 0x000000008a500000, 0x000000008a500000|100%| E|CS|TAMS 0x000000008a400000, 0x000000008a400000| Complete 
|  97|0x000000008a500000, 0x000000008a600000, 0x000000008a600000|100%| E|CS|TAMS 0x000000008a500000, 0x000000008a500000| Complete 
|  98|0x000000008a600000, 0x000000008a6c8000, 0x000000008a700000| 78%| S|CS|TAMS 0x000000008a600000, 0x000000008a600000| Complete 
|  99|0x000000008a700000, 0x000000008a800000, 0x000000008a800000|100%| S|CS|TAMS 0x000000008a700000, 0x000000008a700000| Complete 
| 100|0x000000008a800000, 0x000000008a900000, 0x000000008a900000|100%| S|CS|TAMS 0x000000008a800000, 0x000000008a800000| Complete 
| 101|0x000000008a900000, 0x000000008aa00000, 0x000000008aa00000|100%| E|CS|TAMS 0x000000008a900000, 0x000000008a900000| Complete 
| 102|0x000000008aa00000, 0x000000008ab00000, 0x000000008ab00000|100%| E|CS|TAMS 0x000000008aa00000, 0x000000008aa00000| Complete 
| 103|0x000000008ab00000, 0x000000008ac00000, 0x000000008ac00000|100%| E|CS|TAMS 0x000000008ab00000, 0x000000008ab00000| Complete 
| 104|0x000000008ac00000, 0x000000008ad00000, 0x000000008ad00000|100%| E|CS|TAMS 0x000000008ac00000, 0x000000008ac00000| Complete 
| 105|0x000000008ad00000, 0x000000008ae00000, 0x000000008ae00000|100%| E|CS|TAMS 0x000000008ad00000, 0x000000008ad00000| Complete 
| 106|0x000000008ae00000, 0x000000008af00000, 0x000000008af00000|100%| E|CS|TAMS 0x000000008ae00000, 0x000000008ae00000| Complete 
| 107|0x000000008af00000, 0x000000008b000000, 0x000000008b000000|100%| E|CS|TAMS 0x000000008af00000, 0x000000008af00000| Complete 
| 108|0x000000008b000000, 0x000000008b100000, 0x000000008b100000|100%| E|CS|TAMS 0x000000008b000000, 0x000000008b000000| Complete 
| 109|0x000000008b100000, 0x000000008b200000, 0x000000008b200000|100%| E|CS|TAMS 0x000000008b100000, 0x000000008b100000| Complete 
| 110|0x000000008b200000, 0x000000008b300000, 0x000000008b300000|100%| E|CS|TAMS 0x000000008b200000, 0x000000008b200000| Complete 
| 111|0x000000008b300000, 0x000000008b400000, 0x000000008b400000|100%| E|CS|TAMS 0x000000008b300000, 0x000000008b300000| Complete 
| 112|0x000000008b400000, 0x000000008b500000, 0x000000008b500000|100%| E|CS|TAMS 0x000000008b400000, 0x000000008b400000| Complete 
| 113|0x000000008b500000, 0x000000008b600000, 0x000000008b600000|100%| E|CS|TAMS 0x000000008b500000, 0x000000008b500000| Complete 
| 114|0x000000008b600000, 0x000000008b700000, 0x000000008b700000|100%| E|CS|TAMS 0x000000008b600000, 0x000000008b600000| Complete 
| 115|0x000000008b700000, 0x000000008b800000, 0x000000008b800000|100%| E|CS|TAMS 0x000000008b700000, 0x000000008b700000| Complete 
| 116|0x000000008b800000, 0x000000008b900000, 0x000000008b900000|100%| E|CS|TAMS 0x000000008b800000, 0x000000008b800000| Complete 
| 117|0x000000008b900000, 0x000000008ba00000, 0x000000008ba00000|100%| E|CS|TAMS 0x000000008b900000, 0x000000008b900000| Complete 
| 118|0x000000008ba00000, 0x000000008bb00000, 0x000000008bb00000|100%| E|CS|TAMS 0x000000008ba00000, 0x000000008ba00000| Complete 
| 119|0x000000008bb00000, 0x000000008bc00000, 0x000000008bc00000|100%| E|CS|TAMS 0x000000008bb00000, 0x000000008bb00000| Complete 
| 120|0x000000008bc00000, 0x000000008bd00000, 0x000000008bd00000|100%| E|CS|TAMS 0x000000008bc00000, 0x000000008bc00000| Complete 
| 121|0x000000008bd00000, 0x000000008be00000, 0x000000008be00000|100%| E|CS|TAMS 0x000000008bd00000, 0x000000008bd00000| Complete 
| 122|0x000000008be00000, 0x000000008bf00000, 0x000000008bf00000|100%| E|CS|TAMS 0x000000008be00000, 0x000000008be00000| Complete 
| 123|0x000000008bf00000, 0x000000008c000000, 0x000000008c000000|100%| E|CS|TAMS 0x000000008bf00000, 0x000000008bf00000| Complete 

Card table byte_map: [0x000001d0f97f0000,0x000001d0f9bd0000] _byte_map_base: 0x000001d0f93ce000

Marking Bits (Prev, Next): (CMBitMap*) 0x000001d0e23a54e0, (CMBitMap*) 0x000001d0e23a5520
 Prev Bits: [0x000001d0f9fb0000, 0x000001d0fbea0000)
 Next Bits: [0x000001d0fbea0000, 0x000001d0fdd90000)

Polling page: 0x000001d0e0360000

Metaspace:

Usage:
  Non-class:     11.97 MB used.
      Class:      1.44 MB used.
       Both:     13.41 MB used.

Virtual space:
  Non-class space:       64.00 MB reserved,      12.06 MB ( 19%) committed,  1 nodes.
      Class space:        1.00 GB reserved,       1.56 MB ( <1%) committed,  1 nodes.
             Both:        1.06 GB reserved,      13.62 MB (  1%) committed. 

Chunk freelists:
   Non-Class:  1.72 MB
       Class:  14.42 MB
        Both:  16.14 MB

MaxMetaspaceSize: unlimited
CompressedClassSpaceSize: 1.00 GB
Initial GC threshold: 21.00 MB
Current GC threshold: 21.00 MB
CDS: on
MetaspaceReclaimPolicy: balanced
 - commit_granule_bytes: 65536.
 - commit_granule_words: 8192.
 - virtual_space_node_default_size: 8388608.
 - enlarge_chunks_in_place: 1.
 - new_chunks_are_fully_committed: 0.
 - uncommit_free_chunks: 1.
 - use_allocation_guard: 0.
 - handle_deallocations: 1.


Internal statistics:

num_allocs_failed_limit: 0.
num_arena_births: 138.
num_arena_deaths: 0.
num_vsnodes_births: 2.
num_vsnodes_deaths: 0.
num_space_committed: 218.
num_space_uncommitted: 0.
num_chunks_returned_to_freelist: 0.
num_chunks_taken_from_freelist: 630.
num_chunk_merges: 0.
num_chunk_splits: 463.
num_chunks_enlarged: 394.
num_inconsistent_stats: 0.

CodeHeap 'non-profiled nmethods': size=120000Kb used=453Kb max_used=453Kb free=119546Kb
 bounds [0x000001d0f1990000, 0x000001d0f1c00000, 0x000001d0f8ec0000]
CodeHeap 'profiled nmethods': size=120000Kb used=1905Kb max_used=1905Kb free=118094Kb
 bounds [0x000001d0e9ec0000, 0x000001d0ea130000, 0x000001d0f13f0000]
CodeHeap 'non-nmethods': size=5760Kb used=1195Kb max_used=1223Kb free=4564Kb
 bounds [0x000001d0f13f0000, 0x000001d0f1660000, 0x000001d0f1990000]
 total_blobs=1636 nmethods=1142 adapters=407
 compilation: enabled
              stopped_count=0, restarted_count=0
 full_count=0

Compilation events (20 events):
Event: 2.572 Thread 0x000001d0c66aaa30 1135       4       java.lang.String::<init> (74 bytes)
Event: 2.575 Thread 0x000001d080a5d870 1139       3       java.util.ArrayList::clear (43 bytes)
Event: 2.575 Thread 0x000001d080a5d870 nmethod 1139 0x000001d0ea097310 code [0x000001d0ea0974c0, 0x000001d0ea097838]
Event: 2.575 Thread 0x000001d080a5d870 1141       3       java.util.ArrayList::toArray (57 bytes)
Event: 2.576 Thread 0x000001d0c66aaa30 nmethod 1135 0x000001d0f19ff190 code [0x000001d0f19ff320, 0x000001d0f19ff678]
Event: 2.576 Thread 0x000001d080a5d870 nmethod 1141 0x000001d0ea097990 code [0x000001d0ea097b80, 0x000001d0ea0980f8]
Event: 2.576 Thread 0x000001d0c654f440 nmethod 1131 0x000001d0f19ff810 code [0x000001d0f19ff9c0, 0x000001d0f19ffe28]
Event: 2.576 Thread 0x000001d0c66aaa30 1136       4       java.lang.StringUTF16::compress (20 bytes)
Event: 2.576 Thread 0x000001d080a5d870 1142       3       java.util.HashMap$ValueIterator::next (8 bytes)
Event: 2.576 Thread 0x000001d0c654f440 1133       4       java.lang.String::<init> (10 bytes)
Event: 2.576 Thread 0x000001d080a5d870 nmethod 1142 0x000001d0ea098210 code [0x000001d0ea0983c0, 0x000001d0ea098508]
Event: 2.576 Thread 0x000001d080a5d870 1143       3       org.jetbrains.kotlin.cli.jvm.compiler.jarfs.FastJarVirtualFile::initChildrenArrayFromList (39 bytes)
Event: 2.577 Thread 0x000001d080a5d870 nmethod 1143 0x000001d0ea098610 code [0x000001d0ea0987e0, 0x000001d0ea098d98]
Event: 2.577 Thread 0x000001d080a59490 nmethod 1126 0x000001d0f1a00110 code [0x000001d0f1a002c0, 0x000001d0f1a00898]
Event: 2.577 Thread 0x000001d080a59490 1137       4       org.jetbrains.kotlin.cli.jvm.compiler.jarfs.FastJarHandler::getOrCreateDirectory (106 bytes)
Event: 2.578 Thread 0x000001d0c66aaa30 nmethod 1136 0x000001d0f1a00b10 code [0x000001d0f1a00ca0, 0x000001d0f1a00ed8]
Event: 2.578 Thread 0x000001d0c66aaa30 1134       4       org.jetbrains.kotlin.cli.jvm.compiler.jarfs.FastJarVirtualFile::<init> (93 bytes)
Event: 2.580 Thread 0x000001d0c654f440 nmethod 1133 0x000001d0f1a01010 code [0x000001d0f1a011a0, 0x000001d0f1a01498]
Event: 2.580 Thread 0x000001d0c654f440 1138       4       org.jetbrains.kotlin.cli.jvm.compiler.jarfs.FastJarHandler::createFile (81 bytes)
Event: 2.592 Thread 0x000001d080a5d870 1145  s    3       org.jetbrains.kotlin.cli.jvm.compiler.jarfs.LargeDynamicMappedBuffer::withMappedRange (350 bytes)

GC Heap History (2 events):
Event: 1.431 GC heap before
{Heap before GC invocations=0 (full 0):
 garbage-first heap   total 126976K, used 26624K [0x0000000084400000, 0x0000000100000000)
  region size 1024K, 23 young (23552K), 0 survivors (0K)
 Metaspace       used 7187K, committed 7296K, reserved 1114112K
  class space    used 670K, committed 704K, reserved 1048576K
}
Event: 1.525 GC heap after
{Heap after GC invocations=1 (full 0):
 garbage-first heap   total 126976K, used 5920K [0x0000000084400000, 0x0000000100000000)
  region size 1024K, 3 young (3072K), 3 survivors (3072K)
 Metaspace       used 7187K, committed 7296K, reserved 1114112K
  class space    used 670K, committed 704K, reserved 1048576K
}

Dll operation events (6 events):
Event: 0.086 Loaded shared library C:\Program Files\Microsoft\jdk-17.0.18.8-hotspot\bin\java.dll
Event: 0.124 Loaded shared library C:\Program Files\Microsoft\jdk-17.0.18.8-hotspot\bin\jsvml.dll
Event: 0.388 Loaded shared library C:\Program Files\Microsoft\jdk-17.0.18.8-hotspot\bin\net.dll
Event: 0.391 Loaded shared library C:\Program Files\Microsoft\jdk-17.0.18.8-hotspot\bin\nio.dll
Event: 0.435 Loaded shared library C:\Program Files\Microsoft\jdk-17.0.18.8-hotspot\bin\zip.dll
Event: 0.487 Loaded shared library C:\Program Files\Microsoft\jdk-17.0.18.8-hotspot\bin\jimage.dll

Deoptimization events (20 events):
Event: 2.509 Thread 0x000001d0e2347ef0 Uncommon trap: reason=class_check action=maybe_recompile pc=0x000001d0f19ae044 method=java.lang.String.equals(Ljava/lang/Object;)Z @ 8 c2
Event: 2.509 Thread 0x000001d0e2347ef0 DEOPT PACKING pc=0x000001d0f19ae044 sp=0x0000007edb2fe2f0
Event: 2.509 Thread 0x000001d0e2347ef0 DEOPT UNPACKING pc=0x000001d0f14469a3 sp=0x0000007edb2fe288 mode 2
Event: 2.509 Thread 0x000001d0e2347ef0 Uncommon trap: trap_request=0xffffffde fr.pc=0x000001d0f19ae044 relative=0x00000000000001a4
Event: 2.509 Thread 0x000001d0e2347ef0 Uncommon trap: reason=class_check action=maybe_recompile pc=0x000001d0f19ae044 method=java.lang.String.equals(Ljava/lang/Object;)Z @ 8 c2
Event: 2.509 Thread 0x000001d0e2347ef0 DEOPT PACKING pc=0x000001d0f19ae044 sp=0x0000007edb2fe2f0
Event: 2.509 Thread 0x000001d0e2347ef0 DEOPT UNPACKING pc=0x000001d0f14469a3 sp=0x0000007edb2fe288 mode 2
Event: 2.509 Thread 0x000001d0e2347ef0 Uncommon trap: trap_request=0xffffffde fr.pc=0x000001d0f19ae044 relative=0x00000000000001a4
Event: 2.509 Thread 0x000001d0e2347ef0 Uncommon trap: reason=class_check action=maybe_recompile pc=0x000001d0f19ae044 method=java.lang.String.equals(Ljava/lang/Object;)Z @ 8 c2
Event: 2.509 Thread 0x000001d0e2347ef0 DEOPT PACKING pc=0x000001d0f19ae044 sp=0x0000007edb2fe2f0
Event: 2.509 Thread 0x000001d0e2347ef0 DEOPT UNPACKING pc=0x000001d0f14469a3 sp=0x0000007edb2fe288 mode 2
Event: 2.574 Thread 0x000001d0e2347ef0 Uncommon trap: trap_request=0xffffff45 fr.pc=0x000001d0f19fe3cc relative=0x000000000000018c
Event: 2.574 Thread 0x000001d0e2347ef0 Uncommon trap: reason=unstable_if action=reinterpret pc=0x000001d0f19fe3cc method=org.jetbrains.kotlin.cli.jvm.compiler.jarfs.FastJarHandler.splitPath(Ljava/lang/CharSequence;)Lkotlin/Pair; @ 10 c2
Event: 2.574 Thread 0x000001d0e2347ef0 DEOPT PACKING pc=0x000001d0f19fe3cc sp=0x0000007edb2fe2b0
Event: 2.574 Thread 0x000001d0e2347ef0 DEOPT UNPACKING pc=0x000001d0f14469a3 sp=0x0000007edb2fe288 mode 2
Event: 2.583 Thread 0x000001d0e2347ef0 Uncommon trap: trap_request=0xffffff45 fr.pc=0x000001d0f19f04f4 relative=0x00000000000004b4
Event: 2.583 Thread 0x000001d0e2347ef0 Uncommon trap: reason=unstable_if action=reinterpret pc=0x000001d0f19f04f4 method=org.jetbrains.kotlin.cli.jvm.compiler.jarfs.LargeDynamicMappedBuffer.withMappedRange(JJLkotlin/jvm/functions/Function1;)Ljava/lang/Object; @ 84 c2
Event: 2.583 Thread 0x000001d0e2347ef0 DEOPT PACKING pc=0x000001d0f19f04f4 sp=0x0000007edb2fe1e0
Event: 2.583 Thread 0x000001d0e2347ef0 DEOPT UNPACKING pc=0x000001d0f14469a3 sp=0x0000007edb2fe180 mode 2
Event: 2.615 Thread 0x000001d0e2347ef0 Uncommon trap: trap_request=0xffffff45 fr.pc=0x000001d0f19f7828 relative=0x00000000000000e8

Classes loaded (20 events):
Event: 2.369 Loading class jdk/internal/access/foreign/UnmapperProxy
Event: 2.369 Loading class jdk/internal/access/foreign/UnmapperProxy done
Event: 2.369 Loading class sun/nio/ch/FileChannelImpl$Unmapper done
Event: 2.369 Loading class sun/nio/ch/FileChannelImpl$DefaultUnmapper done
Event: 2.370 Loading class sun/nio/ch/IOStatus
Event: 2.370 Loading class sun/nio/ch/IOStatus done
Event: 2.370 Loading class sun/nio/ch/Util
Event: 2.370 Loading class sun/nio/ch/Util done
Event: 2.370 Loading class sun/nio/ch/Util$1
Event: 2.370 Loading class sun/nio/ch/Util$1 done
Event: 2.370 Loading class sun/nio/ch/Util$4
Event: 2.371 Loading class sun/nio/ch/Util$4 done
Event: 2.371 Loading class jdk/internal/access/foreign/MemorySegmentProxy
Event: 2.371 Loading class jdk/internal/access/foreign/MemorySegmentProxy done
Event: 2.395 Loading class jdk/internal/misc/ScopedMemoryAccess$Scope
Event: 2.395 Loading class jdk/internal/misc/ScopedMemoryAccess$Scope done
Event: 2.578 Loading class java/util/concurrent/TimeoutException
Event: 2.578 Loading class java/util/concurrent/TimeoutException done
Event: 2.578 Loading class java/util/concurrent/BlockingQueue
Event: 2.578 Loading class java/util/concurrent/BlockingQueue done

Classes unloaded (0 events):
No events

Classes redefined (0 events):
No events

Internal exceptions (20 events):
Event: 1.644 Thread 0x000001d0e2347ef0 Exception <a 'java/lang/NoSuchMethodError'{0x000000008bc64d30}: 'int java.lang.invoke.DirectMethodHandle$Holder.invokeSpecial(java.lang.Object, java.lang.Object, java.lang.Object, java.lang.Object)'> (0x000000008bc64d30) 
thrown [s\src\hotspot\share\interpreter\linkResolver.cpp, line 759]
Event: 1.647 Thread 0x000001d0e2347ef0 Exception <a 'java/lang/NoSuchMethodError'{0x000000008bc73cd0}: 'void java.lang.invoke.DelegatingMethodHandle$Holder.reinvoke_L(java.lang.Object, java.lang.Object, java.lang.Object, long, java.lang.Object, long, long)'> (0x000000008bc73cd0) 
thrown [s\src\hotspot\share\interpreter\linkResolver.cpp, line 759]
Event: 1.649 Thread 0x000001d0e2347ef0 Exception <a 'java/lang/NoSuchMethodError'{0x000000008bc7af70}: 'long java.lang.invoke.Invokers$Holder.invokeExact_MT(java.lang.Object, java.lang.Object, java.lang.Object)'> (0x000000008bc7af70) 
thrown [s\src\hotspot\share\interpreter\linkResolver.cpp, line 759]
Event: 1.650 Thread 0x000001d0e2347ef0 Exception <a 'java/lang/NoSuchMethodError'{0x000000008bc7f470}: 'int java.lang.invoke.Invokers$Holder.invokeExact_MT(java.lang.Object, java.lang.Object, java.lang.Object)'> (0x000000008bc7f470) 
thrown [s\src\hotspot\share\interpreter\linkResolver.cpp, line 759]
Event: 1.689 Thread 0x000001d0e2347ef0 Exception <a 'java/lang/NoSuchMethodError'{0x000000008bb68ed0}: 'int java.lang.invoke.DirectMethodHandle$Holder.invokeStaticInit(java.lang.Object, java.lang.Object, java.lang.Object)'> (0x000000008bb68ed0) 
thrown [s\src\hotspot\share\interpreter\linkResolver.cpp, line 759]
Event: 1.699 Thread 0x000001d0e2347ef0 Exception <a 'java/lang/NoSuchMethodError'{0x000000008bb99810}: 'int java.lang.invoke.DirectMethodHandle$Holder.invokeStaticInit(java.lang.Object, java.lang.Object)'> (0x000000008bb99810) 
thrown [s\src\hotspot\share\interpreter\linkResolver.cpp, line 759]
Event: 1.746 Thread 0x000001d0e2347ef0 Exception <a 'java/lang/NoSuchMethodError'{0x000000008ba5e958}: 'int java.lang.invoke.DirectMethodHandle$Holder.invokeStatic(java.lang.Object)'> (0x000000008ba5e958) 
thrown [s\src\hotspot\share\interpreter\linkResolver.cpp, line 759]
Event: 1.748 Thread 0x000001d0e2347ef0 Exception <a 'java/lang/NoSuchMethodError'{0x000000008ba62000}: 'int java.lang.invoke.DirectMethodHandle$Holder.invokeStaticInit(java.lang.Object)'> (0x000000008ba62000) 
thrown [s\src\hotspot\share\interpreter\linkResolver.cpp, line 759]
Event: 1.761 Thread 0x000001d0e2347ef0 Exception <a 'java/lang/NoSuchMethodError'{0x000000008ba8cb08}: 'java.lang.Object java.lang.invoke.DirectMethodHandle$Holder.invokeStatic(java.lang.Object, java.lang.Object, int, java.lang.Object, int)'> (0x000000008ba8cb08) 
thrown [s\src\hotspot\share\interpreter\linkResolver.cpp, line 759]
Event: 1.763 Thread 0x000001d0e2347ef0 Exception <a 'java/lang/NoSuchMethodError'{0x000000008ba93e38}: 'java.lang.Object java.lang.invoke.DirectMethodHandle$Holder.newInvokeSpecial(java.lang.Object, java.lang.Object, int)'> (0x000000008ba93e38) 
thrown [s\src\hotspot\share\interpreter\linkResolver.cpp, line 759]
Event: 1.776 Thread 0x000001d0e2347ef0 Exception <a 'java/lang/NoSuchMethodError'{0x000000008bac5980}: 'void java.lang.invoke.DirectMethodHandle$Holder.invokeSpecial(java.lang.Object, java.lang.Object, java.lang.Object)'> (0x000000008bac5980) 
thrown [s\src\hotspot\share\interpreter\linkResolver.cpp, line 759]
Event: 2.043 Thread 0x000001d0e2347ef0 Exception <a 'java/lang/NoSuchMethodError'{0x000000008b356148}: 'java.lang.Object java.lang.invoke.DirectMethodHandle$Holder.invokeInterface(java.lang.Object, java.lang.Object)'> (0x000000008b356148) 
thrown [s\src\hotspot\share\interpreter\linkResolver.cpp, line 759]
Event: 2.117 Thread 0x000001d0e2347ef0 Exception <a 'java/lang/NoSuchMethodError'{0x000000008b1dd1d0}: 'void java.lang.invoke.DirectMethodHandle$Holder.invokeStaticInit(java.lang.Object, java.lang.Object)'> (0x000000008b1dd1d0) 
thrown [s\src\hotspot\share\interpreter\linkResolver.cpp, line 759]
Event: 2.198 Thread 0x000001d0e2347ef0 Exception <a 'java/lang/NoSuchMethodError'{0x000000008afd3ea8}: 'int java.lang.invoke.DirectMethodHandle$Holder.invokeVirtual(java.lang.Object, java.lang.Object, java.lang.Object)'> (0x000000008afd3ea8) 
thrown [s\src\hotspot\share\interpreter\linkResolver.cpp, line 759]
Event: 2.329 Thread 0x000001d0e2347ef0 Exception <a 'java/lang/NoSuchMethodError'{0x000000008ab13cb8}: 'void java.lang.invoke.DirectMethodHandle$Holder.invokeVirtual(java.lang.Object, java.lang.Object)'> (0x000000008ab13cb8) 
thrown [s\src\hotspot\share\interpreter\linkResolver.cpp, line 759]
Event: 2.352 Thread 0x000001d0e2347ef0 Exception <a 'java/lang/NoSuchMethodError'{0x000000008ab9c4f8}: 'java.lang.Object java.lang.invoke.DirectMethodHandle$Holder.invokeStatic(java.lang.Object, java.lang.Object, long, long)'> (0x000000008ab9c4f8) 
thrown [s\src\hotspot\share\interpreter\linkResolver.cpp, line 759]
Event: 2.363 Thread 0x000001d0e2347ef0 Exception <a 'java/lang/NoSuchMethodError'{0x000000008abc1e68}: 'java.lang.Object java.lang.invoke.Invokers$Holder.invoke_MT(java.lang.Object, java.lang.Object, java.lang.Object)'> (0x000000008abc1e68) 
thrown [s\src\hotspot\share\interpreter\linkResolver.cpp, line 759]
Event: 2.373 Thread 0x000001d0e2347ef0 Exception <a 'java/lang/NoSuchMethodError'{0x000000008abd31c0}: 'java.lang.Object java.lang.invoke.DirectMethodHandle$Holder.invokeStatic(java.lang.Object, java.lang.Object, java.lang.Object, long, java.lang.Object)'> (0x000000008abd31c0) 
thrown [s\src\hotspot\share\interpreter\linkResolver.cpp, line 759]
Event: 2.374 Thread 0x000001d0e2347ef0 Exception <a 'java/lang/NoSuchMethodError'{0x000000008abdb238}: 'java.lang.Object java.lang.invoke.DirectMethodHandle$Holder.newInvokeSpecial(java.lang.Object, java.lang.Object, java.lang.Object, long)'> (0x000000008abdb238) 
thrown [s\src\hotspot\share\interpreter\linkResolver.cpp, line 759]
Event: 2.583 Thread 0x000001d0e2347ef0 Implicit null exception at 0x000001d0f19f0138 to 0x000001d0f19f04cc

VM Operations (11 events):
Event: 0.437 Executing VM operation: HandshakeAllThreads
Event: 0.438 Executing VM operation: HandshakeAllThreads done
Event: 0.866 Executing VM operation: HandshakeAllThreads
Event: 0.866 Executing VM operation: HandshakeAllThreads done
Event: 1.057 Executing VM operation: HandshakeAllThreads
Event: 1.057 Executing VM operation: HandshakeAllThreads done
Event: 1.430 Executing VM operation: G1CollectForAllocation
Event: 1.525 Executing VM operation: G1CollectForAllocation done
Event: 2.537 Executing VM operation: Cleanup
Event: 2.553 Executing VM operation: Cleanup done
Event: 3.564 Executing VM operation: Cleanup

Memory protections (0 events):
No events

Nmethod flushes (0 events):
No events

Events (16 events):
Event: 0.124 Thread 0x000001d0e2347ef0 Thread added: 0x000001d0e2347ef0
Event: 0.306 Thread 0x000001d0e2347ef0 Thread added: 0x000001d080a3a1a0
Event: 0.306 Thread 0x000001d0e2347ef0 Thread added: 0x000001d080a3b6d0
Event: 0.326 Thread 0x000001d0e2347ef0 Thread added: 0x000001d080a569b0
Event: 0.327 Thread 0x000001d0e2347ef0 Thread added: 0x000001d080a57370
Event: 0.327 Thread 0x000001d0e2347ef0 Thread added: 0x000001d080a57d30
Event: 0.327 Thread 0x000001d0e2347ef0 Thread added: 0x000001d080a586f0
Event: 0.327 Thread 0x000001d0e2347ef0 Thread added: 0x000001d080a59490
Event: 0.328 Thread 0x000001d0e2347ef0 Thread added: 0x000001d080a5d870
Event: 0.329 Thread 0x000001d0e2347ef0 Thread added: 0x000001d080a624b0
Event: 0.378 Thread 0x000001d0e2347ef0 Thread added: 0x000001d080bb4850
Event: 0.382 Thread 0x000001d0e2347ef0 Thread added: 0x000001d080bc7420
Event: 0.427 Thread 0x000001d080a59490 Thread added: 0x000001d080c589b0
Event: 1.526 Thread 0x000001d080c589b0 Thread exited: 0x000001d080c589b0
Event: 2.402 Thread 0x000001d080a5d870 Thread added: 0x000001d0c654f440
Event: 2.403 Thread 0x000001d080a5d870 Thread added: 0x000001d0c66aaa30


Dynamic libraries:
0x00007ff72dc70000 - 0x00007ff72dc7e000 	C:\Program Files\Microsoft\jdk-17.0.18.8-hotspot\bin\java.exe
0x00007ff994d20000 - 0x00007ff994f87000 	C:\WINDOWS\SYSTEM32\ntdll.dll
0x00007ff993ff0000 - 0x00007ff9940b9000 	C:\WINDOWS\System32\KERNEL32.DLL
0x00007ff9925c0000 - 0x00007ff9929b4000 	C:\WINDOWS\System32\KERNELBASE.dll
0x00007ff992470000 - 0x00007ff9925bb000 	C:\WINDOWS\System32\ucrtbase.dll
0x00007ff9870f0000 - 0x00007ff987108000 	C:\Program Files\Microsoft\jdk-17.0.18.8-hotspot\bin\jli.dll
0x00007ff9870d0000 - 0x00007ff9870ee000 	C:\Program Files\Microsoft\jdk-17.0.18.8-hotspot\bin\VCRUNTIME140.dll
0x00007ff992f50000 - 0x00007ff993115000 	C:\WINDOWS\System32\USER32.dll
0x00007ff992a80000 - 0x00007ff992aa7000 	C:\WINDOWS\System32\win32u.dll
0x00007ff994a60000 - 0x00007ff994a8b000 	C:\WINDOWS\System32\GDI32.dll
0x00007ff991990000 - 0x00007ff991abb000 	C:\WINDOWS\System32\gdi32full.dll
0x00007ff9918e0000 - 0x00007ff991983000 	C:\WINDOWS\System32\msvcp_win.dll
0x00007ff978cc0000 - 0x00007ff978f53000 	C:\WINDOWS\WinSxS\amd64_microsoft.windows.common-controls_6595b64144ccf1df_6.0.26100.8115_none_3e075c82e3354f9c\COMCTL32.dll
0x00007ff9931b0000 - 0x00007ff993259000 	C:\WINDOWS\System32\msvcrt.dll
0x00007ff993260000 - 0x00007ff993292000 	C:\WINDOWS\System32\IMM32.DLL
0x00007ff9870c0000 - 0x00007ff9870cc000 	C:\Program Files\Microsoft\jdk-17.0.18.8-hotspot\bin\vcruntime140_1.dll
0x00007ff95af90000 - 0x00007ff95b019000 	C:\Program Files\Microsoft\jdk-17.0.18.8-hotspot\bin\msvcp140.dll
0x00007ff93b1f0000 - 0x00007ff93be6a000 	C:\Program Files\Microsoft\jdk-17.0.18.8-hotspot\bin\server\jvm.dll
0x00007ff993890000 - 0x00007ff993946000 	C:\WINDOWS\System32\ADVAPI32.dll
0x00007ff993a50000 - 0x00007ff993af7000 	C:\WINDOWS\System32\sechost.dll
0x00007ff9941d0000 - 0x00007ff9942e8000 	C:\WINDOWS\System32\RPCRT4.dll
0x00007ff992eb0000 - 0x00007ff992f30000 	C:\WINDOWS\System32\WS2_32.dll
0x00007ff991470000 - 0x00007ff9914ce000 	C:\WINDOWS\SYSTEM32\POWRPROF.dll
0x00007ff983d70000 - 0x00007ff983da6000 	C:\WINDOWS\SYSTEM32\WINMM.dll
0x00007ff987c50000 - 0x00007ff987c5b000 	C:\WINDOWS\SYSTEM32\VERSION.dll
0x00007ff991450000 - 0x00007ff991464000 	C:\WINDOWS\SYSTEM32\UMPDC.dll
0x00007ff990380000 - 0x00007ff99039b000 	C:\WINDOWS\SYSTEM32\kernel.appcore.dll
0x00007ff986c10000 - 0x00007ff986c1a000 	C:\Program Files\Microsoft\jdk-17.0.18.8-hotspot\bin\jimage.dll
0x00007ff98f570000 - 0x00007ff98f7b2000 	C:\WINDOWS\SYSTEM32\DBGHELP.DLL
0x00007ff993480000 - 0x00007ff993802000 	C:\WINDOWS\System32\combase.dll
0x00007ff9940e0000 - 0x00007ff9941b8000 	C:\WINDOWS\System32\OLEAUT32.dll
0x00007ff97a3e0000 - 0x00007ff97a41b000 	C:\WINDOWS\SYSTEM32\dbgcore.DLL
0x00007ff991b50000 - 0x00007ff991bf5000 	C:\WINDOWS\System32\bcryptPrimitives.dll
0x00007ff953140000 - 0x00007ff953166000 	C:\Program Files\Microsoft\jdk-17.0.18.8-hotspot\bin\java.dll
0x00007ff953000000 - 0x00007ff9530d6000 	C:\Program Files\Microsoft\jdk-17.0.18.8-hotspot\bin\jsvml.dll
0x00007ff9942f0000 - 0x00007ff994a57000 	C:\WINDOWS\System32\SHELL32.dll
0x00007ff991770000 - 0x00007ff9918da000 	C:\WINDOWS\System32\wintypes.dll
0x00007ff991c00000 - 0x00007ff992468000 	C:\WINDOWS\System32\windows.storage.dll
0x00007ff993380000 - 0x00007ff993478000 	C:\WINDOWS\System32\SHCORE.dll
0x00007ff994a90000 - 0x00007ff994af6000 	C:\WINDOWS\System32\shlwapi.dll
0x00007ff991510000 - 0x00007ff991539000 	C:\WINDOWS\SYSTEM32\profapi.dll
0x00007ff95d8f0000 - 0x00007ff95d90b000 	C:\Program Files\Microsoft\jdk-17.0.18.8-hotspot\bin\net.dll
0x00007ff987b20000 - 0x00007ff987c4d000 	C:\WINDOWS\SYSTEM32\WINHTTP.dll
0x00007ff9908f0000 - 0x00007ff99095c000 	C:\WINDOWS\system32\mswsock.dll
0x00007ff952da0000 - 0x00007ff952db6000 	C:\Program Files\Microsoft\jdk-17.0.18.8-hotspot\bin\nio.dll
0x00007ff952d80000 - 0x00007ff952d98000 	C:\Program Files\Microsoft\jdk-17.0.18.8-hotspot\bin\zip.dll

dbghelp: loaded successfully - version: 4.0.5 - missing functions: none
symbol engine: initialized successfully - sym options: 0x614 - pdb path: .;C:\Program Files\Microsoft\jdk-17.0.18.8-hotspot\bin;C:\WINDOWS\SYSTEM32;C:\WINDOWS\WinSxS\amd64_microsoft.windows.common-controls_6595b64144ccf1df_6.0.26100.8115_none_3e075c82e3354f9c;C:\Program Files\Microsoft\jdk-17.0.18.8-hotspot\bin\server

VM Arguments:
java_command: org.jetbrains.kotlin.cli.jvm.K2JVMCompiler @D:\sybrid\TaskManagementApp\node_modules\react-native-safe-area-context\android\build\20260507_11936783317803202283.compiler.options
java_class_path (initial): C:\Users\PMLS\.gradle\caches\modules-2\files-2.1\org.jetbrains.kotlin\kotlin-compiler-embeddable\2.1.20\4ef56b3316798316bfac7a0ae443391c9e900ea1\kotlin-compiler-embeddable-2.1.20.jar;C:\Users\PMLS\.gradle\caches\modules-2\files-2.1\org.jetbrains.kotlin\kotlin-stdlib\2.1.20\aa8ca79cd50578314f6d1180c47cbe14c0fee567\kotlin-stdlib-2.1.20.jar;C:\Users\PMLS\.gradle\caches\modules-2\files-2.1\org.jetbrains.kotlin\kotlin-script-runtime\2.1.20\f7c623d7f7bdb01f5ccd6b437bc0a937fcd7c57e\kotlin-script-runtime-2.1.20.jar;C:\Users\PMLS\.gradle\caches\modules-2\files-2.1\org.jetbrains.kotlin\kotlin-reflect\1.6.10\1cbe9c92c12a94eea200d23c2bbaedaf3daf5132\kotlin-reflect-1.6.10.jar;C:\Users\PMLS\.gradle\caches\modules-2\files-2.1\org.jetbrains.kotlin\kotlin-daemon-embeddable\2.1.20\95670fce77befd02a70a0bc3abe8ee4533521334\kotlin-daemon-embeddable-2.1.20.jar;C:\Users\PMLS\.gradle\caches\modules-2\files-2.1\org.jetbrains.intellij.deps\trove4j\1.0.20200330\3afb14d5f9ceb459d724e907a21145e8ff394f02\trove4j-1.0.20200330.jar;C:\Users\PMLS\.gradle\caches\modules-2\files-2.1\org.jetbrains.kotlinx\kotlinx-coroutines-core-jvm\1.8.0\ac1dc37a30a93150b704022f8d895ee1bd3a36b3\kotlinx-coroutines-core-jvm-1.8.0.jar;C:\Users\PMLS\.gradle\caches\modules-2\files-2.1\org.jetbrains\annotations\13.0\919f0dfe192fb4e063e7dacadee7f8bb9a2672a9\annotations-13.0.jar
Launcher Type: SUN_STANDARD

[Global flags]
     intx CICompilerCount                          = 4                                         {product} {ergonomic}
     uint ConcGCThreads                            = 3                                         {product} {ergonomic}
     uint G1ConcRefinementThreads                  = 10                                        {product} {ergonomic}
   size_t G1HeapRegionSize                         = 1048576                                   {product} {ergonomic}
    uintx GCDrainStackTargetSize                   = 64                                        {product} {ergonomic}
   size_t InitialHeapSize                          = 130023424                                 {product} {ergonomic}
   size_t MarkStackSize                            = 4194304                                   {product} {ergonomic}
   size_t MaxHeapSize                              = 2076180480                                {product} {ergonomic}
   size_t MaxNewSize                               = 1245708288                                {product} {ergonomic}
   size_t MinHeapDeltaBytes                        = 1048576                                   {product} {ergonomic}
   size_t MinHeapSize                              = 8388608                                   {product} {ergonomic}
    uintx NonNMethodCodeHeapSize                   = 5839372                                {pd product} {ergonomic}
    uintx NonProfiledCodeHeapSize                  = 122909434                              {pd product} {ergonomic}
    uintx ProfiledCodeHeapSize                     = 122909434                              {pd product} {ergonomic}
    uintx ReservedCodeCacheSize                    = 251658240                              {pd product} {ergonomic}
     bool SegmentedCodeCache                       = true                                      {product} {ergonomic}
   size_t SoftMaxHeapSize                          = 2076180480                             {manageable} {ergonomic}
     bool UseCompressedClassPointers               = true                           {product lp64_product} {ergonomic}
     bool UseCompressedOops                        = true                           {product lp64_product} {ergonomic}
     bool UseG1GC                                  = true                                      {product} {ergonomic}
     bool UseLargePagesIndividualAllocation        = false                                  {pd product} {ergonomic}

Logging:
Log output configuration:
 #0: stdout all=warning uptime,level,tags
 #1: stderr all=off uptime,level,tags

Environment Variables:
JAVA_HOME=C:\Program Files\Microsoft\jdk-17.0.18.8-hotspot\
PATH=D:\sybrid\TaskManagementApp\node_modules\.bin;D:\sybrid\node_modules\.bin;D:\node_modules\.bin;C:\Program Files\nodejs\node_modules\npm\node_modules\@npmcli\run-script\lib\node-gyp-bin;C:\Program Files\WindowsApps\Microsoft.PowerShell_7.6.1.0_x64__8wekyb3d8bbwe;C:\Users\PMLS\AppData\Local\Programs\Microsoft VS Code;C:\Program Files\Microsoft\jdk-17.0.18.8-hotspot\bin;C:\Program Files\Eclipse Adoptium\jdk-17.0.16.8-hotspot\bin;C:\WINDOWS\system32;C:\WINDOWS;C:\WINDOWS\System32\Wbem;C:\WINDOWS\System32\WindowsPowerShell\v1.0\;C:\WINDOWS\System32\OpenSSH\;C:\Program Files\Git\cmd;C:\ProgramData\chocolatey\bin;C:\Program Files\nodejs\;C:\Program Files\Android\Android Studio;C:\Users\PMLS\AppData\Local\Android\Sdk\platform-tools;C:\Users\PMLS\AppData\Local\Microsoft\WindowsApps;C:\Users\PMLS\AppData\Local\Programs\Microsoft VS Code\bin;D:\New folder\flutter\bin;C:\Users\PMLS\AppData\Roaming\npm
USERNAME=PMYLS
LANG=en_US.UTF-8
OS=Windows_NT
PROCESSOR_IDENTIFIER=Intel64 Family 6 Model 154 Stepping 4, GenuineIntel
TMP=C:\Users\PMLS\AppData\Local\Temp
TEMP=C:\Users\PMLS\AppData\Local\Temp



Periodic native trim disabled


---------------  S Y S T E M  ---------------

OS:
 Windows 11 , 64 bit Build 26100 (10.0.26100.8246)
OS uptime: 7 days 3:14 hours

CPU: total 12 (initial active 12) (12 cores per cpu, 1 threads per core) family 6 model 154 stepping 4 microcode 0x424, cx8, cmov, fxsr, mmx, 3dnowpref, sse, sse2, sse3, ssse3, sse4.1, sse4.2, popcnt, lzcnt, tsc, tscinvbit, avx, avx2, aes, erms, clmul, bmi1, bmi2, adx, sha, fma, vzeroupper, clflush, clflushopt, clwb
Processor Information for processor 0
  Max Mhz: 1300, Current Mhz: 1300, Mhz Limit: 1300
Processor Information for processor 1
  Max Mhz: 1300, Current Mhz: 1300, Mhz Limit: 1300
Processor Information for processor 2
  Max Mhz: 1300, Current Mhz: 1300, Mhz Limit: 1300
Processor Information for processor 3
  Max Mhz: 1300, Current Mhz: 1300, Mhz Limit: 1300
Processor Information for processor 4
  Max Mhz: 900, Current Mhz: 900, Mhz Limit: 900
Processor Information for processor 5
  Max Mhz: 900, Current Mhz: 900, Mhz Limit: 900
Processor Information for processor 6
  Max Mhz: 900, Current Mhz: 900, Mhz Limit: 900
Processor Information for processor 7
  Max Mhz: 900, Current Mhz: 900, Mhz Limit: 900
Processor Information for processor 8
  Max Mhz: 900, Current Mhz: 900, Mhz Limit: 900
Processor Information for processor 9
  Max Mhz: 900, Current Mhz: 900, Mhz Limit: 900
Processor Information for processor 10
  Max Mhz: 900, Current Mhz: 900, Mhz Limit: 900
Processor Information for processor 11
  Max Mhz: 900, Current Mhz: 900, Mhz Limit: 900

Memory: 4k page, system-wide physical 7916M (785M free)
TotalPageFile size 20416M (AvailPageFile size 280M)
current process WorkingSet (physical memory assigned to process): 107M, peak: 107M
current process commit charge ("private bytes"): 242M, peak: 242M

vm_info: OpenJDK 64-Bit Server VM (17.0.18+8-LTS) for windows-amd64 JRE (17.0.18+8-LTS), built on Jan 15 2026 18:50:45 by "MicrosoftCorporation" with MS VC++ 17.14 (VS2022)

END.
